
#########################################################################################

Summary :

Minimum voltage in the 69 bus system is at bus no : 27	Voltage magnitude is : 0.988858

Real Power Loss = 0.197289 MW

Reactive Power Loss =  0.082231 MVAr


-----------------------------------------------------------------------------------------
			Newton Raphson Loadflow Results		
-----------------------------------------------------------------------------------------

| Bus |      V      |   Angle  |     Injection Power      |          Load      |
| No  |      pu     |  Degrees |    MW      |      MVar   |     KW     |  KVar |

-----------------------------------------------------------------------------------------

   1	1.000000    0.000000	0.000000    -0.000000   0.000   0.000
   2	1.000000    0.000000	-0.021302    0.008876   0.000   0.000
   3	1.000000    0.000011	-0.016584    0.006888   0.000   0.000
   4	1.000007    0.000371	-0.005375    0.002362   0.000   0.000
   5	1.000335    0.006162	-0.000311    0.000286   0.000   0.000
   6	1.003971    -0.013540	-0.002633    -0.002137   2.600   2.200
   7	1.007765    -0.034158	-0.040483    -0.029885   40.400   30.000
   8	1.008715    -0.039431	-0.075259    -0.053595   75.000   54.000
   9	1.009273    -0.042676	-0.030166    -0.021712   30.000   22.000
  10	1.004438    0.030664	-0.028030    -0.018880   28.000   19.000
  11	1.003373    0.046779	-0.145051    -0.103603   145.000   104.000
  12	1.000316    0.092020	-0.145017    -0.103483   145.000   104.000
  13	0.997488    0.131537	-0.008009    -0.004937   8.000   5.000
  14	0.994684    0.170678	-0.008008    -0.005427   8.000   5.500
  15	0.991907    0.209283	-0.000026    0.000080   0.000   0.000
  16	0.991391    0.216459	-0.045534    -0.029549   45.500   30.000
  17	0.990539    0.228147	-0.060967    -0.031667   60.000   35.000
  18	0.990531    0.228270	-0.060969    -0.031662   60.000   35.000
  19	0.990081    0.235730	-0.000034    0.000104   0.000   0.000
  20	0.989793    0.240574	-0.001033    -0.000489   1.000   0.600
  21	0.989326    0.248350	-0.114324    -0.079010   114.000   81.000
  22	0.989320    0.248459	-0.005338    -0.002423   5.000   3.500
  23	0.989250    0.249649	-0.000040    0.000122   0.000   0.000
  24	0.989099    0.252256	-0.028018    -0.019694   28.000   20.000
  25	0.988935    0.255046	-0.000020    0.000061   0.000   0.000
  26	0.988867    0.256204	-0.014039    -0.009753   14.000   10.000
  27	0.988848    0.256530	-0.014025    -0.009796   14.000   10.000
  28	0.999993    -0.000248	-0.027273    -0.018081   26.000   18.600
  29	0.999922    -0.002878	-0.026089    -0.018531   26.000   18.600
  30	0.999801    -0.000841	-0.000075    0.000227   0.000   0.000
  31	0.999779    -0.000475	-0.000076    0.000231   0.000   0.000
  32	0.999673    0.001386	-0.000018    0.000055   0.000   0.000
  33	0.999416    0.005792	-0.014008    -0.009973   14.000   10.000
  34	0.999081    0.011619	-0.019506    -0.013975   19.500   14.000
  35	0.999014    0.012677	-0.006003    -0.003988   6.000   4.000
  36	0.999987    -0.000647	-0.027273    -0.018032   26.000   18.550
  37	0.999825    -0.009055	-0.026152    -0.018463   26.000   18.550
  38	0.999665    -0.013452	-0.000314    0.000269   0.000   0.000
  39	0.999619    -0.014714	-0.028358    -0.013279   24.000   17.000
  40	0.999617    -0.014776	-0.028125    -0.013479   24.000   17.000
  41	0.998909    -0.034813	-0.001234    -0.000972   1.200   1.000
  42	0.998613    -0.043293	-0.000204    0.000175   0.000   0.000
  43	0.998574    -0.044405	-0.006972    -0.003528   6.000   4.300
  44	0.998565    -0.044669	-0.000858    0.000679   0.000   0.000
  45	0.998466    -0.047725	-0.047262    -0.020344   39.220   26.300
  46	0.998466    -0.047739	-0.047196    -0.020397   39.220   26.300
  47	0.999957    -0.001447	-0.001596    0.000646   0.000   0.000
  48	0.998711    -0.046224	-0.079080    -0.056495   79.000   56.400
  49	0.994862    -0.184427	-0.384781    -0.276951   384.700   274.500
  50	0.994316    -0.204022	-0.384763    -0.277223   384.700   274.500
  51	1.008681    -0.039158	-0.040580    -0.028183   40.500   28.300
  52	1.008672    -0.038987	-0.003614    -0.002664   3.600   2.700
  53	1.012410    -0.061446	-0.004416    -0.003379   4.350   3.500
  54	1.016078    -0.083399	-0.026453    -0.018971   26.400   19.000
  55	1.021275    -0.114728	-0.024045    -0.017206   24.000   17.200
  56	1.026476    -0.146161	-0.000021    0.000063   0.000   0.000
  57	1.053381    -0.543694	0.000002    0.000049   0.000   0.000
  58	1.066642    -0.739668	4.082198    2.809111   0.000   0.000
  59	1.062947    -0.672030	-0.100009    -0.074119   100.000   72.000
  60	1.058608    -0.585871	-0.000016    0.000085   0.000   0.000
  61	1.052204    -0.527719	-1.244033    -0.909412   1244.000   888.000
  62	1.051954    -0.525457	-0.032114    -0.023328   32.000   23.000
  63	1.051618    -0.522420	-0.000055    0.000108   0.000   0.000
  64	1.049974    -0.507533	-0.227007    -0.165762   227.000   162.000
  65	1.049478    -0.503064	-0.059004    -0.042965   59.000   42.000
  66	1.003318    0.047390	-0.018900    -0.009949   18.000   13.000
  67	1.003318    0.047397	-0.018879    -0.010018   18.000   13.000
  68	0.999996    0.095982	-0.028980    -0.017024   28.000   20.000
  69	0.999995    0.095995	-0.028974    -0.017043   28.000   20.000
-----------------------------------------------------------------------------------------
Total				0.197289    0.149036      3801.890      2694.100
-----------------------------------------------------------------------------------------

-----------------------------------------------------------------------------------------
			Line Flow Result		
-----------------------------------------------------------------------------------------
| From Bus | To Bus |    P (MW)    |    Q (MVAr)     |
-----------------------------------------------------------------------------------------
      1	    2		0.000000	-0.000000j	
      2	    1		-0.000000	0.000000j	
      2	    3		0.021302	-0.008876j	
      3	    2		-0.021302	0.008876j	
      3	    4		0.345059	0.155651j	
      3	   28		-0.093087	-0.064066j	
      3	   36		-0.214086	-0.107349j	
      4	    3		-0.345060	-0.155654j	
      4	    5		1.203010	0.763718j	
      4	   47		-0.852575	-0.610426j	
      5	    4		-1.203328	-0.764090j	
      5	    6		1.203638	0.763805j	
      6	    5		-1.208276	-0.766166j	
      6	    7		1.210908	0.768302j	
      7	    6		-1.215760	-0.770773j	
      7	    8		1.256243	0.800610j	
      8	    7		-1.257500	-0.801251j	
      8	    9		1.376954	0.885531j	
      8	   51		-0.044196	-0.030788j	
      9	    8		-1.377765	-0.885943j	
      9	   10		-0.785858	-0.511861j	
      9	   53		2.193789	1.419471j	
     10	    9		0.781446	0.510402j	
     10	   11		-0.753416	-0.491492j	
     11	   10		0.752479	0.491182j	
     11	   12		-0.569647	-0.367313j	
     11	   66		-0.037781	-0.020030j	
     12	   11		0.567622	0.366643j	
     12	   13		-0.364631	-0.228425j	
     12	   68		-0.057974	-0.034269j	
     13	   12		0.363442	0.228033j	
     13	   14		-0.355433	-0.223059j	
     14	   13		0.354280	0.222678j	
     14	   15		-0.346272	-0.217203j	
     15	   14		0.345157	0.216835j	
     15	   16		-0.345131	-0.216915j	
     16	   15		0.344924	0.216846j	
     16	   17		-0.299389	-0.186950j	
     17	   16		0.299093	0.186852j	
     17	   18		-0.238126	-0.154693j	
     18	   17		0.238124	0.154693j	
     18	   19		-0.177155	-0.122539j	
     19	   18		0.177059	0.122507j	
     19	   20		-0.177025	-0.122611j	
     20	   19		0.176963	0.122590j	
     20	   21		-0.175929	-0.122092j	
     21	   20		0.175829	0.122059j	
     21	   22		-0.061506	-0.042045j	
     22	   21		0.061505	0.042045j	
     22	   23		-0.056167	-0.039574j	
     23	   22		0.056162	0.039573j	
     23	   24		-0.056122	-0.039694j	
     24	   23		0.056111	0.039691j	
     24	   25		-0.028093	-0.019747j	
     25	   24		0.028087	0.019745j	
     25	   26		-0.028067	-0.019805j	
     26	   25		0.028065	0.019805j	
     26	   27		-0.014026	-0.009924j	
     27	   26		0.014025	0.009924j	
     28	    3		0.093086	0.064065j	
     28	   29		-0.065813	-0.045984j	
     29	   28		0.065811	0.045978j	
     29	   30		-0.039721	-0.027449j	
     30	   29		0.039715	0.027447j	
     30	   31		-0.039640	-0.027674j	
     31	   30		0.039639	0.027674j	
     31	   32		-0.039563	-0.027905j	
     32	   31		0.039558	0.027903j	
     32	   33		-0.039540	-0.027958j	
     33	   32		0.039528	0.027953j	
     33	   34		-0.025520	-0.017977j	
     34	   33		0.025509	0.017974j	
     34	   35		-0.006004	-0.003991j	
     35	   34		0.006003	0.003991j	
     36	    3		0.214084	0.107345j	
     36	   37		-0.186811	-0.089314j	
     37	   36		0.186794	0.089272j	
     37	   38		-0.160642	-0.070817j	
     38	   37		0.160622	0.070793j	
     38	   39		-0.160308	-0.071062j	
     39	   38		0.160302	0.071055j	
     39	   40		-0.131944	-0.057790j	
     40	   39		0.131944	0.057790j	
     40	   41		-0.103819	-0.044326j	
     41	   40		0.103761	0.044258j	
     41	   42		-0.102527	-0.043287j	
     42	   41		0.102503	0.043259j	
     42	   43		-0.102299	-0.043434j	
     43	   42		0.102296	0.043430j	
     43	   44		-0.095324	-0.039913j	
     44	   43		0.095324	0.039912j	
     44	   45		-0.094465	-0.040593j	
     45	   44		0.094458	0.040584j	
     45	   46		-0.047196	-0.020318j	
     46	   45		0.047196	0.020318j	
     47	    4		0.852552	0.610368j	
     47	   48		-0.850956	-0.611014j	
     48	   47		0.850373	0.609588j	
     48	   49		-0.771293	-0.553221j	
     49	   48		0.769660	0.549224j	
     49	   50		-0.384879	-0.274758j	
     50	   49		0.384763	0.274474j	
     51	    8		0.044194	0.030787j	
     51	   52		-0.003614	-0.002659j	
     52	   51		0.003614	0.002659j	
     53	    9		-2.201066	-1.423176j	
     53	   54		2.205482	1.426546j	
     54	   53		-2.214008	-1.430888j	
     54	   55		2.240460	1.449784j	
     55	   54		-2.252692	-1.456012j	
     55	   56		2.276737	1.473123j	
     56	   55		-2.289111	-1.479427j	
     56	   57		2.289132	1.479363j	
     57	   56		-2.359074	-1.502840j	
     57	   58		2.359071	1.502791j	
     58	   57		-2.393545	-1.514360j	
     58	   59		-1.688653	-1.196745j	
     59	   58		1.681508	1.194382j	
     59	   60		-1.581500	-1.122452j	
     60	   59		1.573482	1.120018j	
     60	   61		-1.573465	-1.120103j	
     61	   60		1.562926	1.114735j	
     61	   62		-0.318893	-0.226964j	
     62	   61		0.318809	0.226921j	
     62	   63		-0.286695	-0.204149j	
     63	   62		0.286594	0.204098j	
     63	   64		-0.286538	-0.204207j	
     64	   63		0.286042	0.203954j	
     64	   65		-0.059035	-0.041999j	
     65	   64		0.059004	0.041984j	
     66	   11		0.037779	0.020029j	
     66	   67		-0.018879	-0.010049j	
     67	   66		0.018879	0.010049j	
     68	   12		0.057953	0.034262j	
     68	   69		-0.028974	-0.017140j	
     69	   68		0.028974	0.017140j	
-----------------------------------------------------------------------------------------

-----------------------------------------------------------------------------------------
			Line Loss 		
-----------------------------------------------------------------------------------------
| From Bus | To Bus |    P (MW)    |    Q (MVAr)     |
-----------------------------------------------------------------------------------------
    2	    1		0.000000	0.000000	
    3	    2		-0.000000	-0.000000	
    4	    3		-0.000001	-0.000003	
    5	    4		-0.000318	-0.000372	
    6	    5		-0.004637	-0.002362	
    7	    6		-0.004852	-0.002471	
    8	    7		-0.001257	-0.000641	
    9	    8		-0.000810	-0.000413	
   10	    9		-0.004412	-0.001458	
   11	   10		-0.000937	-0.000310	
   12	   11		-0.002025	-0.000669	
   13	   12		-0.001189	-0.000392	
   14	   13		-0.001153	-0.000381	
   15	   14		-0.001115	-0.000368	
   16	   15		-0.000207	-0.000068	
   17	   16		-0.000296	-0.000098	
   18	   17		-0.000002	-0.000001	
   19	   18		-0.000097	-0.000032	
   20	   19		-0.000062	-0.000020	
   21	   20		-0.000100	-0.000033	
   22	   21		-0.000000	-0.000000	
   23	   22		-0.000005	-0.000002	
   24	   23		-0.000010	-0.000003	
   25	   24		-0.000006	-0.000002	
   26	   25		-0.000002	-0.000001	
   27	   26		-0.000000	-0.000000	
   28	    3		-0.000000	-0.000001	
   29	   28		-0.000003	-0.000006	
   30	   29		-0.000006	-0.000002	
   31	   30		-0.000001	-0.000000	
   32	   31		-0.000005	-0.000002	
   33	   32		-0.000012	-0.000004	
   34	   33		-0.000010	-0.000003	
   35	   34		-0.000000	-0.000000	
   36	    3		-0.000002	-0.000004	
   37	   36		-0.000017	-0.000042	
   38	   37		-0.000020	-0.000024	
   39	   38		-0.000006	-0.000007	
   40	   39		-0.000000	-0.000000	
   41	   40		-0.000058	-0.000068	
   42	   41		-0.000024	-0.000028	
   43	   42		-0.000003	-0.000004	
   44	   43		-0.000001	-0.000001	
   45	   44		-0.000007	-0.000009	
   46	   45		-0.000000	-0.000000	
   47	    4		-0.000023	-0.000058	
   48	   47		-0.000583	-0.001426	
   49	   48		-0.001633	-0.003996	
   50	   49		-0.000116	-0.000283	
   51	    8		-0.000002	-0.000001	
   52	   51		-0.000000	-0.000000	
   53	    9		-0.007277	-0.003705	
   54	   53		-0.008525	-0.004342	
   55	   54		-0.012231	-0.006228	
   56	   55		-0.012374	-0.006304	
   57	   56		-0.069942	-0.023477	
   58	   57		-0.034473	-0.011569	
   58	   59		-0.007145	-0.002363	
   59	   60		-0.008018	-0.002434	
   60	   61		-0.010539	-0.005368	
   61	   62		-0.000084	-0.000043	
   62	   63		-0.000101	-0.000052	
   63	   64		-0.000496	-0.000253	
   64	   65		-0.000031	-0.000016	
   11	   66		-0.000002	-0.000001	
   66	   67		-0.000000	-0.000000	
   12	   68		-0.000021	-0.000007	
   68	   69		-0.000000	-0.000000	
   11	   43		0.000000	0.000000	
   13	   21		0.000000	0.000000	
   15	   46		0.000000	0.000000	
   50	   59		0.000000	0.000000	
   27	   65		0.000000	0.000000	
-----------------------------------------------------------------------------------------
Total			0.197289 MW	0.082231 MVAr
-----------------------------------------------------------------------------------------

#########################################################################################
