
#########################################################################################

Summary :

Minimum voltage in the 69 bus system is at bus no : 65	Voltage magnitude is : 0.910669

Real Power Loss = 0.221922 MW

Reactive Power Loss =  0.098982 MVAr


-----------------------------------------------------------------------------------------
			Newton Raphson Loadflow Results		
-----------------------------------------------------------------------------------------

| Bus |      V      |   Angle  |     Injection Power      |          Load      |
| No  |      pu     |  Degrees |    MW      |      MVar   |     KW     |  KVar |

-----------------------------------------------------------------------------------------

   1	1.000000    0.000000	0.000000    -0.000000   0.000   0.000
   2	1.000000    -0.000000	-0.021302    0.008876   0.000   0.000
   3	1.000000    0.000011	-0.016584    0.006888   0.000   0.000
   4	1.000007    0.000371	-0.005375    0.002362   0.000   0.000
   5	1.000335    0.006162	4.106103    2.728857   0.000   0.000
   6	0.991423    0.069843	-0.002632    -0.002131   2.600   2.200
   7	0.982153    0.136032	-0.040479    -0.029649   40.400   30.000
   8	0.979942    0.151698	-0.075244    -0.053113   75.000   54.000
   9	0.978811    0.159692	-0.030156    -0.021515   30.000   22.000
  10	0.973817    0.234704	-0.028028    -0.018679   28.000   19.000
  11	0.972717    0.251189	-0.145048    -0.102537   145.000   104.000
  12	0.969558    0.297444	-0.145016    -0.102394   145.000   104.000
  13	0.966635    0.337809	-0.008008    -0.004878   8.000   5.000
  14	0.963738    0.377795	-0.008008    -0.005366   8.000   5.500
  15	0.960869    0.417237	-0.000025    0.000076   0.000   0.000
  16	0.960335    0.424568	-0.045532    -0.029197   45.500   30.000
  17	0.959455    0.436516	-0.060907    -0.031362   60.000   35.000
  18	0.959446    0.436642	-0.060909    -0.031357   60.000   35.000
  19	0.958981    0.444261	-0.000032    0.000098   0.000   0.000
  20	0.958683    0.449209	-0.001031    -0.000488   1.000   0.600
  21	0.958201    0.457150	-0.114304    -0.078161   114.000   81.000
  22	0.958194    0.457262	-0.005318    -0.002445   5.000   3.500
  23	0.958122    0.458476	-0.000038    0.000114   0.000   0.000
  24	0.957966    0.461135	-0.028017    -0.019474   28.000   20.000
  25	0.957796    0.463982	-0.000019    0.000057   0.000   0.000
  26	0.957727    0.465163	-0.014037    -0.009649   14.000   10.000
  27	0.957707    0.465496	-0.014024    -0.009689   14.000   10.000
  28	0.999993    -0.000248	-0.027273    -0.018081   26.000   18.600
  29	0.999922    -0.002878	-0.026089    -0.018531   26.000   18.600
  30	0.999801    -0.000841	-0.000075    0.000227   0.000   0.000
  31	0.999779    -0.000475	-0.000076    0.000231   0.000   0.000
  32	0.999673    0.001386	-0.000018    0.000055   0.000   0.000
  33	0.999416    0.005792	-0.014008    -0.009973   14.000   10.000
  34	0.999081    0.011619	-0.019506    -0.013975   19.500   14.000
  35	0.999014    0.012677	-0.006003    -0.003988   6.000   4.000
  36	0.999987    -0.000647	-0.027273    -0.018032   26.000   18.550
  37	0.999825    -0.009055	-0.026152    -0.018463   26.000   18.550
  38	0.999665    -0.013452	-0.000314    0.000269   0.000   0.000
  39	0.999619    -0.014714	-0.028358    -0.013279   24.000   17.000
  40	0.999617    -0.014776	-0.028125    -0.013479   24.000   17.000
  41	0.998909    -0.034813	-0.001234    -0.000972   1.200   1.000
  42	0.998613    -0.043293	-0.000204    0.000175   0.000   0.000
  43	0.998574    -0.044405	-0.006972    -0.003528   6.000   4.300
  44	0.998565    -0.044669	-0.000858    0.000679   0.000   0.000
  45	0.998466    -0.047725	-0.047262    -0.020344   39.220   26.300
  46	0.998466    -0.047739	-0.047196    -0.020397   39.220   26.300
  47	0.999957    -0.001447	-0.001596    0.000646   0.000   0.000
  48	0.998711    -0.046224	-0.079080    -0.056495   79.000   56.400
  49	0.994862    -0.184427	-0.384781    -0.276951   384.700   274.500
  50	0.994316    -0.204022	-0.384763    -0.277223   384.700   274.500
  51	0.979906    0.151973	-0.040576    -0.027918   40.500   28.300
  52	0.979897    0.152147	-0.003613    -0.002641   3.600   2.700
  53	0.976028    0.180505	-0.004412    -0.003350   4.350   3.500
  54	0.972789    0.204682	-0.026448    -0.018710   26.400   19.000
  55	0.968321    0.238016	-0.024040    -0.016914   24.000   17.200
  56	0.963956    0.270467	-0.000023    0.000047   0.000   0.000
  57	0.941465    0.636012	-0.000008    0.000023   0.000   0.000
  58	0.930379    0.816232	-0.000018    0.000054   0.000   0.000
  59	0.926088    0.887172	-0.100022    -0.068547   100.000   72.000
  60	0.921042    0.978231	-0.000019    0.000051   0.000   0.000
  61	0.913637    1.033175	-1.244062    -0.838098   1244.000   888.000
  62	0.913348    1.035313	-0.032087    -0.021542   32.000   23.000
  63	0.912959    1.038181	-0.000042    0.000084   0.000   0.000
  64	0.911057    1.052232	-0.227012    -0.152697   227.000   162.000
  65	0.910482    1.056444	-0.059005    -0.039567   59.000   42.000
  66	0.972660    0.251837	-0.018846    -0.009991   18.000   13.000
  67	0.972659    0.251844	-0.018826    -0.010056   18.000   13.000
  68	0.969228    0.301566	-0.028920    -0.016981   28.000   20.000
  69	0.969226    0.301579	-0.028915    -0.016998   28.000   20.000
-----------------------------------------------------------------------------------------
Total				0.221922    0.170059      3801.890      2694.100
-----------------------------------------------------------------------------------------

-----------------------------------------------------------------------------------------
			Line Flow Result		
-----------------------------------------------------------------------------------------
| From Bus | To Bus |    P (MW)    |    Q (MVAr)     |
-----------------------------------------------------------------------------------------
      1	    2		-0.000000	0.000000j	
      2	    1		0.000000	-0.000000j	
      2	    3		0.021302	-0.008876j	
      3	    2		-0.021302	0.008876j	
      3	    4		0.345059	0.155651j	
      3	   28		-0.093087	-0.064066j	
      3	   36		-0.214086	-0.107349j	
      4	    3		-0.345060	-0.155654j	
      4	    5		1.203010	0.763718j	
      4	   47		-0.852575	-0.610426j	
      5	    4		-1.203328	-0.764091j	
      5	    6		-2.902775	-1.965650j	
      6	    5		2.874729	1.951366j	
      6	    7		-2.872097	-1.949229j	
      7	    6		2.842951	1.934384j	
      7	    8		-2.802472	-1.904539j	
      8	    7		2.795625	1.901049j	
      8	    9		-2.676190	-1.816728j	
      8	   51		-0.044191	-0.030800j	
      9	    8		2.672839	1.815022j	
      9	   10		-0.786219	-0.513370j	
      9	   53		-1.856464	-1.279965j	
     10	    9		0.781516	0.511816j	
     10	   11		-0.753488	-0.492900j	
     11	   10		0.752490	0.492570j	
     11	   12		-0.569768	-0.368331j	
     11	   66		-0.037674	-0.020389j	
     12	   11		0.567608	0.367618j	
     12	   13		-0.364735	-0.229049j	
     12	   68		-0.057857	-0.034617j	
     13	   12		0.363467	0.228630j	
     13	   14		-0.355459	-0.223654j	
     14	   13		0.354230	0.223248j	
     14	   15		-0.346222	-0.217772j	
     15	   14		0.345033	0.217379j	
     15	   16		-0.345008	-0.217454j	
     16	   15		0.344787	0.217381j	
     16	   17		-0.299255	-0.187478j	
     17	   16		0.298939	0.187374j	
     17	   18		-0.238032	-0.155040j	
     18	   17		0.238029	0.155039j	
     18	   19		-0.177120	-0.122710j	
     19	   18		0.177017	0.122676j	
     19	   20		-0.176985	-0.122773j	
     20	   19		0.176919	0.122751j	
     20	   21		-0.175888	-0.122247j	
     21	   20		0.175781	0.122212j	
     21	   22		-0.061477	-0.042136j	
     22	   21		0.061477	0.042136j	
     22	   23		-0.056159	-0.039602j	
     23	   22		0.056154	0.039600j	
     23	   24		-0.056117	-0.039714j	
     24	   23		0.056105	0.039710j	
     24	   25		-0.028088	-0.019763j	
     25	   24		0.028082	0.019761j	
     25	   26		-0.028063	-0.019818j	
     26	   25		0.028061	0.019817j	
     26	   27		-0.014024	-0.009928j	
     27	   26		0.014024	0.009928j	
     28	    3		0.093086	0.064065j	
     28	   29		-0.065813	-0.045984j	
     29	   28		0.065811	0.045978j	
     29	   30		-0.039721	-0.027449j	
     30	   29		0.039715	0.027447j	
     30	   31		-0.039640	-0.027674j	
     31	   30		0.039639	0.027674j	
     31	   32		-0.039563	-0.027905j	
     32	   31		0.039558	0.027903j	
     32	   33		-0.039540	-0.027958j	
     33	   32		0.039528	0.027953j	
     33	   34		-0.025520	-0.017977j	
     34	   33		0.025509	0.017974j	
     34	   35		-0.006004	-0.003991j	
     35	   34		0.006003	0.003991j	
     36	    3		0.214084	0.107345j	
     36	   37		-0.186811	-0.089314j	
     37	   36		0.186794	0.089272j	
     37	   38		-0.160642	-0.070817j	
     38	   37		0.160622	0.070793j	
     38	   39		-0.160308	-0.071062j	
     39	   38		0.160302	0.071055j	
     39	   40		-0.131944	-0.057790j	
     40	   39		0.131944	0.057790j	
     40	   41		-0.103819	-0.044326j	
     41	   40		0.103761	0.044258j	
     41	   42		-0.102527	-0.043287j	
     42	   41		0.102503	0.043259j	
     42	   43		-0.102299	-0.043434j	
     43	   42		0.102296	0.043430j	
     43	   44		-0.095324	-0.039913j	
     44	   43		0.095324	0.039912j	
     44	   45		-0.094465	-0.040593j	
     45	   44		0.094458	0.040584j	
     45	   46		-0.047196	-0.020318j	
     46	   45		0.047196	0.020318j	
     47	    4		0.852552	0.610368j	
     47	   48		-0.850956	-0.611015j	
     48	   47		0.850373	0.609588j	
     48	   49		-0.771294	-0.553221j	
     49	   48		0.769660	0.549224j	
     49	   50		-0.384879	-0.274758j	
     50	   49		0.384763	0.274474j	
     51	    8		0.044189	0.030799j	
     51	   52		-0.003613	-0.002661j	
     52	   51		0.003613	0.002661j	
     53	    9		1.850702	1.277031j	
     53	   54		-1.846290	-1.273652j	
     54	   53		1.839602	1.270245j	
     54	   55		-1.813153	-1.251340j	
     55	   54		1.804059	1.246710j	
     55	   56		-1.780019	-1.229589j	
     56	   55		1.771258	1.225126j	
     56	   57		-1.771236	-1.225174j	
     57	   56		1.721717	1.208552j	
     57	   58		-1.721710	-1.208575j	
     58	   57		1.697302	1.200384j	
     58	   59		-1.697285	-1.200437j	
     59	   58		1.687811	1.197304j	
     59	   60		-1.587789	-1.125373j	
     60	   59		1.577153	1.122145j	
     60	   61		-1.577134	-1.122195j	
     61	   60		1.563154	1.115074j	
     61	   62		-0.319092	-0.227196j	
     62	   61		0.318980	0.227139j	
     62	   63		-0.286893	-0.204310j	
     63	   62		0.286759	0.204241j	
     63	   64		-0.286717	-0.204324j	
     64	   63		0.286058	0.203988j	
     64	   65		-0.059046	-0.042011j	
     65	   64		0.059005	0.041991j	
     66	   11		0.037672	0.020389j	
     66	   67		-0.018826	-0.010227j	
     67	   66		0.018826	0.010227j	
     68	   12		0.057835	0.034609j	
     68	   69		-0.028915	-0.017313j	
     69	   68		0.028915	0.017313j	
-----------------------------------------------------------------------------------------

-----------------------------------------------------------------------------------------
			Line Loss 		
-----------------------------------------------------------------------------------------
| From Bus | To Bus |    P (MW)    |    Q (MVAr)     |
-----------------------------------------------------------------------------------------
    2	    1		0.000000	0.000000	
    3	    2		-0.000000	-0.000000	
    4	    3		-0.000001	-0.000003	
    5	    4		-0.000318	-0.000372	
    5	    6		-0.028046	-0.014284	
    6	    7		-0.029146	-0.014845	
    7	    8		-0.006847	-0.003490	
    8	    9		-0.003351	-0.001706	
    9	   10		-0.004703	-0.001554	
   10	   11		-0.000998	-0.000330	
   11	   12		-0.002159	-0.000714	
   12	   13		-0.001268	-0.000419	
   13	   14		-0.001229	-0.000406	
   14	   15		-0.001189	-0.000393	
   15	   16		-0.000221	-0.000073	
   16	   17		-0.000316	-0.000104	
   17	   18		-0.000003	-0.000001	
   18	   19		-0.000103	-0.000034	
   19	   20		-0.000066	-0.000022	
   20	   21		-0.000106	-0.000035	
   21	   22		-0.000001	-0.000000	
   22	   23		-0.000005	-0.000002	
   23	   24		-0.000011	-0.000004	
   24	   25		-0.000006	-0.000002	
   25	   26		-0.000002	-0.000001	
   26	   27		-0.000000	-0.000000	
    3	   28		-0.000000	-0.000001	
   28	   29		-0.000003	-0.000006	
   29	   30		-0.000006	-0.000002	
   30	   31		-0.000001	-0.000000	
   31	   32		-0.000005	-0.000002	
   32	   33		-0.000012	-0.000004	
   33	   34		-0.000010	-0.000003	
   34	   35		-0.000000	-0.000000	
    3	   36		-0.000002	-0.000004	
   36	   37		-0.000017	-0.000042	
   37	   38		-0.000020	-0.000024	
   38	   39		-0.000006	-0.000007	
   39	   40		-0.000000	-0.000000	
   40	   41		-0.000058	-0.000068	
   41	   42		-0.000024	-0.000028	
   42	   43		-0.000003	-0.000004	
   43	   44		-0.000001	-0.000001	
   44	   45		-0.000007	-0.000009	
   45	   46		-0.000000	-0.000000	
    4	   47		-0.000023	-0.000058	
   47	   48		-0.000583	-0.001426	
   48	   49		-0.001633	-0.003996	
   49	   50		-0.000116	-0.000283	
    8	   51		-0.000002	-0.000001	
   51	   52		-0.000000	-0.000000	
    9	   53		-0.005762	-0.002934	
   53	   54		-0.006689	-0.003407	
   54	   55		-0.009094	-0.004630	
   55	   56		-0.008761	-0.004463	
   56	   57		-0.049518	-0.016621	
   57	   58		-0.024407	-0.008191	
   58	   59		-0.009474	-0.003133	
   59	   60		-0.010636	-0.003228	
   60	   61		-0.013980	-0.007121	
   61	   62		-0.000112	-0.000057	
   62	   63		-0.000134	-0.000068	
   63	   64		-0.000659	-0.000336	
   64	   65		-0.000041	-0.000021	
   11	   66		-0.000002	-0.000001	
   66	   67		-0.000000	-0.000000	
   12	   68		-0.000022	-0.000007	
   68	   69		-0.000000	-0.000000	
   11	   43		0.000000	0.000000	
   13	   21		0.000000	0.000000	
   15	   46		0.000000	0.000000	
   50	   59		0.000000	0.000000	
   27	   65		0.000000	0.000000	
-----------------------------------------------------------------------------------------
Total			0.221922 MW	0.098982 MVAr
-----------------------------------------------------------------------------------------

#########################################################################################
