
#########################################################################################

Summary :

Minimum voltage in the 69 bus system is at bus no : 65	Voltage magnitude is : 0.909253

Real Power Loss = 0.224469 MW

Reactive Power Loss =  0.101797 MVAr


-----------------------------------------------------------------------------------------
			Newton Raphson Loadflow Results		
-----------------------------------------------------------------------------------------

| Bus |      V      |   Angle  |     Injection Power      |          Load      |
| No  |      pu     |  Degrees |    MW      |      MVar   |     KW     |  KVar |

-----------------------------------------------------------------------------------------

   1	1.000000    0.000000	0.000000    -0.000000   0.000   0.000
   2	1.000000    0.000000	4.087632    2.741209   0.000   0.000
   3	0.999967    -0.001264	-0.016583    0.006887   0.000   0.000
   4	0.999874    -0.004726	-0.005373    0.002360   0.000   0.000
   5	0.999057    -0.017604	-0.000310    0.000285   0.000   0.000
   6	0.990133    0.046372	-0.002632    -0.002133   2.600   2.200
   7	0.980849    0.112868	-0.040479    -0.029683   40.400   30.000
   8	0.978635    0.128607	-0.075244    -0.053176   75.000   54.000
   9	0.977502    0.136638	-0.030156    -0.021540   30.000   22.000
  10	0.972502    0.211886	-0.028028    -0.018702   28.000   19.000
  11	0.971400    0.228423	-0.145048    -0.102655   145.000   104.000
  12	0.968237    0.274823	-0.145016    -0.102511   145.000   104.000
  13	0.965311    0.315321	-0.008008    -0.004884   8.000   5.000
  14	0.962410    0.355438	-0.008008    -0.005372   8.000   5.500
  15	0.959537    0.395009	-0.000025    0.000075   0.000   0.000
  16	0.959003    0.402363	-0.045532    -0.029234   45.500   30.000
  17	0.958121    0.414352	-0.060905    -0.031418   60.000   35.000
  18	0.958112    0.414478	-0.060906    -0.031413   60.000   35.000
  19	0.957647    0.422119	-0.000032    0.000097   0.000   0.000
  20	0.957348    0.427082	-0.001031    -0.000489   1.000   0.600
  21	0.956866    0.435045	-0.114303    -0.078254   114.000   81.000
  22	0.956859    0.435157	-0.005317    -0.002452   5.000   3.500
  23	0.956787    0.436375	-0.000038    0.000114   0.000   0.000
  24	0.956630    0.439041	-0.028017    -0.019496   28.000   20.000
  25	0.956461    0.441896	-0.000019    0.000057   0.000   0.000
  26	0.956391    0.443081	-0.014037    -0.009660   14.000   10.000
  27	0.956371    0.443414	-0.014024    -0.009700   14.000   10.000
  28	0.999960    -0.001522	-0.027273    -0.018083   26.000   18.600
  29	0.999889    -0.004152	-0.026089    -0.018532   26.000   18.600
  30	0.999768    -0.002115	-0.000075    0.000227   0.000   0.000
  31	0.999746    -0.001749	-0.000076    0.000231   0.000   0.000
  32	0.999639    0.000112	-0.000018    0.000055   0.000   0.000
  33	0.999383    0.004519	-0.014008    -0.009974   14.000   10.000
  34	0.999048    0.010347	-0.019506    -0.013976   19.500   14.000
  35	0.998980    0.011404	-0.006003    -0.003988   6.000   4.000
  36	0.999954    -0.001921	-0.027273    -0.018033   26.000   18.550
  37	0.999792    -0.010329	-0.026152    -0.018464   26.000   18.550
  38	0.999632    -0.014726	-0.000314    0.000269   0.000   0.000
  39	0.999586    -0.015988	-0.028358    -0.013281   24.000   17.000
  40	0.999583    -0.016050	-0.028124    -0.013481   24.000   17.000
  41	0.998876    -0.036086	-0.001234    -0.000972   1.200   1.000
  42	0.998579    -0.044566	-0.000204    0.000175   0.000   0.000
  43	0.998540    -0.045677	-0.006972    -0.003529   6.000   4.300
  44	0.998532    -0.045941	-0.000858    0.000679   0.000   0.000
  45	0.998433    -0.048997	-0.047262    -0.020347   39.220   26.300
  46	0.998432    -0.049011	-0.047195    -0.020400   39.220   26.300
  47	0.999824    -0.006544	-0.001596    0.000646   0.000   0.000
  48	0.998577    -0.051321	-0.079080    -0.056509   79.000   56.400
  49	0.994727    -0.189522	-0.384781    -0.277020   384.700   274.500
  50	0.994181    -0.209117	-0.384763    -0.277292   384.700   274.500
  51	0.978599    0.128883	-0.040575    -0.027951   40.500   28.300
  52	0.978590    0.129057	-0.003613    -0.002644   3.600   2.700
  53	0.974715    0.157541	-0.004412    -0.003354   4.350   3.500
  54	0.971471    0.181822	-0.026448    -0.018732   26.400   19.000
  55	0.966996    0.215300	-0.024040    -0.016934   24.000   17.200
  56	0.962626    0.247892	-0.000023    0.000047   0.000   0.000
  57	0.940101    0.614467	-0.000008    0.000023   0.000   0.000
  58	0.929000    0.795194	-0.000018    0.000054   0.000   0.000
  59	0.924702    0.866333	-0.100022    -0.068623   100.000   72.000
  60	0.919650    0.957637	-0.000019    0.000051   0.000   0.000
  61	0.912234    1.012818	-1.244062    -0.839016   1244.000   888.000
  62	0.911943    1.014966	-0.032087    -0.021567   32.000   23.000
  63	0.911554    1.017846	-0.000042    0.000084   0.000   0.000
  64	0.909649    1.031958	-0.227012    -0.152863   227.000   162.000
  65	0.909073    1.036189	-0.059005    -0.039611   59.000   42.000
  66	0.971343    0.229073	-0.018843    -0.010014   18.000   13.000
  67	0.971343    0.229081	-0.018824    -0.010079   18.000   13.000
  68	0.967907    0.278963	-0.028918    -0.017012   28.000   20.000
  69	0.967906    0.278976	-0.028912    -0.017029   28.000   20.000
-----------------------------------------------------------------------------------------
Total				0.224469    0.171540      3801.890      2694.100
-----------------------------------------------------------------------------------------

-----------------------------------------------------------------------------------------
			Line Flow Result		
-----------------------------------------------------------------------------------------
| From Bus | To Bus |    P (MW)    |    Q (MVAr)     |
-----------------------------------------------------------------------------------------
      1	    2		0.000000	-0.000000j	
      2	    1		-0.000000	0.000000j	
      2	    3		-4.087632	-2.741209j	
      3	    2		4.087557	2.741027j	
      3	    4		-3.763803	-2.576499j	
      3	   28		-0.093087	-0.064066j	
      3	   36		-0.214084	-0.107350j	
      4	    3		3.763608	2.576031j	
      4	    5		-2.905660	-1.967965j	
      4	   47		-0.852575	-0.610428j	
      5	    4		2.903731	1.965705j	
      5	    6		-2.903421	-1.965990j	
      6	    5		2.875291	1.951664j	
      6	    7		-2.872660	-1.949527j	
      7	    6		2.843427	1.934638j	
      7	    8		-2.802948	-1.904792j	
      8	    7		2.796081	1.901291j	
      8	    9		-2.676647	-1.816969j	
      8	   51		-0.044190	-0.030800j	
      9	    8		2.673286	1.815258j	
      9	   10		-0.786236	-0.513435j	
      9	   53		-1.856893	-1.280135j	
     10	    9		0.781521	0.511876j	
     10	   11		-0.753493	-0.492960j	
     11	   10		0.752492	0.492629j	
     11	   12		-0.569774	-0.368375j	
     11	   66		-0.037670	-0.020405j	
     12	   11		0.567609	0.367659j	
     12	   13		-0.364740	-0.229075j	
     12	   68		-0.057852	-0.034631j	
     13	   12		0.363469	0.228655j	
     13	   14		-0.355461	-0.223680j	
     14	   13		0.354228	0.223272j	
     14	   15		-0.346220	-0.217796j	
     15	   14		0.345028	0.217402j	
     15	   16		-0.345003	-0.217477j	
     16	   15		0.344781	0.217404j	
     16	   17		-0.299249	-0.187501j	
     17	   16		0.298933	0.187396j	
     17	   18		-0.238028	-0.155055j	
     18	   17		0.238025	0.155054j	
     18	   19		-0.177119	-0.122717j	
     19	   18		0.177016	0.122683j	
     19	   20		-0.176984	-0.122780j	
     20	   19		0.176917	0.122758j	
     20	   21		-0.175886	-0.122253j	
     21	   20		0.175779	0.122218j	
     21	   22		-0.061476	-0.042140j	
     22	   21		0.061476	0.042140j	
     22	   23		-0.056159	-0.039603j	
     23	   22		0.056154	0.039601j	
     23	   24		-0.056116	-0.039715j	
     24	   23		0.056105	0.039711j	
     24	   25		-0.028088	-0.019763j	
     25	   24		0.028082	0.019761j	
     25	   26		-0.028063	-0.019818j	
     26	   25		0.028061	0.019817j	
     26	   27		-0.014024	-0.009929j	
     27	   26		0.014024	0.009929j	
     28	    3		0.093086	0.064065j	
     28	   29		-0.065813	-0.045984j	
     29	   28		0.065811	0.045978j	
     29	   30		-0.039721	-0.027449j	
     30	   29		0.039715	0.027447j	
     30	   31		-0.039640	-0.027674j	
     31	   30		0.039639	0.027674j	
     31	   32		-0.039563	-0.027905j	
     32	   31		0.039558	0.027903j	
     32	   33		-0.039540	-0.027958j	
     33	   32		0.039528	0.027953j	
     33	   34		-0.025520	-0.017977j	
     34	   33		0.025509	0.017974j	
     34	   35		-0.006004	-0.003991j	
     35	   34		0.006003	0.003991j	
     36	    3		0.214083	0.107346j	
     36	   37		-0.186809	-0.089315j	
     37	   36		0.186792	0.089273j	
     37	   38		-0.160641	-0.070818j	
     38	   37		0.160620	0.070794j	
     38	   39		-0.160306	-0.071063j	
     39	   38		0.160301	0.071056j	
     39	   40		-0.131943	-0.057792j	
     40	   39		0.131942	0.057791j	
     40	   41		-0.103818	-0.044326j	
     41	   40		0.103760	0.044259j	
     41	   42		-0.102526	-0.043288j	
     42	   41		0.102502	0.043260j	
     42	   43		-0.102298	-0.043435j	
     43	   42		0.102295	0.043431j	
     43	   44		-0.095323	-0.039914j	
     44	   43		0.095322	0.039913j	
     44	   45		-0.094464	-0.040594j	
     45	   44		0.094457	0.040584j	
     45	   46		-0.047195	-0.020319j	
     46	   45		0.047195	0.020319j	
     47	    4		0.852552	0.610370j	
     47	   48		-0.850957	-0.611016j	
     48	   47		0.850374	0.609589j	
     48	   49		-0.771294	-0.553222j	
     49	   48		0.769660	0.549225j	
     49	   50		-0.384879	-0.274758j	
     50	   49		0.384763	0.274474j	
     51	    8		0.044189	0.030799j	
     51	   52		-0.003613	-0.002661j	
     52	   51		0.003613	0.002661j	
     53	    9		1.851114	1.277192j	
     53	   54		-1.846702	-1.273813j	
     54	   53		1.839993	1.270396j	
     54	   55		-1.813544	-1.251491j	
     55	   54		1.804422	1.246846j	
     55	   56		-1.780382	-1.229725j	
     56	   55		1.771594	1.225248j	
     56	   57		-1.771572	-1.225295j	
     57	   56		1.721900	1.208623j	
     57	   58		-1.721893	-1.208645j	
     58	   57		1.697410	1.200429j	
     58	   59		-1.697392	-1.200482j	
     59	   58		1.687889	1.197339j	
     59	   60		-1.587867	-1.125408j	
     60	   59		1.577199	1.122169j	
     60	   61		-1.577179	-1.122220j	
     61	   60		1.563156	1.115077j	
     61	   62		-0.319094	-0.227198j	
     62	   61		0.318982	0.227141j	
     62	   63		-0.286896	-0.204311j	
     63	   62		0.286761	0.204243j	
     63	   64		-0.286719	-0.204325j	
     64	   63		0.286058	0.203988j	
     64	   65		-0.059046	-0.042012j	
     65	   64		0.059005	0.041991j	
     66	   11		0.037667	0.020404j	
     66	   67		-0.018824	-0.010234j	
     67	   66		0.018824	0.010234j	
     68	   12		0.057830	0.034624j	
     68	   69		-0.028912	-0.017321j	
     69	   68		0.028912	0.017320j	
-----------------------------------------------------------------------------------------

-----------------------------------------------------------------------------------------
			Line Loss 		
-----------------------------------------------------------------------------------------
| From Bus | To Bus |    P (MW)    |    Q (MVAr)     |
-----------------------------------------------------------------------------------------
    2	    1		0.000000	0.000000	
    2	    3		-0.000076	-0.000181	
    3	    4		-0.000195	-0.000467	
    4	    5		-0.001929	-0.002260	
    5	    6		-0.028129	-0.014326	
    6	    7		-0.029233	-0.014889	
    7	    8		-0.006867	-0.003501	
    8	    9		-0.003361	-0.001711	
    9	   10		-0.004716	-0.001559	
   10	   11		-0.001001	-0.000331	
   11	   12		-0.002165	-0.000716	
   12	   13		-0.001272	-0.000420	
   13	   14		-0.001233	-0.000407	
   14	   15		-0.001192	-0.000394	
   15	   16		-0.000222	-0.000073	
   16	   17		-0.000317	-0.000105	
   17	   18		-0.000003	-0.000001	
   18	   19		-0.000103	-0.000034	
   19	   20		-0.000066	-0.000022	
   20	   21		-0.000107	-0.000035	
   21	   22		-0.000001	-0.000000	
   22	   23		-0.000005	-0.000002	
   23	   24		-0.000011	-0.000004	
   24	   25		-0.000006	-0.000002	
   25	   26		-0.000002	-0.000001	
   26	   27		-0.000000	-0.000000	
    3	   28		-0.000000	-0.000001	
   28	   29		-0.000003	-0.000006	
   29	   30		-0.000006	-0.000002	
   30	   31		-0.000001	-0.000000	
   31	   32		-0.000005	-0.000002	
   32	   33		-0.000012	-0.000004	
   33	   34		-0.000010	-0.000003	
   34	   35		-0.000000	-0.000000	
    3	   36		-0.000002	-0.000004	
   36	   37		-0.000017	-0.000042	
   37	   38		-0.000020	-0.000024	
   38	   39		-0.000006	-0.000007	
   39	   40		-0.000000	-0.000000	
   40	   41		-0.000058	-0.000068	
   41	   42		-0.000024	-0.000028	
   42	   43		-0.000003	-0.000004	
   43	   44		-0.000001	-0.000001	
   44	   45		-0.000007	-0.000009	
   45	   46		-0.000000	-0.000000	
    4	   47		-0.000023	-0.000058	
   47	   48		-0.000583	-0.001427	
   48	   49		-0.001634	-0.003997	
   49	   50		-0.000116	-0.000284	
    8	   51		-0.000002	-0.000001	
   51	   52		-0.000000	-0.000000	
    9	   53		-0.005779	-0.002943	
   53	   54		-0.006709	-0.003418	
   54	   55		-0.009122	-0.004645	
   55	   56		-0.008788	-0.004477	
   56	   57		-0.049671	-0.016673	
   57	   58		-0.024483	-0.008216	
   58	   59		-0.009503	-0.003143	
   59	   60		-0.010669	-0.003238	
   60	   61		-0.014023	-0.007143	
   61	   62		-0.000112	-0.000057	
   62	   63		-0.000135	-0.000069	
   63	   64		-0.000661	-0.000337	
   64	   65		-0.000041	-0.000021	
   11	   66		-0.000002	-0.000001	
   66	   67		-0.000000	-0.000000	
   12	   68		-0.000022	-0.000007	
   68	   69		-0.000000	-0.000000	
   11	   43		0.000000	0.000000	
   13	   21		0.000000	0.000000	
   15	   46		0.000000	0.000000	
   50	   59		0.000000	0.000000	
   27	   65		0.000000	0.000000	
-----------------------------------------------------------------------------------------
Total			0.224469 MW	0.101797 MVAr
-----------------------------------------------------------------------------------------

#########################################################################################
