
#########################################################################################

Summary :

Minimum voltage in the 69 bus system is at bus no : 65	Voltage magnitude is : 0.943489

Real Power Loss = 0.873768 MW

Reactive Power Loss =  0.303755 MVAr


-----------------------------------------------------------------------------------------
			Newton Raphson Loadflow Results		
-----------------------------------------------------------------------------------------

| Bus |      V      |   Angle  |     Injection Power      |          Load      |
| No  |      pu     |  Degrees |    MW      |      MVar   |     KW     |  KVar |

-----------------------------------------------------------------------------------------

   1	1.000000    0.000000	0.000000    -0.000000   0.000   0.000
   2	1.000000    0.000000	-0.021302    0.008876   0.000   0.000
   3	1.000000    0.000011	-0.016584    0.006888   0.000   0.000
   4	1.000007    0.000371	-0.005375    0.002362   0.000   0.000
   5	1.000335    0.006162	-0.000311    0.000286   0.000   0.000
   6	1.003971    -0.013540	-0.002633    -0.002137   2.600   2.200
   7	1.007765    -0.034158	-0.040483    -0.029885   40.400   30.000
   8	1.008715    -0.039431	-0.075259    -0.053595   75.000   54.000
   9	1.009273    -0.042676	-0.030166    -0.021712   30.000   22.000
  10	1.029403    -0.364938	-0.028031    -0.019251   28.000   19.000
  11	1.034043    -0.439209	-0.145054    -0.105969   145.000   104.000
  12	1.052635    -0.737517	-0.145018    -0.107459   145.000   104.000
  13	1.081058    -1.195625	-0.008010    -0.005275   8.000   5.000
  14	1.109932    -1.660336	-0.008010    -0.005879   8.000   5.500
  15	1.139251    -2.132361	-0.000035    0.000103   0.000   0.000
  16	1.144699    -2.220019	-0.045545    -0.032874   45.500   30.000
  17	1.155188    -2.388880	-0.061317    -0.035470   60.000   35.000
  18	1.155322    -2.390958	-0.061320    -0.035465   60.000   35.000
  19	1.164750    -2.541466	-0.000047    0.000139   0.000   0.000
  20	1.170802    -2.639050	-0.001047    -0.000538   1.000   0.600
  21	1.180635    -2.796028	-0.114462    -0.088769   114.000   81.000
  22	1.181048    -2.802700	4.754673    3.309702   0.000   0.000
  23	1.180990    -2.801562	-0.000057    0.000168   0.000   0.000
  24	1.180866    -2.799066	-0.028026    -0.022167   28.000   20.000
  25	1.180730    -2.796402	-0.000029    0.000084   0.000   0.000
  26	1.180675    -2.795294	-0.014056    -0.010956   14.000   10.000
  27	1.180659    -2.794981	-0.014036    -0.011015   14.000   10.000
  28	0.999993    -0.000248	-0.027273    -0.018081   26.000   18.600
  29	0.999922    -0.002878	-0.026089    -0.018531   26.000   18.600
  30	0.999801    -0.000841	-0.000075    0.000227   0.000   0.000
  31	0.999779    -0.000475	-0.000076    0.000231   0.000   0.000
  32	0.999673    0.001386	-0.000018    0.000055   0.000   0.000
  33	0.999416    0.005792	-0.014008    -0.009973   14.000   10.000
  34	0.999081    0.011619	-0.019506    -0.013975   19.500   14.000
  35	0.999014    0.012677	-0.006003    -0.003988   6.000   4.000
  36	0.999987    -0.000647	-0.027273    -0.018032   26.000   18.550
  37	0.999825    -0.009055	-0.026152    -0.018463   26.000   18.550
  38	0.999665    -0.013452	-0.000314    0.000269   0.000   0.000
  39	0.999619    -0.014714	-0.028358    -0.013279   24.000   17.000
  40	0.999617    -0.014776	-0.028125    -0.013479   24.000   17.000
  41	0.998909    -0.034813	-0.001234    -0.000972   1.200   1.000
  42	0.998613    -0.043293	-0.000204    0.000175   0.000   0.000
  43	0.998574    -0.044405	-0.006972    -0.003528   6.000   4.300
  44	0.998565    -0.044669	-0.000858    0.000679   0.000   0.000
  45	0.998466    -0.047725	-0.047262    -0.020344   39.220   26.300
  46	0.998466    -0.047739	-0.047196    -0.020397   39.220   26.300
  47	0.999957    -0.001447	-0.001596    0.000646   0.000   0.000
  48	0.998711    -0.046224	-0.079080    -0.056495   79.000   56.400
  49	0.994862    -0.184427	-0.384781    -0.276951   384.700   274.500
  50	0.994316    -0.204022	-0.384763    -0.277223   384.700   274.500
  51	1.008681    -0.039158	-0.040580    -0.028183   40.500   28.300
  52	1.008672    -0.038987	-0.003614    -0.002664   3.600   2.700
  53	1.006587    -0.021872	-0.004416    -0.003375   4.350   3.500
  54	1.003462    0.002296	-0.026452    -0.018897   26.400   19.000
  55	0.999150    0.035621	-0.024043    -0.017086   24.000   17.200
  56	0.994939    0.068069	-0.000024    0.000050   0.000   0.000
  57	0.973253    0.426747	-0.000008    0.000024   0.000   0.000
  58	0.962565    0.603581	-0.000019    0.000058   0.000   0.000
  59	0.958427    0.673171	-0.100023    -0.069453   100.000   72.000
  60	0.953563    0.762376	-0.000021    0.000054   0.000   0.000
  61	0.946419    0.817323	-1.244067    -0.849972   1244.000   888.000
  62	0.946140    0.819461	-0.032093    -0.021836   32.000   23.000
  63	0.945765    0.822330	-0.000045    0.000090   0.000   0.000
  64	0.943930    0.836385	-0.227013    -0.154878   227.000   162.000
  65	0.943375    0.840600	-0.059005    -0.040135   59.000   42.000
  66	1.033990    -0.438619	-0.018956    -0.010072   18.000   13.000
  67	1.033990    -0.438612	-0.018934    -0.010145   18.000   13.000
  68	1.052332    -0.733684	-0.029085    -0.017515   28.000   20.000
  69	1.052331    -0.733672	-0.029078    -0.017535   28.000   20.000
-----------------------------------------------------------------------------------------
Total				0.873768    0.697293      3796.890      2690.600
-----------------------------------------------------------------------------------------

-----------------------------------------------------------------------------------------
			Line Flow Result		
-----------------------------------------------------------------------------------------
| From Bus | To Bus |    P (MW)    |    Q (MVAr)     |
-----------------------------------------------------------------------------------------
      1	    2		0.000000	-0.000000j	
      2	    1		-0.000000	0.000000j	
      2	    3		0.021302	-0.008876j	
      3	    2		-0.021302	0.008876j	
      3	    4		0.345059	0.155651j	
      3	   28		-0.093087	-0.064066j	
      3	   36		-0.214086	-0.107349j	
      4	    3		-0.345060	-0.155654j	
      4	    5		1.203010	0.763718j	
      4	   47		-0.852575	-0.610426j	
      5	    4		-1.203328	-0.764091j	
      5	    6		1.203638	0.763805j	
      6	    5		-1.208276	-0.766167j	
      6	    7		1.210909	0.768302j	
      7	    6		-1.215760	-0.770773j	
      7	    8		1.256243	0.800610j	
      8	    7		-1.257500	-0.801251j	
      8	    9		1.376955	0.885531j	
      8	   51		-0.044196	-0.030788j	
      9	    8		-1.377765	-0.885943j	
      9	   10		3.254971	2.183830j	
      9	   53		-1.847040	-1.276219j	
     10	    9		-3.332044	-2.209305j	
     10	   11		3.360075	2.228210j	
     11	   10		-3.377991	-2.234135j	
     11	   12		3.560937	2.357623j	
     11	   66		-0.037892	-0.019659j	
     12	   11		-3.636644	-2.382643j	
     12	   13		3.839845	2.520237j	
     12	   68		-0.058182	-0.033651j	
     13	   12		-3.962180	-2.560620j	
     13	   14		3.970190	2.565589j	
     14	   13		-4.094683	-2.606729j	
     14	   15		4.102694	2.612197j	
     15	   14		-4.229361	-2.654053j	
     15	   16		4.229396	2.653947j	
     16	   15		-4.252933	-2.661729j	
     16	   17		4.298479	2.691591j	
     17	   16		-4.344281	-2.706736j	
     17	   18		4.405598	2.737866j	
     18	   17		-4.406188	-2.738067j	
     18	   19		4.467508	2.769190j	
     19	   18		-4.509759	-2.783157j	
     19	   20		4.509806	2.783014j	
     20	   19		-4.536967	-2.791913j	
     20	   21		4.538014	2.792370j	
     21	   20		-4.582089	-2.806937j	
     21	   22		4.696551	2.886532j	
     22	   21		-4.698452	-2.887156j	
     22	   23		-0.056221	-0.039387j	
     23	   22		0.056218	0.039386j	
     23	   24		-0.056160	-0.039559j	
     24	   23		0.056153	0.039557j	
     24	   25		-0.028127	-0.019636j	
     25	   24		0.028123	0.019635j	
     25	   26		-0.028094	-0.019721j	
     26	   25		0.028092	0.019721j	
     26	   27		-0.014036	-0.009891j	
     27	   26		0.014036	0.009891j	
     28	    3		0.093086	0.064065j	
     28	   29		-0.065813	-0.045984j	
     29	   28		0.065811	0.045978j	
     29	   30		-0.039721	-0.027449j	
     30	   29		0.039715	0.027447j	
     30	   31		-0.039640	-0.027674j	
     31	   30		0.039639	0.027674j	
     31	   32		-0.039563	-0.027905j	
     32	   31		0.039558	0.027903j	
     32	   33		-0.039540	-0.027958j	
     33	   32		0.039528	0.027953j	
     33	   34		-0.025520	-0.017977j	
     34	   33		0.025509	0.017974j	
     34	   35		-0.006004	-0.003991j	
     35	   34		0.006003	0.003991j	
     36	    3		0.214084	0.107345j	
     36	   37		-0.186811	-0.089314j	
     37	   36		0.186794	0.089272j	
     37	   38		-0.160642	-0.070817j	
     38	   37		0.160622	0.070793j	
     38	   39		-0.160308	-0.071062j	
     39	   38		0.160302	0.071055j	
     39	   40		-0.131944	-0.057790j	
     40	   39		0.131944	0.057790j	
     40	   41		-0.103819	-0.044326j	
     41	   40		0.103761	0.044258j	
     41	   42		-0.102527	-0.043287j	
     42	   41		0.102503	0.043259j	
     42	   43		-0.102299	-0.043434j	
     43	   42		0.102296	0.043430j	
     43	   44		-0.095324	-0.039913j	
     44	   43		0.095324	0.039912j	
     44	   45		-0.094465	-0.040593j	
     45	   44		0.094458	0.040584j	
     45	   46		-0.047196	-0.020318j	
     46	   45		0.047196	0.020318j	
     47	    4		0.852552	0.610368j	
     47	   48		-0.850956	-0.611015j	
     48	   47		0.850373	0.609588j	
     48	   49		-0.771294	-0.553221j	
     49	   48		0.769660	0.549224j	
     49	   50		-0.384879	-0.274758j	
     50	   49		0.384763	0.274474j	
     51	    8		0.044194	0.030787j	
     51	   52		-0.003614	-0.002659j	
     52	   51		0.003614	0.002659j	
     53	    9		1.841668	1.273484j	
     53	   54		-1.837252	-1.270113j	
     54	   53		1.831016	1.266936j	
     54	   55		-1.804565	-1.248038j	
     55	   54		1.796087	1.243721j	
     55	   56		-1.772044	-1.226606j	
     56	   55		1.763879	1.222446j	
     56	   57		-1.763855	-1.222496j	
     57	   56		1.717698	1.207003j	
     57	   58		-1.717690	-1.207028j	
     58	   57		1.694940	1.199393j	
     58	   59		-1.694921	-1.199450j	
     59	   58		1.686090	1.196530j	
     59	   60		-1.586067	-1.124603j	
     60	   59		1.576154	1.121594j	
     60	   61		-1.576134	-1.121648j	
     61	   60		1.563104	1.115011j	
     61	   62		-0.319038	-0.227142j	
     62	   61		0.318934	0.227089j	
     62	   63		-0.286841	-0.204272j	
     63	   62		0.286715	0.204208j	
     63	   64		-0.286670	-0.204297j	
     64	   63		0.286056	0.203984j	
     64	   65		-0.059043	-0.042009j	
     65	   64		0.059005	0.041990j	
     66	   11		0.037889	0.019658j	
     66	   67		-0.018934	-0.009866j	
     67	   66		0.018934	0.009866j	
     68	   12		0.058163	0.033644j	
     68	   69		-0.029078	-0.016832j	
     69	   68		0.029078	0.016832j	
-----------------------------------------------------------------------------------------

-----------------------------------------------------------------------------------------
			Line Loss 		
-----------------------------------------------------------------------------------------
| From Bus | To Bus |    P (MW)    |    Q (MVAr)     |
-----------------------------------------------------------------------------------------
    2	    1		0.000000	0.000000	
    3	    2		-0.000000	-0.000000	
    4	    3		-0.000001	-0.000003	
    5	    4		-0.000318	-0.000372	
    6	    5		-0.004637	-0.002362	
    7	    6		-0.004852	-0.002471	
    8	    7		-0.001257	-0.000641	
    9	    8		-0.000810	-0.000413	
   10	    9		-0.077073	-0.025475	
   11	   10		-0.017916	-0.005924	
   12	   11		-0.075707	-0.025019	
   13	   12		-0.122335	-0.040382	
   14	   13		-0.124493	-0.041140	
   15	   14		-0.126667	-0.041855	
   16	   15		-0.023537	-0.007782	
   17	   16		-0.045802	-0.015145	
   18	   17		-0.000590	-0.000201	
   19	   18		-0.042251	-0.013968	
   20	   19		-0.027161	-0.008899	
   21	   20		-0.044075	-0.014567	
   22	   21		-0.001901	-0.000625	
   22	   23		-0.000003	-0.000001	
   23	   24		-0.000007	-0.000002	
   24	   25		-0.000004	-0.000001	
   25	   26		-0.000002	-0.000001	
   26	   27		-0.000000	-0.000000	
    3	   28		-0.000000	-0.000001	
   28	   29		-0.000003	-0.000006	
   29	   30		-0.000006	-0.000002	
   30	   31		-0.000001	-0.000000	
   31	   32		-0.000005	-0.000002	
   32	   33		-0.000012	-0.000004	
   33	   34		-0.000010	-0.000003	
   34	   35		-0.000000	-0.000000	
    3	   36		-0.000002	-0.000004	
   36	   37		-0.000017	-0.000042	
   37	   38		-0.000020	-0.000024	
   38	   39		-0.000006	-0.000007	
   39	   40		-0.000000	-0.000000	
   40	   41		-0.000058	-0.000068	
   41	   42		-0.000024	-0.000028	
   42	   43		-0.000003	-0.000004	
   43	   44		-0.000001	-0.000001	
   44	   45		-0.000007	-0.000009	
   45	   46		-0.000000	-0.000000	
    4	   47		-0.000023	-0.000058	
   47	   48		-0.000583	-0.001426	
   48	   49		-0.001633	-0.003996	
   49	   50		-0.000116	-0.000283	
    8	   51		-0.000002	-0.000001	
   51	   52		-0.000000	-0.000000	
    9	   53		-0.005372	-0.002735	
   53	   54		-0.006236	-0.003176	
   54	   55		-0.008477	-0.004316	
   55	   56		-0.008166	-0.004160	
   56	   57		-0.046156	-0.015493	
   57	   58		-0.022750	-0.007635	
   58	   59		-0.008831	-0.002920	
   59	   60		-0.009912	-0.003009	
   60	   61		-0.013029	-0.006637	
   61	   62		-0.000104	-0.000053	
   62	   63		-0.000125	-0.000064	
   63	   64		-0.000614	-0.000313	
   64	   65		-0.000038	-0.000019	
   11	   66		-0.000002	-0.000001	
   66	   67		-0.000000	-0.000000	
   12	   68		-0.000019	-0.000006	
   68	   69		-0.000000	-0.000000	
   11	   43		0.000000	0.000000	
   13	   21		0.000000	0.000000	
   15	   46		0.000000	0.000000	
   50	   59		0.000000	0.000000	
   27	   65		0.000000	0.000000	
-----------------------------------------------------------------------------------------
Total			0.873768 MW	0.303755 MVAr
-----------------------------------------------------------------------------------------

#########################################################################################
