
#########################################################################################

Summary :

Minimum voltage in the 69 bus system is at bus no : 65	Voltage magnitude is : 0.909401

Real Power Loss = 0.231844 MW

Reactive Power Loss =  0.120012 MVAr


-----------------------------------------------------------------------------------------
			Newton Raphson Loadflow Results		
-----------------------------------------------------------------------------------------

| Bus |      V      |   Angle  |     Injection Power      |          Load      |
| No  |      pu     |  Degrees |    MW      |      MVar   |     KW     |  KVar |

-----------------------------------------------------------------------------------------

   1	1.000000    0.000000	0.000000    -0.000000   0.000   0.000
   2	1.000000    -0.000000	-0.021302    0.008876   0.000   0.000
   3	1.000000    0.000011	-0.016584    0.006888   0.000   0.000
   4	1.000007    0.000371	-0.005375    0.002362   0.000   0.000
   5	0.999191    -0.012509	-0.000310    0.000285   0.000   0.000
   6	0.990267    0.051413	-0.002632    -0.002133   2.600   2.200
   7	0.980985    0.117853	-0.040479    -0.029676   40.400   30.000
   8	0.978771    0.133578	-0.075244    -0.053163   75.000   54.000
   9	0.977639    0.141602	-0.030156    -0.021535   30.000   22.000
  10	0.972639    0.216812	-0.028028    -0.018697   28.000   19.000
  11	0.971537    0.233341	-0.145048    -0.102630   145.000   104.000
  12	0.968375    0.279718	-0.145016    -0.102485   145.000   104.000
  13	0.965449    0.320194	-0.008008    -0.004883   8.000   5.000
  14	0.962548    0.360290	-0.008008    -0.005371   8.000   5.500
  15	0.959675    0.399840	-0.000025    0.000075   0.000   0.000
  16	0.959141    0.407190	-0.045532    -0.029226   45.500   30.000
  17	0.958260    0.419172	-0.060905    -0.031407   60.000   35.000
  18	0.958251    0.419298	-0.060907    -0.031402   60.000   35.000
  19	0.957786    0.426936	-0.000032    0.000097   0.000   0.000
  20	0.957487    0.431896	-0.001031    -0.000488   1.000   0.600
  21	0.957005    0.439856	-0.114303    -0.078234   114.000   81.000
  22	0.956998    0.439968	-0.005317    -0.002451   5.000   3.500
  23	0.956926    0.441185	-0.000038    0.000114   0.000   0.000
  24	0.956769    0.443850	-0.028017    -0.019491   28.000   20.000
  25	0.956600    0.446704	-0.000019    0.000057   0.000   0.000
  26	0.956530    0.447888	-0.014037    -0.009658   14.000   10.000
  27	0.956510    0.448222	-0.014024    -0.009698   14.000   10.000
  28	0.999993    -0.000248	-0.027273    -0.018081   26.000   18.600
  29	0.999922    -0.002878	-0.026089    -0.018531   26.000   18.600
  30	0.999801    -0.000841	-0.000075    0.000227   0.000   0.000
  31	0.999779    -0.000475	-0.000076    0.000231   0.000   0.000
  32	0.999673    0.001386	-0.000018    0.000055   0.000   0.000
  33	0.999416    0.005792	-0.014008    -0.009973   14.000   10.000
  34	0.999081    0.011619	-0.019506    -0.013975   19.500   14.000
  35	0.999014    0.012677	-0.006003    -0.003988   6.000   4.000
  36	0.999987    -0.000647	-0.027273    -0.018032   26.000   18.550
  37	0.999825    -0.009055	-0.026152    -0.018463   26.000   18.550
  38	0.999665    -0.013452	-0.000314    0.000269   0.000   0.000
  39	0.999619    -0.014714	-0.028358    -0.013279   24.000   17.000
  40	0.999617    -0.014776	-0.028125    -0.013479   24.000   17.000
  41	0.998909    -0.034813	-0.001234    -0.000972   1.200   1.000
  42	0.998613    -0.043293	-0.000204    0.000175   0.000   0.000
  43	0.998574    -0.044405	-0.006972    -0.003528   6.000   4.300
  44	0.998565    -0.044669	-0.000858    0.000679   0.000   0.000
  45	0.998466    -0.047725	-0.047262    -0.020344   39.220   26.300
  46	0.998466    -0.047739	-0.047196    -0.020397   39.220   26.300
  47	1.000187    0.007570	-0.001597    0.000647   0.000   0.000
  48	1.004673    0.185633	4.037240    2.668075   0.000   0.000
  49	1.000856    0.047368	-0.384782    -0.273830   384.700   274.500
  50	1.000315    0.027764	-0.384764    -0.274101   384.700   274.500
  51	0.978736    0.133854	-0.040576    -0.027944   40.500   28.300
  52	0.978726    0.134028	-0.003613    -0.002644   3.600   2.700
  53	0.974852    0.162489	-0.004412    -0.003353   4.350   3.500
  54	0.971609    0.186750	-0.026448    -0.018727   26.400   19.000
  55	0.967134    0.220202	-0.024040    -0.016930   24.000   17.200
  56	0.962764    0.252767	-0.000023    0.000047   0.000   0.000
  57	0.940243    0.619175	-0.000008    0.000023   0.000   0.000
  58	0.929143    0.799821	-0.000018    0.000054   0.000   0.000
  59	0.924846    0.870927	-0.100022    -0.068606   100.000   72.000
  60	0.919794    0.962192	-0.000019    0.000051   0.000   0.000
  61	0.912379    1.017330	-1.244062    -0.838803   1244.000   888.000
  62	0.912089    1.019475	-0.032087    -0.021561   32.000   23.000
  63	0.911700    1.022353	-0.000042    0.000084   0.000   0.000
  64	0.909795    1.036454	-0.227012    -0.152825   227.000   162.000
  65	0.909219    1.040681	-0.059005    -0.039600   59.000   42.000
  66	0.971481    0.233991	-0.018844    -0.010010   18.000   13.000
  67	0.971480    0.233999	-0.018824    -0.010075   18.000   13.000
  68	0.968044    0.283855	-0.028918    -0.017006   28.000   20.000
  69	0.968043    0.283868	-0.028912    -0.017023   28.000   20.000
-----------------------------------------------------------------------------------------
Total				0.231844    0.170662      3722.890      2637.700
-----------------------------------------------------------------------------------------

-----------------------------------------------------------------------------------------
			Line Flow Result		
-----------------------------------------------------------------------------------------
| From Bus | To Bus |    P (MW)    |    Q (MVAr)     |
-----------------------------------------------------------------------------------------
      1	    2		-0.000000	0.000000j	
      2	    1		0.000000	-0.000000j	
      2	    3		0.021302	-0.008876j	
      3	    2		-0.021302	0.008876j	
      3	    4		0.345059	0.155651j	
      3	   28		-0.093087	-0.064066j	
      3	   36		-0.214086	-0.107349j	
      4	    3		-0.345060	-0.155654j	
      4	    5		-2.905592	-1.967928j	
      4	   47		3.256026	2.121221j	
      5	    4		2.903663	1.965669j	
      5	    6		-2.903353	-1.965954j	
      6	    5		2.875233	1.951633j	
      6	    7		-2.872601	-1.949495j	
      7	    6		2.843377	1.934611j	
      7	    8		-2.802898	-1.904766j	
      8	    7		2.796033	1.901266j	
      8	    9		-2.676599	-1.816944j	
      8	   51		-0.044190	-0.030800j	
      9	    8		2.673239	1.815233j	
      9	   10		-0.786234	-0.513428j	
      9	   53		-1.856848	-1.280118j	
     10	    9		0.781520	0.511870j	
     10	   11		-0.753492	-0.492954j	
     11	   10		0.752491	0.492623j	
     11	   12		-0.569773	-0.368370j	
     11	   66		-0.037670	-0.020403j	
     12	   11		0.567608	0.367655j	
     12	   13		-0.364740	-0.229072j	
     12	   68		-0.057853	-0.034630j	
     13	   12		0.363469	0.228653j	
     13	   14		-0.355461	-0.223677j	
     14	   13		0.354228	0.223270j	
     14	   15		-0.346220	-0.217794j	
     15	   14		0.345028	0.217400j	
     15	   16		-0.345003	-0.217475j	
     16	   15		0.344782	0.217402j	
     16	   17		-0.299250	-0.187498j	
     17	   16		0.298933	0.187393j	
     17	   18		-0.238028	-0.155053j	
     18	   17		0.238026	0.155052j	
     18	   19		-0.177119	-0.122717j	
     19	   18		0.177016	0.122682j	
     19	   20		-0.176984	-0.122779j	
     20	   19		0.176917	0.122757j	
     20	   21		-0.175886	-0.122253j	
     21	   20		0.175779	0.122218j	
     21	   22		-0.061476	-0.042139j	
     22	   21		0.061476	0.042139j	
     22	   23		-0.056159	-0.039603j	
     23	   22		0.056154	0.039601j	
     23	   24		-0.056116	-0.039715j	
     24	   23		0.056105	0.039711j	
     24	   25		-0.028088	-0.019763j	
     25	   24		0.028082	0.019761j	
     25	   26		-0.028063	-0.019818j	
     26	   25		0.028061	0.019817j	
     26	   27		-0.014024	-0.009929j	
     27	   26		0.014024	0.009929j	
     28	    3		0.093086	0.064065j	
     28	   29		-0.065813	-0.045984j	
     29	   28		0.065811	0.045978j	
     29	   30		-0.039721	-0.027449j	
     30	   29		0.039715	0.027447j	
     30	   31		-0.039640	-0.027674j	
     31	   30		0.039639	0.027674j	
     31	   32		-0.039563	-0.027905j	
     32	   31		0.039558	0.027903j	
     32	   33		-0.039540	-0.027958j	
     33	   32		0.039528	0.027953j	
     33	   34		-0.025520	-0.017977j	
     34	   33		0.025509	0.017974j	
     34	   35		-0.006004	-0.003991j	
     35	   34		0.006003	0.003991j	
     36	    3		0.214084	0.107345j	
     36	   37		-0.186811	-0.089314j	
     37	   36		0.186794	0.089272j	
     37	   38		-0.160642	-0.070817j	
     38	   37		0.160622	0.070793j	
     38	   39		-0.160308	-0.071062j	
     39	   38		0.160302	0.071055j	
     39	   40		-0.131944	-0.057790j	
     40	   39		0.131944	0.057790j	
     40	   41		-0.103819	-0.044326j	
     41	   40		0.103761	0.044258j	
     41	   42		-0.102527	-0.043287j	
     42	   41		0.102503	0.043259j	
     42	   43		-0.102299	-0.043434j	
     43	   42		0.102296	0.043430j	
     43	   44		-0.095324	-0.039913j	
     44	   43		0.095324	0.039912j	
     44	   45		-0.094465	-0.040593j	
     45	   44		0.094458	0.040584j	
     45	   46		-0.047196	-0.020318j	
     46	   45		0.047196	0.020318j	
     47	    4		-3.256347	-2.122012j	
     47	   48		3.257943	2.121365j	
     48	   47		-3.265965	-2.141001j	
     48	   49		-0.771274	-0.553169j	
     49	   48		0.769661	0.549220j	
     49	   50		-0.384878	-0.274754j	
     50	   49		0.384764	0.274474j	
     51	    8		0.044189	0.030799j	
     51	   52		-0.003613	-0.002661j	
     52	   51		0.003613	0.002661j	
     53	    9		1.851071	1.277176j	
     53	   54		-1.846659	-1.273796j	
     54	   53		1.839952	1.270380j	
     54	   55		-1.813504	-1.251475j	
     55	   54		1.804384	1.246832j	
     55	   56		-1.780344	-1.229711j	
     56	   55		1.771559	1.225236j	
     56	   57		-1.771537	-1.225283j	
     57	   56		1.721881	1.208615j	
     57	   58		-1.721874	-1.208638j	
     58	   57		1.697399	1.200424j	
     58	   59		-1.697381	-1.200478j	
     59	   58		1.687881	1.197336j	
     59	   60		-1.587859	-1.125404j	
     60	   59		1.577194	1.122167j	
     60	   61		-1.577175	-1.122217j	
     61	   60		1.563156	1.115076j	
     61	   62		-0.319094	-0.227198j	
     62	   61		0.318982	0.227141j	
     62	   63		-0.286895	-0.204311j	
     63	   62		0.286761	0.204242j	
     63	   64		-0.286719	-0.204325j	
     64	   63		0.286058	0.203988j	
     64	   65		-0.059046	-0.042012j	
     65	   64		0.059005	0.041991j	
     66	   11		0.037668	0.020402j	
     66	   67		-0.018824	-0.010233j	
     67	   66		0.018824	0.010233j	
     68	   12		0.057831	0.034622j	
     68	   69		-0.028912	-0.017320j	
     69	   68		0.028912	0.017320j	
-----------------------------------------------------------------------------------------

-----------------------------------------------------------------------------------------
			Line Loss 		
-----------------------------------------------------------------------------------------
| From Bus | To Bus |    P (MW)    |    Q (MVAr)     |
-----------------------------------------------------------------------------------------
    2	    1		0.000000	0.000000	
    3	    2		-0.000000	-0.000000	
    4	    3		-0.000001	-0.000003	
    5	    4		-0.001929	-0.002259	
    6	    5		-0.028121	-0.014322	
    7	    6		-0.029224	-0.014884	
    8	    7		-0.006865	-0.003500	
    9	    8		-0.003360	-0.001711	
   10	    9		-0.004714	-0.001558	
   11	   10		-0.001001	-0.000331	
   12	   11		-0.002165	-0.000715	
   13	   12		-0.001271	-0.000420	
   14	   13		-0.001233	-0.000407	
   15	   14		-0.001192	-0.000394	
   16	   15		-0.000222	-0.000073	
   17	   16		-0.000317	-0.000105	
   18	   17		-0.000003	-0.000001	
   19	   18		-0.000103	-0.000034	
   20	   19		-0.000066	-0.000022	
   21	   20		-0.000107	-0.000035	
   22	   21		-0.000001	-0.000000	
   23	   22		-0.000005	-0.000002	
   24	   23		-0.000011	-0.000004	
   25	   24		-0.000006	-0.000002	
   26	   25		-0.000002	-0.000001	
   27	   26		-0.000000	-0.000000	
   28	    3		-0.000000	-0.000001	
   29	   28		-0.000003	-0.000006	
   30	   29		-0.000006	-0.000002	
   31	   30		-0.000001	-0.000000	
   32	   31		-0.000005	-0.000002	
   33	   32		-0.000012	-0.000004	
   34	   33		-0.000010	-0.000003	
   35	   34		-0.000000	-0.000000	
   36	    3		-0.000002	-0.000004	
   37	   36		-0.000017	-0.000042	
   38	   37		-0.000020	-0.000024	
   39	   38		-0.000006	-0.000007	
   40	   39		-0.000000	-0.000000	
   41	   40		-0.000058	-0.000068	
   42	   41		-0.000024	-0.000028	
   43	   42		-0.000003	-0.000004	
   44	   43		-0.000001	-0.000001	
   45	   44		-0.000007	-0.000009	
   46	   45		-0.000000	-0.000000	
   47	    4		-0.000320	-0.000791	
   48	   47		-0.008022	-0.019636	
   48	   49		-0.001614	-0.003949	
   49	   50		-0.000114	-0.000280	
    8	   51		-0.000002	-0.000001	
   51	   52		-0.000000	-0.000000	
    9	   53		-0.005778	-0.002942	
   53	   54		-0.006707	-0.003416	
   54	   55		-0.009119	-0.004643	
   55	   56		-0.008785	-0.004475	
   56	   57		-0.049655	-0.016667	
   57	   58		-0.024475	-0.008214	
   58	   59		-0.009500	-0.003142	
   59	   60		-0.010665	-0.003237	
   60	   61		-0.014019	-0.007141	
   61	   62		-0.000112	-0.000057	
   62	   63		-0.000135	-0.000069	
   63	   64		-0.000661	-0.000337	
   64	   65		-0.000041	-0.000021	
   11	   66		-0.000002	-0.000001	
   66	   67		-0.000000	-0.000000	
   12	   68		-0.000022	-0.000007	
   68	   69		-0.000000	-0.000000	
   11	   43		0.000000	0.000000	
   13	   21		0.000000	0.000000	
   15	   46		0.000000	0.000000	
   50	   59		0.000000	0.000000	
   27	   65		0.000000	0.000000	
-----------------------------------------------------------------------------------------
Total			0.231844 MW	0.120012 MVAr
-----------------------------------------------------------------------------------------

#########################################################################################
