
#########################################################################################

Summary :

Minimum voltage in the 69 bus system is at bus no : 65	Voltage magnitude is : 0.941730

Real Power Loss = 0.219781 MW

Reactive Power Loss =  0.090777 MVAr


-----------------------------------------------------------------------------------------
			Newton Raphson Loadflow Results		
-----------------------------------------------------------------------------------------

| Bus |      V      |   Angle  |     Injection Power      |          Load      |
| No  |      pu     |  Degrees |    MW      |      MVar   |     KW     |  KVar |

-----------------------------------------------------------------------------------------

   1	1.000000    0.000000	0.000000    -0.000000   0.000   0.000
   2	1.000000    -0.000000	-0.021302    0.008876   0.000   0.000
   3	1.000000    0.000011	-0.016584    0.006888   0.000   0.000
   4	1.000007    0.000371	-0.005375    0.002362   0.000   0.000
   5	1.000335    0.006162	-0.000311    0.000286   0.000   0.000
   6	1.003971    -0.013540	-0.002633    -0.002137   2.600   2.200
   7	1.007765    -0.034158	-0.040483    -0.029885   40.400   30.000
   8	1.008715    -0.039431	-0.075260    -0.053592   75.000   54.000
   9	1.007621    -0.031456	-0.030167    -0.021698   30.000   22.000
  10	1.002779    0.041973	-0.028029    -0.018870   28.000   19.000
  11	1.001711    0.058107	-0.145051    -0.103546   145.000   104.000
  12	0.998649    0.103402	-0.145017    -0.103425   145.000   104.000
  13	0.995816    0.142964	-0.008008    -0.004934   8.000   5.000
  14	0.993007    0.182150	-0.008008    -0.005423   8.000   5.500
  15	0.990225    0.220800	-0.000026    0.000080   0.000   0.000
  16	0.989709    0.227984	-0.045534    -0.029530   45.500   30.000
  17	0.988855    0.239685	-0.060964    -0.031651   60.000   35.000
  18	0.988847    0.239808	-0.060965    -0.031646   60.000   35.000
  19	0.988396    0.247277	-0.000034    0.000103   0.000   0.000
  20	0.988107    0.252127	-0.001033    -0.000489   1.000   0.600
  21	0.987640    0.259912	-0.114323    -0.078964   114.000   81.000
  22	0.987633    0.260020	-0.005337    -0.002425   5.000   3.500
  23	0.987564    0.261212	-0.000040    0.000121   0.000   0.000
  24	0.987412    0.263822	-0.028018    -0.019682   28.000   20.000
  25	0.987248    0.266614	-0.000020    0.000060   0.000   0.000
  26	0.987180    0.267773	-0.014039    -0.009748   14.000   10.000
  27	0.987161    0.268100	-0.014025    -0.009790   14.000   10.000
  28	0.999993    -0.000248	-0.027273    -0.018081   26.000   18.600
  29	0.999922    -0.002878	-0.026089    -0.018531   26.000   18.600
  30	0.999801    -0.000841	-0.000075    0.000227   0.000   0.000
  31	0.999779    -0.000475	-0.000076    0.000231   0.000   0.000
  32	0.999673    0.001386	-0.000018    0.000055   0.000   0.000
  33	0.999416    0.005792	-0.014008    -0.009973   14.000   10.000
  34	0.999081    0.011619	-0.019506    -0.013975   19.500   14.000
  35	0.999014    0.012677	-0.006003    -0.003988   6.000   4.000
  36	0.999987    -0.000647	-0.027273    -0.018032   26.000   18.550
  37	0.999825    -0.009055	-0.026152    -0.018463   26.000   18.550
  38	0.999665    -0.013452	-0.000314    0.000269   0.000   0.000
  39	0.999619    -0.014714	-0.028358    -0.013279   24.000   17.000
  40	0.999617    -0.014776	-0.028125    -0.013479   24.000   17.000
  41	0.998909    -0.034813	-0.001234    -0.000972   1.200   1.000
  42	0.998613    -0.043293	-0.000204    0.000175   0.000   0.000
  43	0.998574    -0.044405	-0.006972    -0.003528   6.000   4.300
  44	0.998565    -0.044669	-0.000858    0.000679   0.000   0.000
  45	0.998466    -0.047725	-0.047262    -0.020344   39.220   26.300
  46	0.998466    -0.047739	-0.047196    -0.020397   39.220   26.300
  47	0.999957    -0.001447	-0.001596    0.000646   0.000   0.000
  48	0.998711    -0.046224	-0.079080    -0.056495   79.000   56.400
  49	0.994862    -0.184427	-0.384781    -0.276951   384.700   274.500
  50	0.994316    -0.204022	-0.384763    -0.277223   384.700   274.500
  51	1.011791    -0.060201	-0.040584    -0.028199   40.500   28.300
  52	1.021938    -0.218026	4.100692    2.747557   0.000   0.000
  53	1.004931    -0.010647	-0.004417    -0.003369   4.350   3.500
  54	1.001800    0.013527	-0.026453    -0.018882   26.400   19.000
  55	0.997482    0.046860	-0.024044    -0.017074   24.000   17.200
  56	0.993264    0.079317	0.000002    -0.000012   0.000   0.000
  57	0.971541    0.438313	0.000046    -0.000099   0.000   0.000
  58	0.960834    0.615264	0.000018    -0.000024   0.000   0.000
  59	0.956690    0.684889	-0.099987    -0.069458   100.000   72.000
  60	0.951818    0.774137	-0.000017    0.000160   0.000   0.000
  61	0.944661    0.829045	-1.243854    -0.849078   1244.000   888.000
  62	0.944381    0.831181	-0.032087    -0.021814   32.000   23.000
  63	0.944006    0.834047	-0.000044    0.000088   0.000   0.000
  64	0.942168    0.848090	-0.226973    -0.154706   227.000   162.000
  65	0.941612    0.852301	-0.058995    -0.040090   59.000   42.000
  66	1.001656    0.058720	-0.018897    -0.009952   18.000   13.000
  67	1.001656    0.058728	-0.018876    -0.010020   18.000   13.000
  68	0.998328    0.107373	-0.028976    -0.017022   28.000   20.000
  69	0.998327    0.107385	-0.028970    -0.017041   28.000   20.000
-----------------------------------------------------------------------------------------
Total				0.219781    0.170876      3798.290      2691.400
-----------------------------------------------------------------------------------------

-----------------------------------------------------------------------------------------
			Line Flow Result		
-----------------------------------------------------------------------------------------
| From Bus | To Bus |    P (MW)    |    Q (MVAr)     |
-----------------------------------------------------------------------------------------
      1	    2		-0.000000	0.000000j	
      2	    1		0.000000	-0.000000j	
      2	    3		0.021302	-0.008876j	
      3	    2		-0.021302	0.008876j	
      3	    4		0.345059	0.155651j	
      3	   28		-0.093087	-0.064066j	
      3	   36		-0.214086	-0.107349j	
      4	    3		-0.345060	-0.155654j	
      4	    5		1.203010	0.763718j	
      4	   47		-0.852575	-0.610426j	
      5	    4		-1.203328	-0.764090j	
      5	    6		1.203638	0.763805j	
      6	    5		-1.208276	-0.766166j	
      6	    7		1.210908	0.768302j	
      7	    6		-1.215760	-0.770773j	
      7	    8		1.256243	0.800610j	
      8	    7		-1.257500	-0.801251j	
      8	    9		-2.666222	-1.811435j	
      8	   51		3.998982	2.666175j	
      9	    8		2.663081	1.809835j	
      9	   10		-0.785875	-0.511943j	
      9	   53		-1.847039	-1.276227j	
     10	    9		0.781448	0.510480j	
     10	   11		-0.753418	-0.491569j	
     11	   10		0.752478	0.491258j	
     11	   12		-0.569652	-0.367368j	
     11	   66		-0.037775	-0.020050j	
     12	   11		0.567619	0.366696j	
     12	   13		-0.364635	-0.228459j	
     12	   68		-0.057968	-0.034288j	
     13	   12		0.363442	0.228065j	
     13	   14		-0.355433	-0.223091j	
     14	   13		0.354277	0.222709j	
     14	   15		-0.346268	-0.217234j	
     15	   14		0.345150	0.216864j	
     15	   16		-0.345123	-0.216944j	
     16	   15		0.344916	0.216875j	
     16	   17		-0.299382	-0.186978j	
     17	   16		0.299085	0.186880j	
     17	   18		-0.238121	-0.154712j	
     18	   17		0.238119	0.154711j	
     18	   19		-0.177153	-0.122548j	
     19	   18		0.177056	0.122516j	
     19	   20		-0.177022	-0.122619j	
     20	   19		0.176960	0.122599j	
     20	   21		-0.175927	-0.122100j	
     21	   20		0.175827	0.122067j	
     21	   22		-0.061504	-0.042050j	
     22	   21		0.061504	0.042050j	
     22	   23		-0.056166	-0.039576j	
     23	   22		0.056161	0.039574j	
     23	   24		-0.056121	-0.039695j	
     24	   23		0.056111	0.039692j	
     24	   25		-0.028093	-0.019747j	
     25	   24		0.028087	0.019746j	
     25	   26		-0.028067	-0.019806j	
     26	   25		0.028065	0.019805j	
     26	   27		-0.014025	-0.009924j	
     27	   26		0.014025	0.009924j	
     28	    3		0.093086	0.064065j	
     28	   29		-0.065813	-0.045984j	
     29	   28		0.065811	0.045978j	
     29	   30		-0.039721	-0.027449j	
     30	   29		0.039715	0.027447j	
     30	   31		-0.039640	-0.027674j	
     31	   30		0.039639	0.027674j	
     31	   32		-0.039563	-0.027905j	
     32	   31		0.039558	0.027903j	
     32	   33		-0.039540	-0.027958j	
     33	   32		0.039528	0.027953j	
     33	   34		-0.025520	-0.017977j	
     34	   33		0.025509	0.017974j	
     34	   35		-0.006004	-0.003991j	
     35	   34		0.006003	0.003991j	
     36	    3		0.214084	0.107345j	
     36	   37		-0.186811	-0.089314j	
     37	   36		0.186794	0.089272j	
     37	   38		-0.160642	-0.070817j	
     38	   37		0.160622	0.070793j	
     38	   39		-0.160308	-0.071062j	
     39	   38		0.160302	0.071055j	
     39	   40		-0.131944	-0.057790j	
     40	   39		0.131944	0.057790j	
     40	   41		-0.103819	-0.044326j	
     41	   40		0.103761	0.044258j	
     41	   42		-0.102527	-0.043287j	
     42	   41		0.102503	0.043259j	
     42	   43		-0.102299	-0.043434j	
     43	   42		0.102296	0.043430j	
     43	   44		-0.095324	-0.039913j	
     44	   43		0.095324	0.039912j	
     44	   45		-0.094465	-0.040593j	
     45	   44		0.094458	0.040584j	
     45	   46		-0.047196	-0.020318j	
     46	   45		0.047196	0.020318j	
     47	    4		0.852552	0.610368j	
     47	   48		-0.850956	-0.611014j	
     48	   47		0.850373	0.609588j	
     48	   49		-0.771293	-0.553221j	
     49	   48		0.769660	0.549224j	
     49	   50		-0.384879	-0.274758j	
     50	   49		0.384763	0.274474j	
     51	    8		-4.012127	-2.672875j	
     51	   52		4.052711	2.700990j	
     52	   51		-4.100692	-2.717094j	
     53	    9		1.841650	1.273483j	
     53	   54		-1.837233	-1.270116j	
     54	   53		1.830976	1.266929j	
     54	   55		-1.804523	-1.248034j	
     55	   54		1.796018	1.243704j	
     55	   56		-1.771974	-1.226591j	
     56	   55		1.763781	1.222417j	
     56	   57		-1.763783	-1.222405j	
     57	   56		1.717476	1.206862j	
     57	   58		-1.717523	-1.206763j	
     58	   57		1.694698	1.199104j	
     58	   59		-1.694717	-1.199080j	
     59	   58		1.685857	1.196150j	
     59	   60		-1.585870	-1.124171j	
     60	   59		1.575926	1.121153j	
     60	   61		-1.575909	-1.121312j	
     61	   60		1.562837	1.114654j	
     61	   62		-0.318983	-0.227064j	
     62	   61		0.318879	0.227011j	
     62	   63		-0.286791	-0.204201j	
     63	   62		0.286666	0.204137j	
     63	   64		-0.286622	-0.204223j	
     64	   63		0.286006	0.203910j	
     64	   65		-0.059033	-0.041994j	
     65	   64		0.058995	0.041974j	
     66	   11		0.037773	0.020049j	
     66	   67		-0.018876	-0.010059j	
     67	   66		0.018876	0.010059j	
     68	   12		0.057947	0.034281j	
     68	   69		-0.028970	-0.017149j	
     69	   68		0.028970	0.017149j	
-----------------------------------------------------------------------------------------

-----------------------------------------------------------------------------------------
			Line Loss 		
-----------------------------------------------------------------------------------------
| From Bus | To Bus |    P (MW)    |    Q (MVAr)     |
-----------------------------------------------------------------------------------------
    2	    1		0.000000	0.000000	
    3	    2		-0.000000	-0.000000	
    4	    3		-0.000001	-0.000003	
    5	    4		-0.000318	-0.000372	
    6	    5		-0.004637	-0.002362	
    7	    6		-0.004852	-0.002471	
    8	    7		-0.001257	-0.000641	
    9	    8		-0.003141	-0.001599	
   10	    9		-0.004427	-0.001463	
   11	   10		-0.000940	-0.000311	
   12	   11		-0.002032	-0.000672	
   13	   12		-0.001193	-0.000394	
   14	   13		-0.001157	-0.000382	
   15	   14		-0.001119	-0.000370	
   16	   15		-0.000208	-0.000069	
   17	   16		-0.000297	-0.000098	
   18	   17		-0.000002	-0.000001	
   19	   18		-0.000097	-0.000032	
   20	   19		-0.000062	-0.000020	
   21	   20		-0.000100	-0.000033	
   22	   21		-0.000000	-0.000000	
   23	   22		-0.000005	-0.000002	
   24	   23		-0.000010	-0.000003	
   25	   24		-0.000006	-0.000002	
   26	   25		-0.000002	-0.000001	
   27	   26		-0.000000	-0.000000	
   28	    3		-0.000000	-0.000001	
   29	   28		-0.000003	-0.000006	
   30	   29		-0.000006	-0.000002	
   31	   30		-0.000001	-0.000000	
   32	   31		-0.000005	-0.000002	
   33	   32		-0.000012	-0.000004	
   34	   33		-0.000010	-0.000003	
   35	   34		-0.000000	-0.000000	
   36	    3		-0.000002	-0.000004	
   37	   36		-0.000017	-0.000042	
   38	   37		-0.000020	-0.000024	
   39	   38		-0.000006	-0.000007	
   40	   39		-0.000000	-0.000000	
   41	   40		-0.000058	-0.000068	
   42	   41		-0.000024	-0.000028	
   43	   42		-0.000003	-0.000004	
   44	   43		-0.000001	-0.000001	
   45	   44		-0.000007	-0.000009	
   46	   45		-0.000000	-0.000000	
   47	    4		-0.000023	-0.000058	
   48	   47		-0.000583	-0.001426	
   49	   48		-0.001633	-0.003996	
   50	   49		-0.000116	-0.000283	
   51	    8		-0.013145	-0.006700	
   52	   51		-0.047981	-0.016104	
    9	   53		-0.005389	-0.002744	
   53	   54		-0.006257	-0.003187	
   54	   55		-0.008505	-0.004330	
   55	   56		-0.008193	-0.004173	
   56	   57		-0.046307	-0.015544	
   57	   58		-0.022824	-0.007659	
   58	   59		-0.008859	-0.002930	
   59	   60		-0.009944	-0.003019	
   60	   61		-0.013072	-0.006658	
   61	   62		-0.000104	-0.000053	
   62	   63		-0.000126	-0.000064	
   63	   64		-0.000616	-0.000314	
   64	   65		-0.000038	-0.000020	
   11	   66		-0.000002	-0.000001	
   66	   67		-0.000000	-0.000000	
   12	   68		-0.000021	-0.000007	
   68	   69		-0.000000	-0.000000	
   11	   43		0.000000	0.000000	
   13	   21		0.000000	0.000000	
   15	   46		0.000000	0.000000	
   50	   59		0.000000	0.000000	
   27	   65		0.000000	0.000000	
-----------------------------------------------------------------------------------------
Total			0.219781 MW	0.090777 MVAr
-----------------------------------------------------------------------------------------

#########################################################################################
