
#########################################################################################

Summary :

Minimum voltage in the 69 bus system is at bus no : 65	Voltage magnitude is : 0.909290

Real Power Loss = 0.233893 MW

Reactive Power Loss =  0.124888 MVAr


-----------------------------------------------------------------------------------------
			Newton Raphson Loadflow Results		
-----------------------------------------------------------------------------------------

| Bus |      V      |   Angle  |     Injection Power      |          Load      |
| No  |      pu     |  Degrees |    MW      |      MVar   |     KW     |  KVar |

-----------------------------------------------------------------------------------------

   1	1.000000    0.000000	0.000000    -0.000000   0.000   0.000
   2	1.000000    -0.000000	-0.021302    0.008876   0.000   0.000
   3	1.000000    0.000011	-0.016584    0.006888   0.000   0.000
   4	0.999907    -0.003451	-0.005374    0.002361   0.000   0.000
   5	0.999091    -0.016330	-0.000310    0.000285   0.000   0.000
   6	0.990166    0.047632	-0.002632    -0.002133   2.600   2.200
   7	0.980883    0.114114	-0.040479    -0.029681   40.400   30.000
   8	0.978669    0.129850	-0.075244    -0.053173   75.000   54.000
   9	0.977537    0.137879	-0.030156    -0.021539   30.000   22.000
  10	0.972536    0.213117	-0.028028    -0.018701   28.000   19.000
  11	0.971434    0.229652	-0.145048    -0.102649   145.000   104.000
  12	0.968272    0.276047	-0.145016    -0.102504   145.000   104.000
  13	0.965345    0.316539	-0.008008    -0.004884   8.000   5.000
  14	0.962444    0.356651	-0.008008    -0.005372   8.000   5.500
  15	0.959571    0.396217	-0.000025    0.000075   0.000   0.000
  16	0.959038    0.403570	-0.045532    -0.029232   45.500   30.000
  17	0.958156    0.415557	-0.060905    -0.031415   60.000   35.000
  18	0.958147    0.415683	-0.060906    -0.031410   60.000   35.000
  19	0.957682    0.423324	-0.000032    0.000097   0.000   0.000
  20	0.957383    0.428285	-0.001031    -0.000489   1.000   0.600
  21	0.956900    0.436248	-0.114303    -0.078249   114.000   81.000
  22	0.956894    0.436360	-0.005317    -0.002452   5.000   3.500
  23	0.956822    0.437577	-0.000038    0.000114   0.000   0.000
  24	0.956665    0.440243	-0.028017    -0.019495   28.000   20.000
  25	0.956495    0.443098	-0.000019    0.000057   0.000   0.000
  26	0.956425    0.444282	-0.014037    -0.009660   14.000   10.000
  27	0.956406    0.444616	-0.014024    -0.009700   14.000   10.000
  28	0.999993    -0.000248	-0.027273    -0.018081   26.000   18.600
  29	0.999922    -0.002878	-0.026089    -0.018531   26.000   18.600
  30	0.999801    -0.000841	-0.000075    0.000227   0.000   0.000
  31	0.999779    -0.000475	-0.000076    0.000231   0.000   0.000
  32	0.999673    0.001386	-0.000018    0.000055   0.000   0.000
  33	0.999416    0.005792	-0.014008    -0.009973   14.000   10.000
  34	0.999081    0.011619	-0.019506    -0.013975   19.500   14.000
  35	0.999014    0.012677	-0.006003    -0.003988   6.000   4.000
  36	1.000284    0.010919	-0.027274    -0.018020   26.000   18.550
  37	1.004430    0.169876	4.092460    2.712559   0.000   0.000
  38	1.004271    0.165452	-0.000317    0.000273   0.000   0.000
  39	1.004226    0.164183	-0.028398    -0.013068   24.000   17.000
  40	1.004223    0.164121	-0.028163    -0.013271   24.000   17.000
  41	1.003520    0.143967	-0.001234    -0.000964   1.200   1.000
  42	1.003225    0.135437	-0.000206    0.000178   0.000   0.000
  43	1.003186    0.134319	-0.006981    -0.003478   6.000   4.300
  44	1.003178    0.134054	-0.000866    0.000691   0.000   0.000
  45	1.003080    0.130982	-0.047337    -0.019993   39.220   26.300
  46	1.003079    0.130969	-0.047269    -0.020047   39.220   26.300
  47	0.999857    -0.005270	-0.001596    0.000646   0.000   0.000
  48	0.998611    -0.050046	-0.079080    -0.056506   79.000   56.400
  49	0.994761    -0.188249	-0.384781    -0.277003   384.700   274.500
  50	0.994215    -0.207843	-0.384763    -0.277275   384.700   274.500
  51	0.978633    0.130126	-0.040575    -0.027949   40.500   28.300
  52	0.978624    0.130300	-0.003613    -0.002644   3.600   2.700
  53	0.974750    0.158778	-0.004412    -0.003354   4.350   3.500
  54	0.971506    0.183054	-0.026448    -0.018731   26.400   19.000
  55	0.967031    0.216526	-0.024040    -0.016933   24.000   17.200
  56	0.962660    0.249110	-0.000023    0.000047   0.000   0.000
  57	0.940137    0.615644	-0.000008    0.000023   0.000   0.000
  58	0.929035    0.796351	-0.000018    0.000054   0.000   0.000
  59	0.924738    0.867481	-0.100022    -0.068619   100.000   72.000
  60	0.919686    0.958775	-0.000019    0.000051   0.000   0.000
  61	0.912270    1.013946	-1.244062    -0.838963   1244.000   888.000
  62	0.911980    1.016093	-0.032087    -0.021565   32.000   23.000
  63	0.911591    1.018973	-0.000042    0.000084   0.000   0.000
  64	0.909686    1.033082	-0.227012    -0.152854   227.000   162.000
  65	0.909110    1.037312	-0.059005    -0.039608   59.000   42.000
  66	0.971378    0.230303	-0.018843    -0.010013   18.000   13.000
  67	0.971377    0.230310	-0.018824    -0.010078   18.000   13.000
  68	0.967941    0.280186	-0.028918    -0.017010   28.000   20.000
  69	0.967940    0.280199	-0.028912    -0.017027   28.000   20.000
-----------------------------------------------------------------------------------------
Total				0.233893    0.171612      3775.890      2675.550
-----------------------------------------------------------------------------------------

-----------------------------------------------------------------------------------------
			Line Flow Result		
-----------------------------------------------------------------------------------------
| From Bus | To Bus |    P (MW)    |    Q (MVAr)     |
-----------------------------------------------------------------------------------------
      1	    2		-0.000000	0.000000j	
      2	    1		0.000000	-0.000000j	
      2	    3		0.021302	-0.008876j	
      3	    2		-0.021302	0.008876j	
      3	    4		-3.763786	-2.576489j	
      3	   28		-0.093087	-0.064066j	
      3	   36		3.894759	2.624791j	
      4	    3		3.763592	2.576022j	
      4	    5		-2.905643	-1.967956j	
      4	   47		-0.852575	-0.610427j	
      5	    4		2.903714	1.965696j	
      5	    6		-2.903404	-1.965981j	
      6	    5		2.875277	1.951656j	
      6	    7		-2.872645	-1.949519j	
      7	    6		2.843414	1.934631j	
      7	    8		-2.802935	-1.904785j	
      8	    7		2.796069	1.901285j	
      8	    9		-2.676635	-1.816963j	
      8	   51		-0.044190	-0.030800j	
      9	    8		2.673274	1.815252j	
      9	   10		-0.786236	-0.513433j	
      9	   53		-1.856882	-1.280131j	
     10	    9		0.781521	0.511874j	
     10	   11		-0.753493	-0.492958j	
     11	   10		0.752492	0.492627j	
     11	   12		-0.569774	-0.368374j	
     11	   66		-0.037670	-0.020404j	
     12	   11		0.567609	0.367658j	
     12	   13		-0.364740	-0.229075j	
     12	   68		-0.057853	-0.034631j	
     13	   12		0.363469	0.228655j	
     13	   14		-0.355461	-0.223679j	
     14	   13		0.354228	0.223272j	
     14	   15		-0.346220	-0.217796j	
     15	   14		0.345028	0.217402j	
     15	   16		-0.345003	-0.217477j	
     16	   15		0.344781	0.217403j	
     16	   17		-0.299250	-0.187500j	
     17	   16		0.298933	0.187395j	
     17	   18		-0.238028	-0.155054j	
     18	   17		0.238025	0.155053j	
     18	   19		-0.177119	-0.122717j	
     19	   18		0.177016	0.122683j	
     19	   20		-0.176984	-0.122780j	
     20	   19		0.176917	0.122758j	
     20	   21		-0.175886	-0.122253j	
     21	   20		0.175779	0.122218j	
     21	   22		-0.061476	-0.042140j	
     22	   21		0.061476	0.042140j	
     22	   23		-0.056159	-0.039603j	
     23	   22		0.056154	0.039601j	
     23	   24		-0.056116	-0.039715j	
     24	   23		0.056105	0.039711j	
     24	   25		-0.028088	-0.019763j	
     25	   24		0.028082	0.019761j	
     25	   26		-0.028063	-0.019818j	
     26	   25		0.028061	0.019817j	
     26	   27		-0.014024	-0.009929j	
     27	   26		0.014024	0.009929j	
     28	    3		0.093086	0.064065j	
     28	   29		-0.065813	-0.045984j	
     29	   28		0.065811	0.045978j	
     29	   30		-0.039721	-0.027449j	
     30	   29		0.039715	0.027447j	
     30	   31		-0.039640	-0.027674j	
     31	   30		0.039639	0.027674j	
     31	   32		-0.039563	-0.027905j	
     32	   31		0.039558	0.027903j	
     32	   33		-0.039540	-0.027958j	
     33	   32		0.039528	0.027953j	
     33	   34		-0.025520	-0.017977j	
     34	   33		0.025509	0.017974j	
     34	   35		-0.006004	-0.003991j	
     35	   34		0.006003	0.003991j	
     36	    3		-3.895364	-2.626278j	
     36	   37		3.922639	2.644308j	
     37	   36		-3.931570	-2.666148j	
     37	   38		-0.160890	-0.070619j	
     38	   37		0.160870	0.070596j	
     38	   39		-0.160553	-0.070867j	
     39	   38		0.160548	0.070860j	
     39	   40		-0.132149	-0.057630j	
     40	   39		0.132149	0.057630j	
     40	   41		-0.103986	-0.044198j	
     41	   40		0.103929	0.044131j	
     41	   42		-0.102694	-0.043160j	
     42	   41		0.102670	0.043132j	
     42	   43		-0.102464	-0.043309j	
     43	   42		0.102461	0.043305j	
     43	   44		-0.095481	-0.039795j	
     44	   43		0.095480	0.039794j	
     44	   45		-0.094614	-0.040481j	
     45	   44		0.094606	0.040472j	
     45	   46		-0.047269	-0.020263j	
     46	   45		0.047269	0.020263j	
     47	    4		0.852552	0.610370j	
     47	   48		-0.850956	-0.611016j	
     48	   47		0.850373	0.609589j	
     48	   49		-0.771294	-0.553222j	
     49	   48		0.769660	0.549224j	
     49	   50		-0.384879	-0.274758j	
     50	   49		0.384763	0.274474j	
     51	    8		0.044189	0.030799j	
     51	   52		-0.003613	-0.002661j	
     52	   51		0.003613	0.002661j	
     53	    9		1.851103	1.277188j	
     53	   54		-1.846692	-1.273809j	
     54	   53		1.839983	1.270392j	
     54	   55		-1.813534	-1.251487j	
     55	   54		1.804413	1.246843j	
     55	   56		-1.780373	-1.229721j	
     56	   55		1.771586	1.225245j	
     56	   57		-1.771563	-1.225292j	
     57	   56		1.721896	1.208621j	
     57	   58		-1.721888	-1.208643j	
     58	   57		1.697407	1.200428j	
     58	   59		-1.697390	-1.200481j	
     59	   58		1.687887	1.197339j	
     59	   60		-1.587865	-1.125407j	
     60	   59		1.577197	1.122169j	
     60	   61		-1.577178	-1.122219j	
     61	   60		1.563156	1.115077j	
     61	   62		-0.319094	-0.227198j	
     62	   61		0.318982	0.227141j	
     62	   63		-0.286896	-0.204311j	
     63	   62		0.286761	0.204243j	
     63	   64		-0.286719	-0.204325j	
     64	   63		0.286058	0.203988j	
     64	   65		-0.059046	-0.042012j	
     65	   64		0.059005	0.041991j	
     66	   11		0.037667	0.020403j	
     66	   67		-0.018824	-0.010234j	
     67	   66		0.018824	0.010234j	
     68	   12		0.057830	0.034623j	
     68	   69		-0.028912	-0.017320j	
     69	   68		0.028912	0.017320j	
-----------------------------------------------------------------------------------------

-----------------------------------------------------------------------------------------
			Line Loss 		
-----------------------------------------------------------------------------------------
| From Bus | To Bus |    P (MW)    |    Q (MVAr)     |
-----------------------------------------------------------------------------------------
    2	    1		0.000000	0.000000	
    3	    2		-0.000000	-0.000000	
    4	    3		-0.000195	-0.000467	
    5	    4		-0.001929	-0.002260	
    6	    5		-0.028127	-0.014325	
    7	    6		-0.029231	-0.014888	
    8	    7		-0.006867	-0.003500	
    9	    8		-0.003361	-0.001711	
   10	    9		-0.004715	-0.001559	
   11	   10		-0.001001	-0.000331	
   12	   11		-0.002165	-0.000716	
   13	   12		-0.001272	-0.000420	
   14	   13		-0.001233	-0.000407	
   15	   14		-0.001192	-0.000394	
   16	   15		-0.000222	-0.000073	
   17	   16		-0.000317	-0.000105	
   18	   17		-0.000003	-0.000001	
   19	   18		-0.000103	-0.000034	
   20	   19		-0.000066	-0.000022	
   21	   20		-0.000107	-0.000035	
   22	   21		-0.000001	-0.000000	
   23	   22		-0.000005	-0.000002	
   24	   23		-0.000011	-0.000004	
   25	   24		-0.000006	-0.000002	
   26	   25		-0.000002	-0.000001	
   27	   26		-0.000000	-0.000000	
   28	    3		-0.000000	-0.000001	
   29	   28		-0.000003	-0.000006	
   30	   29		-0.000006	-0.000002	
   31	   30		-0.000001	-0.000000	
   32	   31		-0.000005	-0.000002	
   33	   32		-0.000012	-0.000004	
   34	   33		-0.000010	-0.000003	
   35	   34		-0.000000	-0.000000	
   36	    3		-0.000606	-0.001486	
   37	   36		-0.008931	-0.021840	
   37	   38		-0.000020	-0.000023	
   38	   39		-0.000006	-0.000007	
   39	   40		-0.000000	-0.000000	
   40	   41		-0.000058	-0.000067	
   41	   42		-0.000024	-0.000028	
   42	   43		-0.000003	-0.000004	
   43	   44		-0.000001	-0.000001	
   44	   45		-0.000007	-0.000009	
   45	   46		-0.000000	-0.000000	
    4	   47		-0.000023	-0.000058	
   47	   48		-0.000583	-0.001427	
   48	   49		-0.001634	-0.003997	
   49	   50		-0.000116	-0.000284	
    8	   51		-0.000002	-0.000001	
   51	   52		-0.000000	-0.000000	
    9	   53		-0.005779	-0.002943	
   53	   54		-0.006709	-0.003417	
   54	   55		-0.009121	-0.004644	
   55	   56		-0.008787	-0.004476	
   56	   57		-0.049667	-0.016671	
   57	   58		-0.024481	-0.008215	
   58	   59		-0.009503	-0.003143	
   59	   60		-0.010668	-0.003238	
   60	   61		-0.014022	-0.007142	
   61	   62		-0.000112	-0.000057	
   62	   63		-0.000135	-0.000069	
   63	   64		-0.000661	-0.000337	
   64	   65		-0.000041	-0.000021	
   11	   66		-0.000002	-0.000001	
   66	   67		-0.000000	-0.000000	
   12	   68		-0.000022	-0.000007	
   68	   69		-0.000000	-0.000000	
   11	   43		0.000000	0.000000	
   13	   21		0.000000	0.000000	
   15	   46		0.000000	0.000000	
   50	   59		0.000000	0.000000	
   27	   65		0.000000	0.000000	
-----------------------------------------------------------------------------------------
Total			0.233893 MW	0.124888 MVAr
-----------------------------------------------------------------------------------------

#########################################################################################
