
#########################################################################################

Summary :

Minimum voltage in the 33 bus system is at bus no : 18	Voltage magnitude is : 0.916350

Real Power Loss = 0.207068 MW

Reactive Power Loss =  0.145131 MVAr


-----------------------------------------------------------------------------------------
			Newton Raphson Loadflow Results		
-----------------------------------------------------------------------------------------

| Bus |      V      |   Angle  |     Injection Power      |          Load      |
| No  |      pu     |  Degrees |    MW      |      MVar   |     KW     |  KVar |

-----------------------------------------------------------------------------------------

   1	1.000000    0.000000	0.000000    -0.000000   0.000   0.000
   2	1.000000    -0.000000	-0.100123    -0.059798   100.000   60.000
   3	0.985952    0.079672	-0.090043    -0.039669   90.000   40.000
   4	0.978493    0.142704	-0.120031    -0.079327   120.000   80.000
   5	0.971118    0.205768	-0.060023    -0.029516   60.000   30.000
   6	0.952786    0.112161	-0.060053    -0.019682   60.000   20.000
   7	0.949314    -0.105511	-0.200024    -0.100750   200.000   100.000
   8	0.944487    -0.071248	-0.200012    -0.100501   200.000   100.000
   9	0.938238    -0.139054	-0.060012    -0.020293   60.000   20.000
  10	0.932441    -0.196266	-0.060025    -0.020372   60.000   20.000
  11	0.931584    -0.189396	-0.045030    -0.030228   45.000   30.000
  12	0.930090    -0.178504	-0.060014    -0.035364   60.000   35.000
  13	0.923992    -0.261224	-0.060016    -0.035576   60.000   35.000
  14	0.921727    -0.332638	-0.120022    -0.081485   120.000   80.000
  15	0.920316    -0.366591	-0.060019    -0.010810   60.000   10.000
  16	0.918950    -0.387287	-0.060013    -0.020866   60.000   20.000
  17	0.916920    -0.456810	-0.060013    -0.021026   60.000   20.000
  18	0.916314    -0.465238	-0.090008    -0.041578   90.000   40.000
  19	1.005839    0.065420	3.832859    2.395226   0.000   0.000
  20	1.002295    -0.000756	-0.090023    -0.039981   90.000   40.000
  21	1.001597    -0.019794	-0.090028    -0.040039   90.000   40.000
  22	1.000965    -0.039774	-0.090010    -0.040117   90.000   40.000
  23	0.982378    0.049137	-0.090023    -0.049811   90.000   50.000
  24	0.975728    -0.037254	-0.420015    -0.200540   420.000   200.000
  25	0.972412    -0.079362	-0.420008    -0.201186   420.000   200.000
  26	0.950862    0.149172	-0.060046    -0.024580   60.000   25.000
  27	0.948304    0.201637	-0.060025    -0.024509   60.000   25.000
  28	0.936898    0.276307	-0.060014    -0.019365   60.000   20.000
  29	0.928702    0.345682	-0.120018    -0.068405   120.000   70.000
  30	0.925144    0.441050	-0.200017    -0.596562   200.000   600.000
  31	0.921008    0.361824	-0.150027    -0.067912   150.000   70.000
  32	0.920098    0.340400	-0.210037    -0.097251   210.000   100.000
  33	0.919816    0.333231	-0.060017    -0.039227   60.000   40.000
-----------------------------------------------------------------------------------------
Total				0.207068    0.138899      3625.000      2260.000
-----------------------------------------------------------------------------------------

-----------------------------------------------------------------------------------------
			Line Flow Result		
-----------------------------------------------------------------------------------------
| From Bus | To Bus |    P (MW)    |    Q (MVAr)     |
-----------------------------------------------------------------------------------------
      1	    2		-0.000000	0.000000j	
      2	    1		0.000000	-0.000000j	
      2	    3		-3.443613	-2.206005j	
      2	   19		3.543735	2.265803j	
      3	    2		3.392168	2.179802j	
      3	    4		-2.362526	-1.682743j	
      3	   23		-0.939599	-0.457136j	
      4	    3		2.342762	1.672678j	
      4	    5		-2.222731	-1.592739j	
      5	    4		2.204162	1.583281j	
      5	    6		-2.144138	-1.553320j	
      6	    5		2.106155	1.520531j	
      6	    7		-1.095336	-0.527404j	
      6	   26		-0.950766	-0.973199j	
      7	    6		1.093434	0.521118j	
      7	    8		-0.893410	-0.421143j	
      8	    7		0.888606	0.419555j	
      8	    9		-0.688594	-0.319581j	
      9	    8		0.684442	0.316598j	
      9	   10		-0.624430	-0.296615j	
     10	    9		0.620894	0.294109j	
     10	   11		-0.560869	-0.274177j	
     11	   10		0.560319	0.273995j	
     11	   12		-0.515289	-0.244086j	
     12	   11		0.514414	0.243797j	
     12	   13		-0.454399	-0.208834j	
     13	   12		0.451751	0.206750j	
     13	   14		-0.391736	-0.171764j	
     14	   13		0.391011	0.170811j	
     14	   15		-0.270990	-0.090832j	
     15	   14		0.270635	0.090516j	
     15	   16		-0.210616	-0.080540j	
     16	   15		0.210337	0.080335j	
     16	   17		-0.150324	-0.060350j	
     17	   16		0.150074	0.060016j	
     17	   18		-0.090061	-0.040031j	
     18	   17		0.090008	0.039989j	
     19	    2		-3.561838	-2.283078j	
     19	   20		-0.271020	-0.120856j	
     20	   19		0.270203	0.120120j	
     20	   21		-0.180180	-0.080141j	
     21	   20		0.180081	0.080026j	
     21	   22		-0.090053	-0.040049j	
     22	   21		0.090010	0.039992j	
     23	    3		0.936437	0.454976j	
     23	   24		-0.846414	-0.405008j	
     24	   23		0.841303	0.400972j	
     24	   25		-0.421287	-0.200991j	
     25	   24		0.420008	0.199990j	
     26	    6		0.948183	0.971883j	
     26	   27		-0.888137	-0.946974j	
     27	   26		0.884831	0.945291j	
     27	   28		-0.824806	-0.920336j	
     28	   27		0.813584	0.910442j	
     28	   29		-0.753570	-0.890458j	
     29	   28		0.745792	0.883682j	
     29	   30		-0.625773	-0.813712j	
     30	   29		0.621905	0.811741j	
     30	   31		-0.421888	-0.211768j	
     31	   30		0.420306	0.210204j	
     31	   32		-0.270279	-0.140228j	
     32	   31		0.270067	0.139981j	
     32	   33		-0.060030	-0.040009j	
     33	   32		0.060017	0.039989j	
-----------------------------------------------------------------------------------------

-----------------------------------------------------------------------------------------
			Line Loss 		
-----------------------------------------------------------------------------------------
| From Bus | To Bus |    P (MW)    |    Q (MVAr)     |
-----------------------------------------------------------------------------------------
    2	    1		0.000000	0.000000	
    3	    2		-0.051445	-0.026203	
    4	    3		-0.019763	-0.010065	
    5	    4		-0.018570	-0.009458	
    6	    5		-0.037983	-0.032789	
    7	    6		-0.001901	-0.006286	
    8	    7		-0.004805	-0.001588	
    9	    8		-0.004152	-0.002983	
   10	    9		-0.003536	-0.002506	
   11	   10		-0.000550	-0.000182	
   12	   11		-0.000875	-0.000289	
   13	   12		-0.002648	-0.002083	
   14	   13		-0.000724	-0.000953	
   15	   14		-0.000355	-0.000316	
   16	   15		-0.000280	-0.000204	
   17	   16		-0.000250	-0.000334	
   18	   17		-0.000053	-0.000041	
   19	    2		-0.018103	-0.017275	
   19	   20		-0.000817	-0.000736	
   20	   21		-0.000099	-0.000116	
   21	   22		-0.000043	-0.000057	
    3	   23		-0.003162	-0.002160	
   23	   24		-0.005112	-0.004036	
   24	   25		-0.001279	-0.001001	
    6	   26		-0.002583	-0.001315	
   26	   27		-0.003306	-0.001683	
   27	   28		-0.011222	-0.009894	
   28	   29		-0.007778	-0.006776	
   29	   30		-0.003868	-0.001970	
   30	   31		-0.001583	-0.001564	
   31	   32		-0.000212	-0.000247	
   32	   33		-0.000013	-0.000020	
    8	   21		0.000000	0.000000	
    9	   15		0.000000	0.000000	
   12	   22		0.000000	0.000000	
   18	   33		0.000000	0.000000	
   25	   29		0.000000	0.000000	
-----------------------------------------------------------------------------------------
Total			0.207068 MW	0.145131 MVAr
-----------------------------------------------------------------------------------------

#########################################################################################
