
#########################################################################################

Summary :

Minimum voltage in the 33 bus system is at bus no : 25	Voltage magnitude is : 0.988445

Real Power Loss = 0.371701 MW

Reactive Power Loss =  0.313684 MVAr


-----------------------------------------------------------------------------------------
			Newton Raphson Loadflow Results		
-----------------------------------------------------------------------------------------

| Bus |      V      |   Angle  |     Injection Power      |          Load      |
| No  |      pu     |  Degrees |    MW      |      MVar   |     KW     |  KVar |

-----------------------------------------------------------------------------------------

   1	1.000000    0.000000	0.000000    -0.000000   0.000   0.000
   2	1.000000    0.000000	-0.100123    -0.059798   100.000   60.000
   3	1.001765    0.002506	-0.090044    -0.039912   90.000   40.000
   4	1.005999    0.007952	-0.120033    -0.079902   120.000   80.000
   5	1.010787    0.011083	-0.060025    -0.029934   60.000   30.000
   6	1.022951    0.190802	-0.060062    -0.019527   60.000   20.000
   7	1.019734    -0.011723	-0.200028    -0.100051   200.000   100.000
   8	1.015253    0.019518	-0.200013    -0.099836   200.000   100.000
   9	1.009459    -0.044149	-0.060014    -0.020072   60.000   20.000
  10	1.004085    -0.097931	-0.060030    -0.020125   60.000   20.000
  11	1.003291    -0.091669	-0.045035    -0.030038   45.000   30.000
  12	1.001906    -0.081762	-0.060017    -0.035128   60.000   35.000
  13	0.996257    -0.159232	-0.060018    -0.035318   60.000   35.000
  14	0.994160    -0.225721	-0.120026    -0.080925   120.000   80.000
  15	0.992854    -0.257382	-0.060022    -0.010516   60.000   10.000
  16	0.991590    -0.276751	-0.060015    -0.020567   60.000   20.000
  17	0.989712    -0.341452	-0.060015    -0.020705   60.000   20.000
  18	0.989151    -0.349347	-0.090010    -0.041094   90.000   40.000
  19	0.999473    -0.010773	-0.090051    -0.039981   90.000   40.000
  20	0.995905    -0.077099	-0.090023    -0.040222   90.000   40.000
  21	0.995202    -0.096205	-0.090028    -0.040281   90.000   40.000
  22	0.994566    -0.116265	-0.090010    -0.040359   90.000   40.000
  23	0.998248    -0.027274	-0.090024    -0.050053   90.000   50.000
  24	0.991704    -0.111787	-0.420016    -0.201631   420.000   200.000
  25	0.988441    -0.152973	-0.420008    -0.202256   420.000   200.000
  26	1.027366    0.195852	-0.060054    -0.024494   60.000   25.000
  27	1.033673    0.203449	-0.060030    -0.024534   60.000   25.000
  28	1.061090    0.644699	-0.060018    -0.018702   60.000   20.000
  29	1.082200    0.979960	-0.120025    -0.066132   120.000   70.000
  30	1.094351    0.995538	-0.200023    -0.593310   200.000   600.000
  31	1.126439    1.415520	-0.150040    -0.063318   150.000   70.000
  32	1.137755    1.624572	3.877604    2.316047   0.000   0.000
  33	1.137529    1.618534	-0.060026    -0.036955   60.000   40.000
-----------------------------------------------------------------------------------------
Total				0.371701    0.130372      3505.000      2200.000
-----------------------------------------------------------------------------------------

-----------------------------------------------------------------------------------------
			Line Flow Result		
-----------------------------------------------------------------------------------------
| From Bus | To Bus |    P (MW)    |    Q (MVAr)     |
-----------------------------------------------------------------------------------------
      1	    2		0.000000	-0.000000j	
      2	    1		-0.000000	0.000000j	
      2	    3		0.461365	0.220766j	
      2	   19		-0.361243	-0.160968j	
      3	    2		-0.462170	-0.221176j	
      3	    4		1.491508	0.718000j	
      3	   23		-0.939294	-0.456904j	
      4	    3		-1.497744	-0.721175j	
      4	    5		1.617776	0.801111j	
      5	    4		-1.625433	-0.805011j	
      5	    6		1.685459	0.834968j	
      6	    5		-1.703154	-0.850243j	
      6	    7		-1.092558	-0.524872j	
      6	   26		2.855773	1.395033j	
      7	    6		1.090918	0.519452j	
      7	    8		-0.890891	-0.419480j	
      8	    7		0.886752	0.418113j	
      8	    9		-0.686738	-0.318142j	
      9	    8		0.683167	0.315576j	
      9	   10		-0.623153	-0.295596j	
     10	    9		0.620112	0.293441j	
     10	   11		-0.560083	-0.273520j	
     11	   10		0.559610	0.273363j	
     11	   12		-0.514575	-0.243469j	
     12	   11		0.513823	0.243220j	
     12	   13		-0.453806	-0.208263j	
     13	   12		0.451531	0.206473j	
     13	   14		-0.391513	-0.171490j	
     14	   13		0.390891	0.170671j	
     14	   15		-0.270866	-0.090695j	
     15	   14		0.270561	0.090424j	
     15	   16		-0.210539	-0.080451j	
     16	   15		0.210299	0.080276j	
     16	   17		-0.150285	-0.060293j	
     17	   16		0.150070	0.060006j	
     17	   18		-0.090055	-0.040023j	
     18	   17		0.090010	0.039988j	
     19	    2		0.361082	0.160815j	
     19	   20		-0.271032	-0.120868j	
     20	   19		0.270204	0.120123j	
     20	   21		-0.180182	-0.080144j	
     21	   20		0.180081	0.080027j	
     21	   22		-0.090053	-0.040050j	
     22	   21		0.090010	0.039992j	
     23	    3		0.936233	0.454812j	
     23	   24		-0.846210	-0.404845j	
     24	   23		0.841262	0.400938j	
     24	   25		-0.421246	-0.200959j	
     25	   24		0.420008	0.199990j	
     26	    6		-2.868000	-1.401261j	
     26	   27		2.928054	1.426155j	
     27	   26		-2.945874	-1.435228j	
     27	   28		3.005904	1.460174j	
     28	   27		-3.074963	-1.521062j	
     28	   29		3.134981	1.541041j	
     29	   28		-3.189357	-1.588412j	
     29	   30		3.309382	1.658372j	
     30	   29		-3.346418	-1.677237j	
     30	   31		3.546442	2.277199j	
     31	   30		-3.636591	-2.366294j	
     31	   32		3.786631	2.436258j	
     32	   31		-3.817570	-2.472319j	
     32	   33		-0.060034	-0.039997j	
     33	   32		0.060026	0.039983j	
-----------------------------------------------------------------------------------------

-----------------------------------------------------------------------------------------
			Line Loss 		
-----------------------------------------------------------------------------------------
| From Bus | To Bus |    P (MW)    |    Q (MVAr)     |
-----------------------------------------------------------------------------------------
    2	    1		0.000000	0.000000	
    3	    2		-0.000805	-0.000410	
    4	    3		-0.006235	-0.003176	
    5	    4		-0.007657	-0.003900	
    6	    5		-0.017695	-0.015275	
    7	    6		-0.001640	-0.005421	
    8	    7		-0.004139	-0.001368	
    9	    8		-0.003571	-0.002566	
   10	    9		-0.003041	-0.002155	
   11	   10		-0.000473	-0.000156	
   12	   11		-0.000752	-0.000249	
   13	   12		-0.002275	-0.001790	
   14	   13		-0.000622	-0.000819	
   15	   14		-0.000304	-0.000271	
   16	   15		-0.000240	-0.000175	
   17	   16		-0.000214	-0.000286	
   18	   17		-0.000045	-0.000036	
   19	    2		-0.000160	-0.000153	
   20	   19		-0.000827	-0.000746	
   21	   20		-0.000100	-0.000117	
   22	   21		-0.000043	-0.000057	
   23	    3		-0.003061	-0.002091	
   24	   23		-0.004948	-0.003907	
   25	   24		-0.001238	-0.000969	
   26	    6		-0.012227	-0.006228	
   27	   26		-0.017820	-0.009073	
   28	   27		-0.069058	-0.060887	
   29	   28		-0.054376	-0.047371	
   30	   29		-0.037037	-0.018865	
   31	   30		-0.090149	-0.089094	
   32	   31		-0.030939	-0.036061	
   32	   33		-0.000009	-0.000013	
    8	   21		0.000000	0.000000	
    9	   15		0.000000	0.000000	
   12	   22		0.000000	0.000000	
   18	   33		0.000000	0.000000	
   25	   29		0.000000	0.000000	
-----------------------------------------------------------------------------------------
Total			0.371701 MW	0.313684 MVAr
-----------------------------------------------------------------------------------------

#########################################################################################
