
#########################################################################################

Summary :

Minimum voltage in the 33 bus system is at bus no : 18	Voltage magnitude is : 0.958375

Real Power Loss = 0.106289 MW

Reactive Power Loss =  0.083326 MVAr


-----------------------------------------------------------------------------------------
			Newton Raphson Loadflow Results		
-----------------------------------------------------------------------------------------

| Bus |      V      |   Angle  |     Injection Power      |          Load      |
| No  |      pu     |  Degrees |    MW      |      MVar   |     KW     |  KVar |

-----------------------------------------------------------------------------------------

   1	1.000000    0.000000	0.000000    -0.000000   0.000   0.000
   2	1.000000    -0.000000	-0.100123    -0.059798   100.000   60.000
   3	1.001765    0.002506	-0.090044    -0.039912   90.000   40.000
   4	1.005999    0.007952	-0.120033    -0.079902   120.000   80.000
   5	1.010787    0.011083	3.762153    2.350605   0.000   0.000
   6	0.993234    -0.075276	-0.060058    -0.020082   60.000   20.000
   7	0.989899    -0.283167	-0.200026    -0.101965   200.000   100.000
   8	0.985280    -0.249631	-0.200013    -0.101737   200.000   100.000
   9	0.979297    -0.313588	-0.060013    -0.020651   60.000   20.000
  10	0.973748    -0.367473	-0.060028    -0.020715   60.000   20.000
  11	0.972929    -0.360776	-0.045033    -0.030481   45.000   30.000
  12	0.971501    -0.350140	-0.060016    -0.035712   60.000   35.000
  13	0.965665    -0.428384	-0.060017    -0.035910   60.000   35.000
  14	0.963495    -0.496364	-0.120024    -0.082123   120.000   80.000
  15	0.962144    -0.528640	-0.060021    -0.011124   60.000   10.000
  16	0.960837    -0.548243	-0.060014    -0.021175   60.000   20.000
  17	0.958894    -0.614446	-0.060014    -0.021322   60.000   20.000
  18	0.958314    -0.622423	-0.090009    -0.042018   90.000   40.000
  19	0.999473    -0.010773	-0.090051    -0.039981   90.000   40.000
  20	0.995905    -0.077099	-0.090023    -0.040222   90.000   40.000
  21	0.995202    -0.096205	-0.090028    -0.040281   90.000   40.000
  22	0.994566    -0.116265	-0.090010    -0.040359   90.000   40.000
  23	0.998248    -0.027274	-0.090024    -0.050053   90.000   50.000
  24	0.991704    -0.111787	-0.420016    -0.201631   420.000   200.000
  25	0.988441    -0.152973	-0.420008    -0.202256   420.000   200.000
  26	0.991394    -0.039466	-0.060050    -0.024985   60.000   25.000
  27	0.988950    0.011264	-0.060028    -0.024927   60.000   25.000
  28	0.978042    0.085100	-0.060016    -0.019800   60.000   20.000
  29	0.970204    0.153213	-0.120020    -0.069305   120.000   70.000
  30	0.966807    0.245215	-0.200018    -0.598176   200.000   600.000
  31	0.962846    0.170278	-0.150029    -0.069046   150.000   70.000
  32	0.961974    0.149973	-0.210041    -0.098825   210.000   100.000
  33	0.961704    0.143173	-0.060019    -0.039676   60.000   40.000
-----------------------------------------------------------------------------------------
Total				0.106289    0.066456      3655.000      2270.000
-----------------------------------------------------------------------------------------

-----------------------------------------------------------------------------------------
			Line Flow Result		
-----------------------------------------------------------------------------------------
| From Bus | To Bus |    P (MW)    |    Q (MVAr)     |
-----------------------------------------------------------------------------------------
      1	    2		-0.000000	0.000000j	
      2	    1		0.000000	-0.000000j	
      2	    3		0.461365	0.220766j	
      2	   19		-0.361243	-0.160968j	
      3	    2		-0.462170	-0.221176j	
      3	    4		1.491508	0.718000j	
      3	   23		-0.939294	-0.456904j	
      4	    3		-1.497744	-0.721175j	
      4	    5		1.617776	0.801111j	
      5	    4		-1.625433	-0.805011j	
      5	    6		-2.136719	-1.547034j	
      6	    5		2.101915	1.516989j	
      6	    7		-1.093656	-0.525876j	
      6	   26		-0.948201	-0.971190j	
      7	    6		1.091912	0.520113j	
      7	    8		-0.891886	-0.420140j	
      8	    7		0.887484	0.418685j	
      8	    9		-0.687471	-0.318713j	
      9	    8		0.683670	0.315982j	
      9	   10		-0.623657	-0.296001j	
     10	    9		0.620420	0.293706j	
     10	   11		-0.560393	-0.273781j	
     11	   10		0.559889	0.273614j	
     11	   12		-0.514856	-0.243714j	
     12	   11		0.514056	0.243449j	
     12	   13		-0.454040	-0.208489j	
     13	   12		0.451618	0.206583j	
     13	   14		-0.391601	-0.171599j	
     14	   13		0.390938	0.170727j	
     14	   15		-0.270914	-0.090749j	
     15	   14		0.270590	0.090461j	
     15	   16		-0.210570	-0.080486j	
     16	   15		0.210314	0.080300j	
     16	   17		-0.150300	-0.060316j	
     17	   16		0.150072	0.060011j	
     17	   18		-0.090057	-0.040026j	
     18	   17		0.090009	0.039988j	
     19	    2		0.361082	0.160815j	
     19	   20		-0.271032	-0.120868j	
     20	   19		0.270204	0.120123j	
     20	   21		-0.180182	-0.080144j	
     21	   20		0.180081	0.080027j	
     21	   22		-0.090053	-0.040050j	
     22	   21		0.090010	0.039992j	
     23	    3		0.936233	0.454812j	
     23	   24		-0.846210	-0.404845j	
     24	   23		0.841262	0.400938j	
     24	   25		-0.421246	-0.200959j	
     25	   24		0.420008	0.199990j	
     26	    6		0.945836	0.969985j	
     26	   27		-0.885785	-0.945084j	
     27	   26		0.882758	0.943543j	
     27	   28		-0.822731	-0.918592j	
     28	   27		0.812457	0.909534j	
     28	   29		-0.752441	-0.889552j	
     29	   28		0.745321	0.883348j	
     29	   30		-0.625301	-0.813381j	
     30	   29		0.621760	0.811577j	
     30	   31		-0.421742	-0.211606j	
     31	   30		0.420294	0.210175j	
     31	   32		-0.270265	-0.140202j	
     32	   31		0.270071	0.139976j	
     32	   33		-0.060030	-0.040007j	
     33	   32		0.060019	0.039988j	
-----------------------------------------------------------------------------------------

-----------------------------------------------------------------------------------------
			Line Loss 		
-----------------------------------------------------------------------------------------
| From Bus | To Bus |    P (MW)    |    Q (MVAr)     |
-----------------------------------------------------------------------------------------
    2	    1		0.000000	0.000000	
    3	    2		-0.000805	-0.000410	
    4	    3		-0.006235	-0.003176	
    5	    4		-0.007657	-0.003900	
    5	    6		-0.034805	-0.030045	
    6	    7		-0.001744	-0.005763	
    7	    8		-0.004403	-0.001455	
    8	    9		-0.003801	-0.002731	
    9	   10		-0.003237	-0.002294	
   10	   11		-0.000503	-0.000166	
   11	   12		-0.000801	-0.000265	
   12	   13		-0.002422	-0.001906	
   13	   14		-0.000662	-0.000872	
   14	   15		-0.000324	-0.000289	
   15	   16		-0.000256	-0.000187	
   16	   17		-0.000228	-0.000305	
   17	   18		-0.000048	-0.000038	
    2	   19		-0.000160	-0.000153	
   19	   20		-0.000827	-0.000746	
   20	   21		-0.000100	-0.000117	
   21	   22		-0.000043	-0.000057	
    3	   23		-0.003061	-0.002091	
   23	   24		-0.004948	-0.003907	
   24	   25		-0.001238	-0.000969	
    6	   26		-0.002365	-0.001205	
   26	   27		-0.003027	-0.001541	
   27	   28		-0.010274	-0.009058	
   28	   29		-0.007121	-0.006203	
   29	   30		-0.003541	-0.001804	
   30	   31		-0.001448	-0.001431	
   31	   32		-0.000194	-0.000226	
   32	   33		-0.000012	-0.000019	
    8	   21		0.000000	0.000000	
    9	   15		0.000000	0.000000	
   12	   22		0.000000	0.000000	
   18	   33		0.000000	0.000000	
   25	   29		0.000000	0.000000	
-----------------------------------------------------------------------------------------
Total			0.106289 MW	0.083326 MVAr
-----------------------------------------------------------------------------------------

#########################################################################################
