
#########################################################################################

Summary :

Minimum voltage in the 33 bus system is at bus no : 25	Voltage magnitude is : 0.988445

Real Power Loss = 0.359504 MW

Reactive Power Loss =  0.250600 MVAr


-----------------------------------------------------------------------------------------
			Newton Raphson Loadflow Results		
-----------------------------------------------------------------------------------------

| Bus |      V      |   Angle  |     Injection Power      |          Load      |
| No  |      pu     |  Degrees |    MW      |      MVar   |     KW     |  KVar |

-----------------------------------------------------------------------------------------

   1	1.000000    0.000000	0.000000    -0.000000   0.000   0.000
   2	1.000000    0.000000	-0.100123    -0.059798   100.000   60.000
   3	1.001765    0.002506	-0.090044    -0.039912   90.000   40.000
   4	1.005999    0.007952	-0.120033    -0.079902   120.000   80.000
   5	1.010787    0.011083	-0.060025    -0.029934   60.000   30.000
   6	1.022951    0.190802	-0.060062    -0.019527   60.000   20.000
   7	1.032963    0.658268	-0.200028    -0.095496   200.000   100.000
   8	1.048375    0.418440	-0.200014    -0.097172   200.000   100.000
   9	1.077053    0.494285	-0.060016    -0.019014   60.000   20.000
  10	1.106444    0.568250	-0.060036    -0.018825   60.000   20.000
  11	1.111127    0.499902	-0.045043    -0.029159   45.000   30.000
  12	1.120159    0.368008	4.015453    2.467982   0.000   0.000
  13	1.115127    0.296582	-0.060023    -0.034421   60.000   35.000
  14	1.113263    0.236387	-0.120032    -0.079078   120.000   80.000
  15	1.112102    0.207593	-0.060027    -0.009575   60.000   10.000
  16	1.110976    0.189788	-0.060019    -0.019620   60.000   20.000
  17	1.109309    0.131283	-0.060019    -0.019731   60.000   20.000
  18	1.108810    0.124006	-0.090012    -0.039633   90.000   40.000
  19	0.999473    -0.010773	-0.090051    -0.039981   90.000   40.000
  20	0.995905    -0.077099	-0.090023    -0.040222   90.000   40.000
  21	0.995202    -0.096205	-0.090028    -0.040281   90.000   40.000
  22	0.994566    -0.116265	-0.090010    -0.040359   90.000   40.000
  23	0.998248    -0.027274	-0.090024    -0.050053   90.000   50.000
  24	0.991704    -0.111787	-0.420016    -0.201631   420.000   200.000
  25	0.988441    -0.152973	-0.420008    -0.202256   420.000   200.000
  26	1.021165    0.225070	-0.060053    -0.024432   60.000   25.000
  27	1.018792    0.273659	-0.060029    -0.024384   60.000   25.000
  28	1.008213    0.342631	-0.060017    -0.019268   60.000   20.000
  29	1.000611    0.406797	-0.120021    -0.068256   120.000   70.000
  30	0.997312    0.495171	-0.200019    -0.596412   200.000   600.000
  31	0.993478    0.421593	-0.150031    -0.067742   150.000   70.000
  32	0.992635    0.401705	-0.210043    -0.096990   210.000   100.000
  33	0.992374    0.395049	-0.060020    -0.039149   60.000   40.000
-----------------------------------------------------------------------------------------
Total				0.359504    0.225768      3655.000      2265.000
-----------------------------------------------------------------------------------------

-----------------------------------------------------------------------------------------
			Line Flow Result		
-----------------------------------------------------------------------------------------
| From Bus | To Bus |    P (MW)    |    Q (MVAr)     |
-----------------------------------------------------------------------------------------
      1	    2		0.000000	-0.000000j	
      2	    1		-0.000000	0.000000j	
      2	    3		0.461365	0.220766j	
      2	   19		-0.361243	-0.160968j	
      3	    2		-0.462170	-0.221176j	
      3	    4		1.491508	0.718000j	
      3	   23		-0.939294	-0.456904j	
      4	    3		-1.497744	-0.721175j	
      4	    5		1.617776	0.801111j	
      5	    4		-1.625433	-0.805011j	
      5	    6		1.685459	0.834968j	
      6	    5		-1.703154	-0.850243j	
      6	    7		2.709739	1.840033j	
      6	   26		-0.946523	-0.969872j	
      7	    6		-2.721713	-1.879616j	
      7	    8		2.921741	1.979586j	
      8	    7		-2.973547	-1.996707j	
      8	    9		3.173562	2.096675j	
      9	    8		-3.258150	-2.157447j	
      9	   10		3.318166	2.177425j	
     10	    9		-3.406606	-2.240113j	
     10	   11		3.466642	2.260017j	
     11	   10		-3.483800	-2.265689j	
     11	   12		3.528842	2.295560j	
     12	   11		-3.562373	-2.306647j	
     12	   13		-0.453081	-0.207548j	
     13	   12		0.451268	0.206121j	
     13	   14		-0.391245	-0.171142j	
     14	   13		0.390750	0.170490j	
     14	   15		-0.270717	-0.090520j	
     15	   14		0.270475	0.090304j	
     15	   16		-0.210448	-0.080338j	
     16	   15		0.210257	0.080198j	
     16	   17		-0.150238	-0.060220j	
     17	   16		0.150067	0.059992j	
     17	   18		-0.090048	-0.040013j	
     18	   17		0.090012	0.039984j	
     19	    2		0.361082	0.160815j	
     19	   20		-0.271032	-0.120868j	
     20	   19		0.270204	0.120123j	
     20	   21		-0.180182	-0.080144j	
     21	   20		0.180081	0.080027j	
     21	   22		-0.090053	-0.040050j	
     22	   21		0.090010	0.039992j	
     23	    3		0.936233	0.454812j	
     23	   24		-0.846210	-0.404845j	
     24	   23		0.841262	0.400938j	
     24	   25		-0.421246	-0.200959j	
     25	   24		0.420008	0.199990j	
     26	    6		0.944300	0.968740j	
     26	   27		-0.884247	-0.943845j	
     27	   26		0.881403	0.942397j	
     27	   28		-0.821373	-0.917449j	
     28	   27		0.811720	0.908938j	
     28	   29		-0.751704	-0.888957j	
     29	   28		0.745014	0.883129j	
     29	   30		-0.624993	-0.813163j	
     30	   29		0.621667	0.811469j	
     30	   31		-0.421647	-0.211500j	
     31	   30		0.420287	0.210156j	
     31	   32		-0.270256	-0.140184j	
     32	   31		0.270074	0.139972j	
     32	   33		-0.060031	-0.040005j	
     33	   32		0.060020	0.039987j	
-----------------------------------------------------------------------------------------

-----------------------------------------------------------------------------------------
			Line Loss 		
-----------------------------------------------------------------------------------------
| From Bus | To Bus |    P (MW)    |    Q (MVAr)     |
-----------------------------------------------------------------------------------------
    2	    1		0.000000	0.000000	
    3	    2		-0.000805	-0.000410	
    4	    3		-0.006235	-0.003176	
    5	    4		-0.007657	-0.003900	
    6	    5		-0.017695	-0.015275	
    7	    6		-0.011975	-0.039583	
    8	    7		-0.051806	-0.017121	
    9	    8		-0.084588	-0.060772	
   10	    9		-0.088440	-0.062688	
   11	   10		-0.017158	-0.005673	
   12	   11		-0.033530	-0.011087	
   12	   13		-0.001813	-0.001426	
   13	   14		-0.000496	-0.000652	
   14	   15		-0.000242	-0.000216	
   15	   16		-0.000191	-0.000140	
   16	   17		-0.000171	-0.000228	
   17	   18		-0.000036	-0.000028	
    2	   19		-0.000160	-0.000153	
   19	   20		-0.000827	-0.000746	
   20	   21		-0.000100	-0.000117	
   21	   22		-0.000043	-0.000057	
    3	   23		-0.003061	-0.002091	
   23	   24		-0.004948	-0.003907	
   24	   25		-0.001238	-0.000969	
    6	   26		-0.002223	-0.001132	
   26	   27		-0.002844	-0.001448	
   27	   28		-0.009653	-0.008511	
   28	   29		-0.006690	-0.005828	
   29	   30		-0.003326	-0.001694	
   30	   31		-0.001360	-0.001344	
   31	   32		-0.000182	-0.000212	
   32	   33		-0.000011	-0.000017	
    8	   21		0.000000	0.000000	
    9	   15		0.000000	0.000000	
   12	   22		0.000000	0.000000	
   18	   33		0.000000	0.000000	
   25	   29		0.000000	0.000000	
-----------------------------------------------------------------------------------------
Total			0.359504 MW	0.250600 MVAr
-----------------------------------------------------------------------------------------

#########################################################################################
