
#########################################################################################

Summary :

Minimum voltage in the 33 bus system is at bus no : 25	Voltage magnitude is : 0.988445

Real Power Loss = 0.096074 MW

Reactive Power Loss =  0.071132 MVAr


-----------------------------------------------------------------------------------------
			Newton Raphson Loadflow Results		
-----------------------------------------------------------------------------------------

| Bus |      V      |   Angle  |     Injection Power      |          Load      |
| No  |      pu     |  Degrees |    MW      |      MVar   |     KW     |  KVar |

-----------------------------------------------------------------------------------------

   1	1.000000    0.000000	0.000000    -0.000000   0.000   0.000
   2	1.000000    -0.000000	-0.100123    -0.059798   100.000   60.000
   3	1.001765    0.002506	-0.090044    -0.039913   90.000   40.000
   4	1.005999    0.007952	-0.120033    -0.079902   120.000   80.000
   5	1.010787    0.011083	-0.060024    -0.029935   60.000   30.000
   6	1.022951    0.190801	-0.060066    -0.019525   60.000   20.000
   7	1.019734    -0.011723	-0.200021    -0.100052   200.000   100.000
   8	1.015253    0.019519	-0.200013    -0.099835   200.000   100.000
   9	1.009459    -0.044148	-0.060014    -0.020072   60.000   20.000
  10	1.004085    -0.097929	-0.060029    -0.020125   60.000   20.000
  11	1.003291    -0.091668	-0.045035    -0.030038   45.000   30.000
  12	1.001906    -0.081761	-0.060017    -0.035128   60.000   35.000
  13	0.996257    -0.159231	-0.060018    -0.035318   60.000   35.000
  14	0.994160    -0.225720	-0.120026    -0.080925   120.000   80.000
  15	0.992854    -0.257381	-0.060022    -0.010516   60.000   10.000
  16	0.991590    -0.276750	-0.060015    -0.020567   60.000   20.000
  17	0.989712    -0.341451	-0.060015    -0.020705   60.000   20.000
  18	0.989151    -0.349346	-0.090010    -0.041094   90.000   40.000
  19	0.999473    -0.010773	-0.090051    -0.039981   90.000   40.000
  20	0.995905    -0.077099	-0.090023    -0.040222   90.000   40.000
  21	0.995202    -0.096205	-0.090028    -0.040281   90.000   40.000
  22	0.994566    -0.116265	-0.090010    -0.040359   90.000   40.000
  23	0.998248    -0.027274	-0.090024    -0.050053   90.000   50.000
  24	0.991704    -0.111787	-0.420016    -0.201630   420.000   200.000
  25	0.988441    -0.152973	-0.420007    -0.202256   420.000   200.000
  26	1.027366    0.195851	3.751939    2.319837   0.000   0.000
  27	1.025008    0.244208	-0.060030    -0.024445   60.000   25.000
  28	1.014497    0.313084	-0.060017    -0.019333   60.000   20.000
  29	1.006944    0.377091	-0.120022    -0.068390   120.000   70.000
  30	1.003667    0.465013	-0.200020    -0.596654   200.000   600.000
  31	0.999857    0.392026	-0.150031    -0.067912   150.000   70.000
  32	0.999019    0.372291	-0.210044    -0.097226   210.000   100.000
  33	0.998760    0.365686	-0.060020    -0.039217   60.000   40.000
-----------------------------------------------------------------------------------------
Total				0.096074    0.048432      3655.000      2275.000
-----------------------------------------------------------------------------------------

-----------------------------------------------------------------------------------------
			Line Flow Result		
-----------------------------------------------------------------------------------------
| From Bus | To Bus |    P (MW)    |    Q (MVAr)     |
-----------------------------------------------------------------------------------------
      1	    2		-0.000000	0.000000j	
      2	    1		0.000000	-0.000000j	
      2	    3		0.461365	0.220766j	
      2	   19		-0.361242	-0.160968j	
      3	    2		-0.462170	-0.221176j	
      3	    4		1.491507	0.717999j	
      3	   23		-0.939293	-0.456903j	
      4	    3		-1.497743	-0.721175j	
      4	    5		1.617775	0.801110j	
      5	    4		-1.625432	-0.805010j	
      5	    6		1.685456	0.834968j	
      6	    5		-1.703151	-0.850244j	
      6	    7		-1.092551	-0.524872j	
      6	   26		2.855767	1.395032j	
      7	    6		1.090911	0.519452j	
      7	    8		-0.890890	-0.419480j	
      8	    7		0.886751	0.418112j	
      8	    9		-0.686737	-0.318143j	
      9	    8		0.683166	0.315577j	
      9	   10		-0.623153	-0.295596j	
     10	    9		0.620112	0.293441j	
     10	   11		-0.560082	-0.273520j	
     11	   10		0.559610	0.273363j	
     11	   12		-0.514575	-0.243469j	
     12	   11		0.513823	0.243220j	
     12	   13		-0.453806	-0.208263j	
     13	   12		0.451531	0.206473j	
     13	   14		-0.391513	-0.171489j	
     14	   13		0.390891	0.170671j	
     14	   15		-0.270866	-0.090695j	
     15	   14		0.270561	0.090424j	
     15	   16		-0.210539	-0.080451j	
     16	   15		0.210299	0.080276j	
     16	   17		-0.150284	-0.060293j	
     17	   16		0.150070	0.060006j	
     17	   18		-0.090055	-0.040023j	
     18	   17		0.090010	0.039988j	
     19	    2		0.361082	0.160815j	
     19	   20		-0.271032	-0.120868j	
     20	   19		0.270204	0.120123j	
     20	   21		-0.180182	-0.080144j	
     21	   20		0.180081	0.080027j	
     21	   22		-0.090053	-0.040050j	
     22	   21		0.090010	0.039992j	
     23	    3		0.936232	0.454812j	
     23	   24		-0.846209	-0.404845j	
     24	   23		0.841261	0.400938j	
     24	   25		-0.421245	-0.200959j	
     25	   24		0.420007	0.199990j	
     26	    6		-2.867994	-1.401260j	
     26	   27		-0.883946	-0.943596j	
     27	   26		0.881137	0.942167j	
     27	   28		-0.821107	-0.917222j	
     28	   27		0.811576	0.908819j	
     28	   29		-0.751560	-0.888838j	
     29	   28		0.744955	0.883084j	
     29	   30		-0.624933	-0.813119j	
     30	   29		0.621649	0.811446j	
     30	   31		-0.421629	-0.211479j	
     31	   30		0.420286	0.210152j	
     31	   32		-0.270255	-0.140180j	
     32	   31		0.270075	0.139971j	
     32	   33		-0.060031	-0.040004j	
     33	   32		0.060020	0.039987j	
-----------------------------------------------------------------------------------------

-----------------------------------------------------------------------------------------
			Line Loss 		
-----------------------------------------------------------------------------------------
| From Bus | To Bus |    P (MW)    |    Q (MVAr)     |
-----------------------------------------------------------------------------------------
    2	    1		0.000000	0.000000	
    3	    2		-0.000805	-0.000410	
    4	    3		-0.006235	-0.003176	
    5	    4		-0.007657	-0.003900	
    6	    5		-0.017695	-0.015275	
    7	    6		-0.001640	-0.005420	
    8	    7		-0.004139	-0.001368	
    9	    8		-0.003571	-0.002566	
   10	    9		-0.003041	-0.002155	
   11	   10		-0.000473	-0.000156	
   12	   11		-0.000752	-0.000249	
   13	   12		-0.002275	-0.001790	
   14	   13		-0.000622	-0.000819	
   15	   14		-0.000304	-0.000271	
   16	   15		-0.000240	-0.000175	
   17	   16		-0.000214	-0.000286	
   18	   17		-0.000045	-0.000036	
   19	    2		-0.000160	-0.000153	
   20	   19		-0.000827	-0.000746	
   21	   20		-0.000100	-0.000117	
   22	   21		-0.000043	-0.000057	
   23	    3		-0.003061	-0.002091	
   24	   23		-0.004948	-0.003907	
   25	   24		-0.001238	-0.000969	
   26	    6		-0.012226	-0.006228	
   26	   27		-0.002808	-0.001430	
   27	   28		-0.009531	-0.008403	
   28	   29		-0.006605	-0.005754	
   29	   30		-0.003284	-0.001673	
   30	   31		-0.001343	-0.001327	
   31	   32		-0.000180	-0.000209	
   32	   33		-0.000011	-0.000017	
    8	   21		0.000000	0.000000	
    9	   15		0.000000	0.000000	
   12	   22		0.000000	0.000000	
   18	   33		0.000000	0.000000	
   25	   29		0.000000	0.000000	
-----------------------------------------------------------------------------------------
Total			0.096074 MW	0.071132 MVAr
-----------------------------------------------------------------------------------------

#########################################################################################
