
#########################################################################################

Summary :

Minimum voltage in the 33 bus system is at bus no : 18	Voltage magnitude is : 0.933409

Real Power Loss = 0.164769 MW

Reactive Power Loss =  0.119898 MVAr


-----------------------------------------------------------------------------------------
			Newton Raphson Loadflow Results		
-----------------------------------------------------------------------------------------

| Bus |      V      |   Angle  |     Injection Power      |          Load      |
| No  |      pu     |  Degrees |    MW      |      MVar   |     KW     |  KVar |

-----------------------------------------------------------------------------------------

   1	1.000000    0.000000	0.000000    -0.000000   0.000   0.000
   2	1.000000    0.000000	-0.100123    -0.059798   100.000   60.000
   3	1.001765    0.002506	-0.090044    -0.039912   90.000   40.000
   4	0.994440    0.064980	-0.120032    -0.079663   120.000   80.000
   5	0.987197    0.127473	-0.060024    -0.029688   60.000   30.000
   6	0.969189    0.036902	-0.060055    -0.019847   60.000   20.000
   7	0.965774    -0.176696	-0.200025    -0.101249   200.000   100.000
   8	0.961034    -0.142734	-0.200012    -0.101009   200.000   100.000
   9	0.954896    -0.208933	-0.060012    -0.020440   60.000   20.000
  10	0.949202    -0.264755	-0.060026    -0.020513   60.000   20.000
  11	0.948361    -0.257958	-0.045031    -0.030332   45.000   30.000
  12	0.946894    -0.247171	-0.060015    -0.035507   60.000   35.000
  13	0.940906    -0.328023	-0.060016    -0.035713   60.000   35.000
  14	0.938680    -0.398005	-0.120023    -0.081746   120.000   80.000
  15	0.937294    -0.431260	-0.060019    -0.010939   60.000   10.000
  16	0.935953    -0.451499	-0.060013    -0.020992   60.000   20.000
  17	0.933959    -0.519638	-0.060013    -0.021147   60.000   20.000
  18	0.933364    -0.527878	-0.090009    -0.041758   90.000   40.000
  19	0.999473    -0.010773	-0.090051    -0.039981   90.000   40.000
  20	0.995905    -0.077099	-0.090023    -0.040222   90.000   40.000
  21	0.995202    -0.096205	-0.090028    -0.040281   90.000   40.000
  22	0.994566    -0.116265	-0.090010    -0.040359   90.000   40.000
  23	1.013669    0.010273	3.790609    2.367306   0.000   0.000
  24	1.007227    -0.073196	-0.420016    -0.201044   420.000   200.000
  25	1.004016    -0.113876	-0.420008    -0.201651   420.000   200.000
  26	0.967301    0.073416	-0.060048    -0.024747   60.000   25.000
  27	0.964790    0.125162	-0.060026    -0.024681   60.000   25.000
  28	0.953592    0.199502	-0.060015    -0.019544   60.000   20.000
  29	0.945545    0.268363	-0.120019    -0.068777   120.000   70.000
  30	0.942054    0.362335	-0.200017    -0.597233   200.000   600.000
  31	0.937990    0.284901	-0.150028    -0.068381   150.000   70.000
  32	0.937097    0.263945	-0.210039    -0.097901   210.000   100.000
  33	0.936820    0.256930	-0.060018    -0.039412   60.000   40.000
-----------------------------------------------------------------------------------------
Total				0.164769    0.112838      3625.000      2250.000
-----------------------------------------------------------------------------------------

-----------------------------------------------------------------------------------------
			Line Flow Result		
-----------------------------------------------------------------------------------------
| From Bus | To Bus |    P (MW)    |    Q (MVAr)     |
-----------------------------------------------------------------------------------------
      1	    2		0.000000	-0.000000j	
      2	    1		-0.000000	0.000000j	
      2	    3		0.461365	0.220766j	
      2	   19		-0.361243	-0.160968j	
      3	    2		-0.462170	-0.221176j	
      3	    4		-2.358051	-1.679404j	
      3	   23		2.910265	1.940500j	
      4	    3		2.338980	1.669691j	
      4	    5		-2.218948	-1.589754j	
      5	    4		2.201032	1.580630j	
      5	    6		-2.141008	-1.550670j	
      6	    5		2.104365	1.519038j	
      6	    7		-1.094627	-0.526760j	
      6	   26		-0.949683	-0.972352j	
      7	    6		1.092792	0.520695j	
      7	    8		-0.892767	-0.420721j	
      8	    7		0.888132	0.419189j	
      8	    9		-0.688120	-0.319215j	
      9	    8		0.684116	0.316339j	
      9	   10		-0.624104	-0.296356j	
     10	    9		0.620694	0.293939j	
     10	   11		-0.560667	-0.274010j	
     11	   10		0.560137	0.273835j	
     11	   12		-0.515106	-0.243929j	
     12	   11		0.514262	0.243650j	
     12	   13		-0.454247	-0.208688j	
     13	   12		0.451695	0.206680j	
     13	   14		-0.391679	-0.171695j	
     14	   13		0.390980	0.170776j	
     14	   15		-0.270958	-0.090797j	
     15	   14		0.270616	0.090493j	
     15	   16		-0.210596	-0.080517j	
     16	   15		0.210327	0.080320j	
     16	   17		-0.150314	-0.060336j	
     17	   16		0.150073	0.060014j	
     17	   18		-0.090060	-0.040029j	
     18	   17		0.090009	0.039989j	
     19	    2		0.361082	0.160815j	
     19	   20		-0.271032	-0.120868j	
     20	   19		0.270204	0.120123j	
     20	   21		-0.180182	-0.080144j	
     21	   20		0.180081	0.080027j	
     21	   22		-0.090053	-0.040050j	
     22	   21		0.090010	0.039992j	
     23	    3		-2.944588	-1.963952j	
     23	   24		-0.846021	-0.404695j	
     24	   23		0.841225	0.400908j	
     24	   25		-0.421208	-0.200929j	
     25	   24		0.420008	0.199990j	
     26	    6		0.947192	0.971083j	
     26	   27		-0.887144	-0.946177j	
     27	   26		0.883956	0.944554j	
     27	   28		-0.823930	-0.919600j	
     28	   27		0.813108	0.910059j	
     28	   29		-0.753094	-0.890076j	
     29	   28		0.745593	0.883542j	
     29	   30		-0.625574	-0.813572j	
     30	   29		0.621844	0.811672j	
     30	   31		-0.421826	-0.211700j	
     31	   30		0.420301	0.210192j	
     31	   32		-0.270273	-0.140217j	
     32	   31		0.270069	0.139979j	
     32	   33		-0.060030	-0.040008j	
     33	   32		0.060018	0.039989j	
-----------------------------------------------------------------------------------------

-----------------------------------------------------------------------------------------
			Line Loss 		
-----------------------------------------------------------------------------------------
| From Bus | To Bus |    P (MW)    |    Q (MVAr)     |
-----------------------------------------------------------------------------------------
    2	    1		0.000000	0.000000	
    3	    2		-0.000805	-0.000410	
    4	    3		-0.019071	-0.009713	
    5	    4		-0.017916	-0.009125	
    6	    5		-0.036643	-0.031632	
    7	    6		-0.001835	-0.006065	
    8	    7		-0.004635	-0.001532	
    9	    8		-0.004004	-0.002876	
   10	    9		-0.003410	-0.002417	
   11	   10		-0.000530	-0.000175	
   12	   11		-0.000844	-0.000279	
   13	   12		-0.002553	-0.002008	
   14	   13		-0.000698	-0.000919	
   15	   14		-0.000342	-0.000304	
   16	   15		-0.000269	-0.000197	
   17	   16		-0.000241	-0.000322	
   18	   17		-0.000051	-0.000040	
   19	    2		-0.000160	-0.000153	
   20	   19		-0.000827	-0.000746	
   21	   20		-0.000100	-0.000117	
   22	   21		-0.000043	-0.000057	
   23	    3		-0.034323	-0.023452	
   23	   24		-0.004796	-0.003787	
   24	   25		-0.001200	-0.000939	
    6	   26		-0.002491	-0.001269	
   26	   27		-0.003188	-0.001623	
   27	   28		-0.010822	-0.009541	
   28	   29		-0.007501	-0.006535	
   29	   30		-0.003730	-0.001900	
   30	   31		-0.001526	-0.001508	
   31	   32		-0.000204	-0.000238	
   32	   33		-0.000013	-0.000020	
    8	   21		0.000000	0.000000	
    9	   15		0.000000	0.000000	
   12	   22		0.000000	0.000000	
   18	   33		0.000000	0.000000	
   25	   29		0.000000	0.000000	
-----------------------------------------------------------------------------------------
Total			0.164769 MW	0.119898 MVAr
-----------------------------------------------------------------------------------------

#########################################################################################
