
#########################################################################################

Summary :

Minimum voltage in the 33 bus system is at bus no : 18	Voltage magnitude is : 0.945749

Real Power Loss = 0.118236 MW

Reactive Power Loss =  0.090106 MVAr


-----------------------------------------------------------------------------------------
			Newton Raphson Loadflow Results		
-----------------------------------------------------------------------------------------

| Bus |      V      |   Angle  |     Injection Power      |          Load      |
| No  |      pu     |  Degrees |    MW      |      MVar   |     KW     |  KVar |

-----------------------------------------------------------------------------------------

   1	1.000000    0.000000	0.000000    -0.000000   0.000   0.000
   2	1.000000    -0.000000	-0.100123    -0.059798   100.000   60.000
   3	1.001765    0.002506	-0.090044    -0.039912   90.000   40.000
   4	1.005999    0.007952	3.714079    2.307842   0.000   0.000
   5	0.998849    0.070038	-0.060025    -0.029811   60.000   30.000
   6	0.981068    -0.018415	-0.060057    -0.019964   60.000   20.000
   7	0.977693    -0.229155	-0.200025    -0.101607   200.000   100.000
   8	0.973014    -0.195404	-0.200012    -0.101372   200.000   100.000
   9	0.966954    -0.260478	-0.060013    -0.020545   60.000   20.000
  10	0.961332    -0.315328	-0.060027    -0.020613   60.000   20.000
  11	0.960502    -0.308581	-0.045032    -0.030406   45.000   30.000
  12	0.959055    -0.297869	-0.060015    -0.035609   60.000   35.000
  13	0.953143    -0.377413	-0.060017    -0.035811   60.000   35.000
  14	0.950945    -0.446392	-0.120023    -0.081934   120.000   80.000
  15	0.949576    -0.479156	-0.060020    -0.011031   60.000   10.000
  16	0.948253    -0.499076	-0.060014    -0.021083   60.000   20.000
  17	0.946284    -0.566244	-0.060014    -0.021234   60.000   20.000
  18	0.945696    -0.574352	-0.090009    -0.041888   90.000   40.000
  19	0.999473    -0.010773	-0.090051    -0.039981   90.000   40.000
  20	0.995905    -0.077099	-0.090023    -0.040222   90.000   40.000
  21	0.995202    -0.096205	-0.090028    -0.040281   90.000   40.000
  22	0.994566    -0.116265	-0.090010    -0.040359   90.000   40.000
  23	0.998248    -0.027274	-0.090024    -0.050053   90.000   50.000
  24	0.991704    -0.111787	-0.420016    -0.201631   420.000   200.000
  25	0.988441    -0.152973	-0.420008    -0.202256   420.000   200.000
  26	0.979205    0.017748	-0.060049    -0.024866   60.000   25.000
  27	0.976727    0.068987	-0.060027    -0.024804   60.000   25.000
  28	0.965674    0.143082	-0.060015    -0.019672   60.000   20.000
  29	0.957732    0.211575	-0.120019    -0.069041   120.000   70.000
  30	0.954288    0.304563	-0.200018    -0.597706   200.000   600.000
  31	0.950276    0.228383	-0.150029    -0.068713   150.000   70.000
  32	0.949393    0.207753	-0.210040    -0.098363   210.000   100.000
  33	0.949119    0.200846	-0.060018    -0.039544   60.000   40.000
-----------------------------------------------------------------------------------------
Total				0.118236    0.077730      3595.000      2220.000
-----------------------------------------------------------------------------------------

-----------------------------------------------------------------------------------------
			Line Flow Result		
-----------------------------------------------------------------------------------------
| From Bus | To Bus |    P (MW)    |    Q (MVAr)     |
-----------------------------------------------------------------------------------------
      1	    2		-0.000000	0.000000j	
      2	    1		0.000000	-0.000000j	
      2	    3		0.461365	0.220766j	
      2	   19		-0.361243	-0.160968j	
      3	    2		-0.462170	-0.221176j	
      3	    4		1.491508	0.718000j	
      3	   23		-0.939294	-0.456904j	
      4	    3		-1.497744	-0.721175j	
      4	    5		-2.216335	-1.587691j	
      5	    4		2.198871	1.578797j	
      5	    6		-2.138847	-1.548839j	
      6	    5		2.103130	1.518006j	
      6	    7		-1.094137	-0.526315j	
      6	   26		-0.948936	-0.971767j	
      7	    6		1.092348	0.520402j	
      7	    8		-0.892323	-0.420428j	
      8	    7		0.887805	0.418935j	
      8	    9		-0.687793	-0.318962j	
      9	    8		0.683891	0.316159j	
      9	   10		-0.623878	-0.296177j	
     10	    9		0.620556	0.293822j	
     10	   11		-0.560529	-0.273895j	
     11	   10		0.560012	0.273724j	
     11	   12		-0.514980	-0.243821j	
     12	   11		0.514158	0.243549j	
     12	   13		-0.454143	-0.208588j	
     13	   12		0.451656	0.206631j	
     13	   14		-0.391639	-0.171646j	
     14	   13		0.390959	0.170751j	
     14	   15		-0.270936	-0.090773j	
     15	   14		0.270603	0.090477j	
     15	   16		-0.210583	-0.080502j	
     16	   15		0.210320	0.080310j	
     16	   17		-0.150307	-0.060326j	
     17	   16		0.150072	0.060012j	
     17	   18		-0.090058	-0.040027j	
     18	   17		0.090009	0.039989j	
     19	    2		0.361082	0.160815j	
     19	   20		-0.271032	-0.120868j	
     20	   19		0.270204	0.120123j	
     20	   21		-0.180182	-0.080144j	
     21	   20		0.180081	0.080027j	
     21	   22		-0.090053	-0.040050j	
     22	   21		0.090010	0.039992j	
     23	    3		0.936233	0.454812j	
     23	   24		-0.846210	-0.404845j	
     24	   23		0.841262	0.400938j	
     24	   25		-0.421246	-0.200959j	
     25	   24		0.420008	0.199990j	
     26	    6		0.946508	0.970530j	
     26	   27		-0.886459	-0.945626j	
     27	   26		0.883352	0.944045j	
     27	   28		-0.823325	-0.919092j	
     28	   27		0.812780	0.909795j	
     28	   29		-0.752765	-0.889812j	
     29	   28		0.745456	0.883444j	
     29	   30		-0.625436	-0.813476j	
     30	   29		0.621802	0.811624j	
     30	   31		-0.421784	-0.211653j	
     31	   30		0.420297	0.210184j	
     31	   32		-0.270269	-0.140209j	
     32	   31		0.270070	0.139977j	
     32	   33		-0.060030	-0.040008j	
     33	   32		0.060018	0.039988j	
-----------------------------------------------------------------------------------------

-----------------------------------------------------------------------------------------
			Line Loss 		
-----------------------------------------------------------------------------------------
| From Bus | To Bus |    P (MW)    |    Q (MVAr)     |
-----------------------------------------------------------------------------------------
    2	    1		0.000000	0.000000	
    3	    2		-0.000805	-0.000410	
    4	    3		-0.006235	-0.003176	
    4	    5		-0.017464	-0.008895	
    5	    6		-0.035717	-0.030832	
    6	    7		-0.001789	-0.005913	
    7	    8		-0.004518	-0.001493	
    8	    9		-0.003902	-0.002803	
    9	   10		-0.003323	-0.002355	
   10	   11		-0.000517	-0.000171	
   11	   12		-0.000822	-0.000272	
   12	   13		-0.002487	-0.001957	
   13	   14		-0.000680	-0.000895	
   14	   15		-0.000333	-0.000296	
   15	   16		-0.000262	-0.000192	
   16	   17		-0.000235	-0.000313	
   17	   18		-0.000050	-0.000039	
    2	   19		-0.000160	-0.000153	
   19	   20		-0.000827	-0.000746	
   20	   21		-0.000100	-0.000117	
   21	   22		-0.000043	-0.000057	
    3	   23		-0.003061	-0.002091	
   23	   24		-0.004948	-0.003907	
   24	   25		-0.001238	-0.000969	
    6	   26		-0.002428	-0.001237	
   26	   27		-0.003107	-0.001582	
   27	   28		-0.010545	-0.009298	
   28	   29		-0.007309	-0.006368	
   29	   30		-0.003635	-0.001851	
   30	   31		-0.001487	-0.001469	
   31	   32		-0.000199	-0.000232	
   32	   33		-0.000012	-0.000019	
    8	   21		0.000000	0.000000	
    9	   15		0.000000	0.000000	
   12	   22		0.000000	0.000000	
   18	   33		0.000000	0.000000	
   25	   29		0.000000	0.000000	
-----------------------------------------------------------------------------------------
Total			0.118236 MW	0.090106 MVAr
-----------------------------------------------------------------------------------------

#########################################################################################
