
#########################################################################################

Summary :

Minimum voltage in the 33 bus system is at bus no : 18	Voltage magnitude is : 0.913092

Real Power Loss = 0.202677 MW

Reactive Power Loss =  0.135141 MVAr


-----------------------------------------------------------------------------------------
			Newton Raphson Loadflow Results		
-----------------------------------------------------------------------------------------

| Bus |      V      |   Angle  |     Injection Power      |          Load      |
| No  |      pu     |  Degrees |    MW      |      MVar   |     KW     |  KVar |

-----------------------------------------------------------------------------------------

   1	1.000000    0.000000	3.918512    2.433900   0.000   0.000
   2	0.997032    0.014383	-0.100122    -0.059749   100.000   60.000
   3	0.982936    0.094129	-0.090043    -0.039622   90.000   40.000
   4	0.975452    0.157270	-0.120031    -0.079263   120.000   80.000
   5	0.968051    0.220445	-0.060023    -0.029483   60.000   30.000
   6	0.949655    0.126246	-0.060053    -0.019651   60.000   20.000
   7	0.946172    -0.092220	-0.200024    -0.100655   200.000   100.000
   8	0.941328    -0.057899	-0.200012    -0.100404   200.000   100.000
   9	0.935058    -0.126017	-0.060012    -0.020265   60.000   20.000
  10	0.929240    -0.183499	-0.060025    -0.020346   60.000   20.000
  11	0.928380    -0.176616	-0.045030    -0.030208   45.000   30.000
  12	0.926881    -0.165703	-0.060014    -0.035337   60.000   35.000
  13	0.920762    -0.248787	-0.060015    -0.035550   60.000   35.000
  14	0.918489    -0.320480	-0.120022    -0.081435   120.000   80.000
  15	0.917073    -0.354570	-0.060019    -0.010786   60.000   10.000
  16	0.915702    -0.375354	-0.060013    -0.020842   60.000   20.000
  17	0.913666    -0.445147	-0.060013    -0.021004   60.000   20.000
  18	0.913057    -0.453612	-0.090008    -0.041544   90.000   40.000
  19	0.996504    0.003571	-0.090050    -0.039936   90.000   40.000
  20	0.992925    -0.063004	-0.090023    -0.040179   90.000   40.000
  21	0.992220    -0.082177	-0.090028    -0.040237   90.000   40.000
  22	0.991582    -0.102306	-0.090010    -0.040316   90.000   40.000
  23	0.979351    0.063448	-0.090023    -0.049765   90.000   50.000
  24	0.972680    -0.023309	-0.420015    -0.200332   420.000   200.000
  25	0.969355    -0.065596	-0.420008    -0.200982   420.000   200.000
  26	0.947724    0.163355	-0.060046    -0.024548   60.000   25.000
  27	0.945157    0.215959	-0.060025    -0.024476   60.000   25.000
  28	0.933711    0.290693	-0.060014    -0.019330   60.000   20.000
  29	0.925485    0.360168	-0.120018    -0.068334   120.000   70.000
  30	0.921915    0.455808	-0.200017    -0.596432   200.000   600.000
  31	0.917764    0.376231	-0.150027    -0.067822   150.000   70.000
  32	0.916852    0.354716	-0.210037    -0.097126   210.000   100.000
  33	0.916569    0.347517	-0.060017    -0.039191   60.000   40.000
-----------------------------------------------------------------------------------------
Total				0.202677    0.138750      3715.000      2300.000
-----------------------------------------------------------------------------------------

-----------------------------------------------------------------------------------------
			Line Flow Result		
-----------------------------------------------------------------------------------------
| From Bus | To Bus |    P (MW)    |    Q (MVAr)     |
-----------------------------------------------------------------------------------------
      1	    2		-3.918512	-2.433900j	
      2	    1		3.906272	2.427660j	
      2	    3		-3.444901	-2.206885j	
      2	   19		-0.361249	-0.160975j	
      3	    2		3.393110	2.180507j	
      3	    4		-2.363408	-1.683401j	
      3	   23		-0.939659	-0.457182j	
      4	    3		2.343508	1.673266j	
      4	    5		-2.223478	-1.593327j	
      5	    4		2.204779	1.583804j	
      5	    6		-2.144756	-1.553843j	
      6	    5		2.106508	1.520826j	
      6	    7		-1.095476	-0.527531j	
      6	   26		-0.950980	-0.973366j	
      7	    6		1.093561	0.521202j	
      7	    8		-0.893537	-0.421227j	
      8	    7		0.888699	0.419628j	
      8	    9		-0.688687	-0.319653j	
      9	    8		0.684507	0.316649j	
      9	   10		-0.624495	-0.296666j	
     10	    9		0.620934	0.294142j	
     10	   11		-0.560908	-0.274210j	
     11	   10		0.560355	0.274027j	
     11	   12		-0.515325	-0.244117j	
     12	   11		0.514443	0.243826j	
     12	   13		-0.454429	-0.208862j	
     13	   12		0.451762	0.206764j	
     13	   14		-0.391747	-0.171778j	
     14	   13		0.391018	0.170818j	
     14	   15		-0.270996	-0.090839j	
     15	   14		0.270639	0.090521j	
     15	   16		-0.210620	-0.080544j	
     16	   15		0.210339	0.080338j	
     16	   17		-0.150326	-0.060353j	
     17	   16		0.150074	0.060017j	
     17	   18		-0.090061	-0.040031j	
     18	   17		0.090008	0.039989j	
     19	    2		0.361088	0.160821j	
     19	   20		-0.271037	-0.120874j	
     20	   19		0.270205	0.120124j	
     20	   21		-0.180182	-0.080145j	
     21	   20		0.180081	0.080027j	
     21	   22		-0.090054	-0.040050j	
     22	   21		0.090010	0.039992j	
     23	    3		0.936477	0.455008j	
     23	   24		-0.846454	-0.405040j	
     24	   23		0.841311	0.400978j	
     24	   25		-0.421295	-0.200998j	
     25	   24		0.420008	0.199990j	
     26	    6		0.948379	0.972041j	
     26	   27		-0.888333	-0.947131j	
     27	   26		0.885004	0.945437j	
     27	   28		-0.824979	-0.920481j	
     28	   27		0.813678	0.910518j	
     28	   29		-0.753664	-0.890534j	
     29	   28		0.745831	0.883710j	
     29	   30		-0.625813	-0.813739j	
     30	   29		0.621917	0.811755j	
     30	   31		-0.421901	-0.211782j	
     31	   30		0.420307	0.210206j	
     31	   32		-0.270280	-0.140230j	
     32	   31		0.270067	0.139982j	
     32	   33		-0.060030	-0.040010j	
     33	   32		0.060017	0.039989j	
-----------------------------------------------------------------------------------------

-----------------------------------------------------------------------------------------
			Line Loss 		
-----------------------------------------------------------------------------------------
| From Bus | To Bus |    P (MW)    |    Q (MVAr)     |
-----------------------------------------------------------------------------------------
    1	    2		-0.012241	-0.006240	
    2	    3		-0.051791	-0.026379	
    3	    4		-0.019900	-0.010135	
    4	    5		-0.018698	-0.009523	
    5	    6		-0.038248	-0.033017	
    6	    7		-0.001915	-0.006329	
    7	    8		-0.004838	-0.001599	
    8	    9		-0.004181	-0.003004	
    9	   10		-0.003561	-0.002524	
   10	   11		-0.000554	-0.000183	
   11	   12		-0.000881	-0.000291	
   12	   13		-0.002667	-0.002098	
   13	   14		-0.000729	-0.000960	
   14	   15		-0.000357	-0.000318	
   15	   16		-0.000282	-0.000206	
   16	   17		-0.000252	-0.000336	
   17	   18		-0.000053	-0.000042	
    2	   19		-0.000161	-0.000154	
   19	   20		-0.000832	-0.000750	
   20	   21		-0.000101	-0.000118	
   21	   22		-0.000044	-0.000058	
    3	   23		-0.003182	-0.002174	
   23	   24		-0.005144	-0.004062	
   24	   25		-0.001287	-0.001007	
    6	   26		-0.002601	-0.001325	
   26	   27		-0.003329	-0.001695	
   27	   28		-0.011301	-0.009964	
   28	   29		-0.007833	-0.006824	
   29	   30		-0.003896	-0.001984	
   30	   31		-0.001594	-0.001575	
   31	   32		-0.000213	-0.000249	
   32	   33		-0.000013	-0.000020	
    8	   21		0.000000	0.000000	
    9	   15		0.000000	0.000000	
   12	   22		0.000000	0.000000	
   18	   33		0.000000	0.000000	
   25	   29		0.000000	0.000000	
-----------------------------------------------------------------------------------------
Total			0.202677 MW	0.135141 MVAr
-----------------------------------------------------------------------------------------

#########################################################################################
