
#########################################################################################

Summary :

Minimum voltage in the 12 bus system is at bus no : 12	Voltage magnitude is : 0.949339

Real Power Loss = 0.017081 MW

Reactive Power Loss =  0.006536 MVAr


-----------------------------------------------------------------------------------------
			Newton Raphson Loadflow Results		
-----------------------------------------------------------------------------------------

| Bus |      V      |   Angle  |     Injection Power      |          Load      |
| No  |      pu     |  Degrees |    MW      |      MVar   |     KW     |  KVar |

-----------------------------------------------------------------------------------------

   1	1.000000    0.000000	-0.000000    -0.000000   0.000   0.000
   2	1.000000    0.000000	0.392117    0.351436   0.000   0.000
   3	0.994728    0.105308	-0.040005    -0.029839   40.000   30.000
   4	0.986318    0.278661	-0.055003    -0.054447   55.000   55.000
   5	0.975604    0.493883	-0.030005    -0.029454   30.000   30.000
   6	0.972327    0.558679	-0.020007    -0.014578   20.000   15.000
   7	0.969547    0.614976	-0.055004    -0.053758   55.000   55.000
   8	0.961105    0.849776	-0.045001    -0.043586   45.000   45.000
   9	0.953058    1.059933	-0.040001    -0.038413   40.000   40.000
  10	0.950236    1.127859	-0.035003    -0.028515   35.000   30.000
  11	0.949335    1.148993	-0.040004    -0.028270   40.000   30.000
  12	0.949125    1.155370	0.000000    0.000000   15.000   15.000
-----------------------------------------------------------------------------------------
Total				0.032084    0.030576       375.000       345.000
-----------------------------------------------------------------------------------------

-----------------------------------------------------------------------------------------
			Line Flow Result		
-----------------------------------------------------------------------------------------
| From Bus | To Bus |    P (MW)    |    Q (MVAr)     |
-----------------------------------------------------------------------------------------
      1	    2		0.000000	0.000000j	
      2	    1		-0.000000	-0.000000j	
      2	    3		-0.392117	-0.351436j	
      3	    2		0.389404	0.350304j	
      3	    4		-0.349399	-0.320317j	
      4	    3		0.345468	0.318679j	
      4	    5		-0.290464	-0.263686j	
      5	    4		0.286296	0.261949j	
      5	    6		-0.256292	-0.231960j	
      6	    5		0.255158	0.231488j	
      6	    7		-0.235151	-0.216505j	
      7	    6		0.234256	0.216133j	
      7	    8		-0.179251	-0.161144j	
      8	    7		0.177003	0.160524j	
      8	    9		-0.132002	-0.115528j	
      9	    8		0.130449	0.115088j	
      9	   10		-0.090447	-0.075093j	
     10	    9		0.090084	0.074990j	
     10	   11		-0.055081	-0.045000j	
     11	   10		0.055011	0.044980j	
     11	   12		-0.015007	-0.014994j	
     12	   11		0.015002	0.014992j	
-----------------------------------------------------------------------------------------

-----------------------------------------------------------------------------------------
			Line Loss 		
-----------------------------------------------------------------------------------------
| From Bus | To Bus |    P (MW)    |    Q (MVAr)     |
-----------------------------------------------------------------------------------------
    2	    1		-0.000000	-0.000000	
    2	    3		-0.002713	-0.001132	
    3	    4		-0.003931	-0.001638	
    4	    5		-0.004168	-0.001738	
    5	    6		-0.001134	-0.000472	
    6	    7		-0.000895	-0.000372	
    7	    8		-0.002249	-0.000621	
    8	    9		-0.001553	-0.000440	
    9	   10		-0.000363	-0.000103	
   10	   11		-0.000070	-0.000020	
   11	   12		-0.000005	-0.000001	
-----------------------------------------------------------------------------------------
Total			0.017081 MW	0.006536 MVAr
-----------------------------------------------------------------------------------------

#########################################################################################
