
#########################################################################################

Summary :

Minimum voltage in the 12 bus system is at bus no : 12	Voltage magnitude is : 0.989098

Real Power Loss = 0.006883 MW

Reactive Power Loss =  0.002331 MVAr


-----------------------------------------------------------------------------------------
			Newton Raphson Loadflow Results		
-----------------------------------------------------------------------------------------

| Bus |      V      |   Angle  |     Injection Power      |          Load      |
| No  |      pu     |  Degrees |    MW      |      MVar   |     KW     |  KVar |

-----------------------------------------------------------------------------------------

   1	1.000000    0.000000	0.000000    -0.000000   0.000   0.000
   2	1.000000    0.000000	-0.060007    -0.059983   60.000   60.000
   3	1.000832    -0.019592	-0.040005    -0.030015   40.000   30.000
   4	1.003212    -0.067508	-0.055003    -0.055121   55.000   55.000
   5	1.008880    -0.188781	-0.030005    -0.030183   30.000   30.000
   6	1.011202    -0.239453	0.421921    0.395700   0.000   0.000
   7	1.008546    -0.183137	-0.055005    -0.055335   55.000   55.000
   8	1.000500    0.049183	-0.045001    -0.044918   45.000   45.000
   9	0.992829    0.257513	-0.040002    -0.039631   40.000   40.000
  10	0.990137    0.325029	-0.035003    -0.029587   35.000   30.000
  11	0.989278    0.346053	-0.040004    -0.029494   40.000   30.000
  12	0.989078    0.352347	0.000000    0.000000   15.000   15.000
-----------------------------------------------------------------------------------------
Total				0.021885    0.021432       415.000       390.000
-----------------------------------------------------------------------------------------

-----------------------------------------------------------------------------------------
			Line Flow Result		
-----------------------------------------------------------------------------------------
| From Bus | To Bus |    P (MW)    |    Q (MVAr)     |
-----------------------------------------------------------------------------------------
      1	    2		0.000000	-0.000000j	
      2	    1		-0.000000	0.000000j	
      2	    3		0.060007	0.059983j	
      3	    2		-0.060078	-0.060012j	
      3	    4		0.100083	0.090000j	
      4	    3		-0.100396	-0.090130j	
      4	    5		0.155399	0.145122j	
      5	    4		-0.156583	-0.145616j	
      5	    6		0.186588	0.175604j	
      6	    5		-0.187170	-0.175846j	
      6	    7		-0.234750	-0.216379j	
      7	    6		0.233925	0.216036j	
      7	    8		-0.178920	-0.161048j	
      8	    7		0.176847	0.160476j	
      8	    9		-0.131846	-0.115480j	
      9	    8		0.130415	0.115075j	
      9	   10		-0.090413	-0.075081j	
     10	    9		0.090079	0.074986j	
     10	   11		-0.055076	-0.044996j	
     11	   10		0.055011	0.044978j	
     11	   12		-0.015007	-0.014993j	
     12	   11		0.015002	0.014992j	
-----------------------------------------------------------------------------------------

-----------------------------------------------------------------------------------------
			Line Loss 		
-----------------------------------------------------------------------------------------
| From Bus | To Bus |    P (MW)    |    Q (MVAr)     |
-----------------------------------------------------------------------------------------
    2	    1		0.000000	0.000000	
    3	    2		-0.000070	-0.000029	
    4	    3		-0.000313	-0.000130	
    5	    4		-0.001184	-0.000493	
    6	    5		-0.000583	-0.000243	
    6	    7		-0.000825	-0.000344	
    7	    8		-0.002073	-0.000572	
    8	    9		-0.001431	-0.000405	
    9	   10		-0.000335	-0.000095	
   10	   11		-0.000065	-0.000018	
   11	   12		-0.000005	-0.000001	
-----------------------------------------------------------------------------------------
Total			0.006883 MW	0.002331 MVAr
-----------------------------------------------------------------------------------------

#########################################################################################
