
#########################################################################################

Summary :

Minimum voltage in the 12 bus system is at bus no : 12	Voltage magnitude is : 0.983492

Real Power Loss = 0.007412 MW

Reactive Power Loss =  0.002545 MVAr


-----------------------------------------------------------------------------------------
			Newton Raphson Loadflow Results		
-----------------------------------------------------------------------------------------

| Bus |      V      |   Angle  |     Injection Power      |          Load      |
| No  |      pu     |  Degrees |    MW      |      MVar   |     KW     |  KVar |

-----------------------------------------------------------------------------------------

   1	1.000000    0.000000	0.000000    -0.000000   0.000   0.000
   2	1.000000    0.000000	-0.060007    -0.059983   60.000   60.000
   3	1.000832    -0.019592	-0.040005    -0.030015   40.000   30.000
   4	1.003212    -0.067508	-0.055003    -0.055121   55.000   55.000
   5	1.008880    -0.188781	0.412452    0.380120   0.000   0.000
   6	1.005728    -0.123911	-0.020008    -0.015067   20.000   15.000
   7	1.003056    -0.067593	-0.055005    -0.055117   55.000   55.000
   8	0.994956    0.165076	-0.045001    -0.044734   45.000   45.000
   9	0.987233    0.373667	-0.040002    -0.039463   40.000   40.000
  10	0.984524    0.441243	-0.035003    -0.029439   35.000   30.000
  11	0.983659    0.462283	-0.040004    -0.029325   40.000   30.000
  12	0.983458    0.468588	0.000000    0.000000   15.000   15.000
-----------------------------------------------------------------------------------------
Total				0.022414    0.021856       405.000       375.000
-----------------------------------------------------------------------------------------

-----------------------------------------------------------------------------------------
			Line Flow Result		
-----------------------------------------------------------------------------------------
| From Bus | To Bus |    P (MW)    |    Q (MVAr)     |
-----------------------------------------------------------------------------------------
      1	    2		0.000000	-0.000000j	
      2	    1		-0.000000	0.000000j	
      2	    3		0.060007	0.059983j	
      3	    2		-0.060078	-0.060012j	
      3	    4		0.100083	0.090000j	
      4	    3		-0.100396	-0.090130j	
      4	    5		0.155399	0.145122j	
      5	    4		-0.156583	-0.145616j	
      5	    6		-0.255870	-0.231818j	
      6	    5		0.254812	0.231378j	
      6	    7		-0.234804	-0.216396j	
      7	    6		0.233969	0.216049j	
      7	    8		-0.178964	-0.161061j	
      8	    7		0.176868	0.160482j	
      8	    9		-0.131867	-0.115487j	
      9	    8		0.130419	0.115077j	
      9	   10		-0.090418	-0.075082j	
     10	    9		0.090079	0.074986j	
     10	   11		-0.055077	-0.044997j	
     11	   10		0.055011	0.044978j	
     11	   12		-0.015007	-0.014993j	
     12	   11		0.015002	0.014992j	
-----------------------------------------------------------------------------------------

-----------------------------------------------------------------------------------------
			Line Loss 		
-----------------------------------------------------------------------------------------
| From Bus | To Bus |    P (MW)    |    Q (MVAr)     |
-----------------------------------------------------------------------------------------
    2	    1		0.000000	0.000000	
    3	    2		-0.000070	-0.000029	
    4	    3		-0.000313	-0.000130	
    5	    4		-0.001184	-0.000493	
    5	    6		-0.001058	-0.000440	
    6	    7		-0.000835	-0.000347	
    7	    8		-0.002097	-0.000579	
    8	    9		-0.001447	-0.000410	
    9	   10		-0.000338	-0.000096	
   10	   11		-0.000065	-0.000018	
   11	   12		-0.000005	-0.000001	
-----------------------------------------------------------------------------------------
Total			0.007412 MW	0.002545 MVAr
-----------------------------------------------------------------------------------------

#########################################################################################
