
#########################################################################################

Summary :

Minimum voltage in the 12 bus system is at bus no : 12	Voltage magnitude is : 0.955742

Real Power Loss = 0.014251 MW

Reactive Power Loss =  0.005363 MVAr


-----------------------------------------------------------------------------------------
			Newton Raphson Loadflow Results		
-----------------------------------------------------------------------------------------

| Bus |      V      |   Angle  |     Injection Power      |          Load      |
| No  |      pu     |  Degrees |    MW      |      MVar   |     KW     |  KVar |

-----------------------------------------------------------------------------------------

   1	1.000000    0.000000	0.000000    0.000000   0.000   0.000
   2	1.000000    -0.000000	-0.060007    -0.059983   60.000   60.000
   3	1.000832    -0.019592	0.409289    0.380537   0.000   0.000
   4	0.992483    0.153759	-0.055003    -0.054694   55.000   55.000
   5	0.981848    0.369014	-0.030005    -0.029592   30.000   30.000
   6	0.978595    0.433828	-0.020007    -0.014671   20.000   15.000
   7	0.975836    0.490131	-0.055004    -0.054016   55.000   55.000
   8	0.967460    0.724529	-0.045001    -0.043804   45.000   45.000
   9	0.959476    0.934393	-0.040001    -0.038612   40.000   40.000
  10	0.956675    1.002254	-0.035003    -0.028691   35.000   30.000
  11	0.955782    1.023371	-0.040004    -0.028470   40.000   30.000
  12	0.955573    1.029734	0.000000    0.000000   15.000   15.000
-----------------------------------------------------------------------------------------
Total				0.029253    0.028003       395.000       375.000
-----------------------------------------------------------------------------------------

-----------------------------------------------------------------------------------------
			Line Flow Result		
-----------------------------------------------------------------------------------------
| From Bus | To Bus |    P (MW)    |    Q (MVAr)     |
-----------------------------------------------------------------------------------------
      1	    2		-0.000000	-0.000000j	
      2	    1		0.000000	0.000000j	
      2	    3		0.060007	0.059983j	
      3	    2		-0.060078	-0.060012j	
      3	    4		-0.349211	-0.320245j	
      4	    3		0.345331	0.318628j	
      4	    5		-0.290328	-0.263636j	
      5	    4		0.286214	0.261921j	
      5	    6		-0.256209	-0.231932j	
      6	    5		0.255090	0.231466j	
      6	    7		-0.235083	-0.216484j	
      7	    6		0.234200	0.216116j	
      7	    8		-0.179195	-0.161128j	
      8	    7		0.176976	0.160516j	
      8	    9		-0.131975	-0.115520j	
      9	    8		0.130443	0.115086j	
      9	   10		-0.090441	-0.075091j	
     10	    9		0.090083	0.074990j	
     10	   11		-0.055080	-0.044999j	
     11	   10		0.055011	0.044980j	
     11	   12		-0.015007	-0.014994j	
     12	   11		0.015002	0.014992j	
-----------------------------------------------------------------------------------------

-----------------------------------------------------------------------------------------
			Line Loss 		
-----------------------------------------------------------------------------------------
| From Bus | To Bus |    P (MW)    |    Q (MVAr)     |
-----------------------------------------------------------------------------------------
    2	    1		-0.000000	-0.000000	
    3	    2		-0.000070	-0.000029	
    3	    4		-0.003881	-0.001617	
    4	    5		-0.004114	-0.001715	
    5	    6		-0.001119	-0.000466	
    6	    7		-0.000883	-0.000368	
    7	    8		-0.002219	-0.000612	
    8	    9		-0.001532	-0.000434	
    9	   10		-0.000358	-0.000101	
   10	   11		-0.000069	-0.000020	
   11	   12		-0.000005	-0.000001	
-----------------------------------------------------------------------------------------
Total			0.014251 MW	0.005363 MVAr
-----------------------------------------------------------------------------------------

#########################################################################################
