
#########################################################################################

Summary :

Minimum voltage in the 12 bus system is at bus no : 0	Voltage magnitude is : 1.000000

Real Power Loss = 0.009129 MW

Reactive Power Loss =  0.002924 MVAr


-----------------------------------------------------------------------------------------
			Newton Raphson Loadflow Results		
-----------------------------------------------------------------------------------------

| Bus |      V      |   Angle  |     Injection Power      |          Load      |
| No  |      pu     |  Degrees |    MW      |      MVar   |     KW     |  KVar |

-----------------------------------------------------------------------------------------

   1	1.000000    0.000000	0.000000    -0.000000   0.000   0.000
   2	1.000000    0.000000	-0.060007    -0.059983   60.000   60.000
   3	1.000832    -0.019592	-0.040005    -0.030015   40.000   30.000
   4	1.003212    -0.067508	-0.055003    -0.055121   55.000   55.000
   5	1.008880    -0.188781	-0.030005    -0.030183   30.000   30.000
   6	1.011202    -0.239453	-0.020008    -0.015146   20.000   15.000
   7	1.013545    -0.289090	-0.055005    -0.055533   55.000   55.000
   8	1.025388    -0.649479	0.399174    0.371538   0.000   0.000
   9	1.017951    -0.441132	-0.040002    -0.040595   40.000   40.000
  10	1.015340    -0.373473	-0.035003    -0.030436   35.000   30.000
  11	1.014507    -0.352390	-0.040004    -0.030467   40.000   30.000
  12	1.014313    -0.346118	0.000000    0.000000   15.000   15.000
-----------------------------------------------------------------------------------------
Total				0.024131    0.024060       390.000       360.000
-----------------------------------------------------------------------------------------

-----------------------------------------------------------------------------------------
			Line Flow Result		
-----------------------------------------------------------------------------------------
| From Bus | To Bus |    P (MW)    |    Q (MVAr)     |
-----------------------------------------------------------------------------------------
      1	    2		0.000000	-0.000000j	
      2	    1		-0.000000	0.000000j	
      2	    3		0.060007	0.059983j	
      3	    2		-0.060078	-0.060012j	
      3	    4		0.100083	0.090000j	
      4	    3		-0.100396	-0.090130j	
      4	    5		0.155399	0.145122j	
      5	    4		-0.156583	-0.145616j	
      5	    6		0.186588	0.175604j	
      6	    5		-0.187170	-0.175846j	
      6	    7		0.207178	0.190827j	
      7	    6		-0.207821	-0.191095j	
      7	    8		0.262826	0.246082j	
      8	    7		-0.267417	-0.247350j	
      8	    9		-0.131757	-0.115453j	
      9	    8		0.130396	0.115068j	
      9	   10		-0.090394	-0.075073j	
     10	    9		0.090076	0.074983j	
     10	   11		-0.055073	-0.044994j	
     11	   10		0.055011	0.044977j	
     11	   12		-0.015007	-0.014993j	
     12	   11		0.015002	0.014991j	
-----------------------------------------------------------------------------------------

-----------------------------------------------------------------------------------------
			Line Loss 		
-----------------------------------------------------------------------------------------
| From Bus | To Bus |    P (MW)    |    Q (MVAr)     |
-----------------------------------------------------------------------------------------
    2	    1		0.000000	0.000000	
    3	    2		-0.000070	-0.000029	
    4	    3		-0.000313	-0.000130	
    5	    4		-0.001184	-0.000493	
    6	    5		-0.000583	-0.000243	
    7	    6		-0.000643	-0.000267	
    8	    7		-0.004592	-0.001267	
    8	    9		-0.001361	-0.000385	
    9	   10		-0.000318	-0.000090	
   10	   11		-0.000061	-0.000017	
   11	   12		-0.000004	-0.000001	
-----------------------------------------------------------------------------------------
Total			0.009129 MW	0.002924 MVAr
-----------------------------------------------------------------------------------------

#########################################################################################
