
#########################################################################################

Summary :

Minimum voltage in the 12 bus system is at bus no : 12	Voltage magnitude is : 0.994204

Real Power Loss = 0.006660 MW

Reactive Power Loss =  0.002243 MVAr


-----------------------------------------------------------------------------------------
			Newton Raphson Loadflow Results		
-----------------------------------------------------------------------------------------

| Bus |      V      |   Angle  |     Injection Power      |          Load      |
| No  |      pu     |  Degrees |    MW      |      MVar   |     KW     |  KVar |

-----------------------------------------------------------------------------------------

   1	1.000000    0.000000	0.000000    -0.000000   0.000   0.000
   2	1.000000    -0.000000	-0.060007    -0.059983   60.000   60.000
   3	1.000832    -0.019592	-0.040005    -0.030015   40.000   30.000
   4	1.003212    -0.067508	-0.055003    -0.055121   55.000   55.000
   5	1.008880    -0.188781	-0.030005    -0.030183   30.000   30.000
   6	1.011202    -0.239453	-0.020008    -0.015146   20.000   15.000
   7	1.013545    -0.289090	0.386701    0.355964   0.000   0.000
   8	1.005548    -0.057091	-0.045001    -0.045085   45.000   45.000
   9	0.997923    0.151001	-0.040002    -0.039783   40.000   40.000
  10	0.995247    0.218461	-0.035003    -0.029720   35.000   30.000
  11	0.994393    0.239471	-0.040004    -0.029647   40.000   30.000
  12	0.994195    0.245753	0.000000    0.000000   15.000   15.000
-----------------------------------------------------------------------------------------
Total				0.021663    0.021280       380.000       350.000
-----------------------------------------------------------------------------------------

-----------------------------------------------------------------------------------------
			Line Flow Result		
-----------------------------------------------------------------------------------------
| From Bus | To Bus |    P (MW)    |    Q (MVAr)     |
-----------------------------------------------------------------------------------------
      1	    2		-0.000000	0.000000j	
      2	    1		0.000000	-0.000000j	
      2	    3		0.060007	0.059983j	
      3	    2		-0.060078	-0.060012j	
      3	    4		0.100083	0.090000j	
      4	    3		-0.100396	-0.090130j	
      4	    5		0.155399	0.145122j	
      5	    4		-0.156583	-0.145616j	
      5	    6		0.186588	0.175604j	
      6	    5		-0.187170	-0.175846j	
      6	    7		0.207178	0.190827j	
      7	    6		-0.207821	-0.191095j	
      7	    8		-0.178880	-0.161036j	
      8	    7		0.176828	0.160470j	
      8	    9		-0.131827	-0.115475j	
      9	    8		0.130411	0.115074j	
      9	   10		-0.090409	-0.075079j	
     10	    9		0.090078	0.074985j	
     10	   11		-0.055075	-0.044996j	
     11	   10		0.055011	0.044978j	
     11	   12		-0.015007	-0.014993j	
     12	   11		0.015002	0.014992j	
-----------------------------------------------------------------------------------------

-----------------------------------------------------------------------------------------
			Line Loss 		
-----------------------------------------------------------------------------------------
| From Bus | To Bus |    P (MW)    |    Q (MVAr)     |
-----------------------------------------------------------------------------------------
    2	    1		0.000000	0.000000	
    3	    2		-0.000070	-0.000029	
    4	    3		-0.000313	-0.000130	
    5	    4		-0.001184	-0.000493	
    6	    5		-0.000583	-0.000243	
    7	    6		-0.000643	-0.000267	
    7	    8		-0.002052	-0.000566	
    8	    9		-0.001416	-0.000401	
    9	   10		-0.000331	-0.000094	
   10	   11		-0.000064	-0.000018	
   11	   12		-0.000005	-0.000001	
-----------------------------------------------------------------------------------------
Total			0.006660 MW	0.002243 MVAr
-----------------------------------------------------------------------------------------

#########################################################################################
