
#########################################################################################

Summary :

Minimum voltage in the 12 bus system is at bus no : 12	Voltage magnitude is : 0.966888

Real Power Loss = 0.010451 MW

Reactive Power Loss =  0.003793 MVAr


-----------------------------------------------------------------------------------------
			Newton Raphson Loadflow Results		
-----------------------------------------------------------------------------------------

| Bus |      V      |   Angle  |     Injection Power      |          Load      |
| No  |      pu     |  Degrees |    MW      |      MVar   |     KW     |  KVar |

-----------------------------------------------------------------------------------------

   1	1.000000    0.000000	0.000000    -0.000000   0.000   0.000
   2	1.000000    -0.000000	-0.060007    -0.059983   60.000   60.000
   3	1.000832    -0.019592	-0.040005    -0.030015   40.000   30.000
   4	1.003212    -0.067508	0.390492    0.354596   0.000   0.000
   5	0.992712    0.147798	-0.030005    -0.029832   30.000   30.000
   6	0.989501    0.212639	-0.020008    -0.014831   20.000   15.000
   7	0.986777    0.268952	-0.055005    -0.054462   55.000   55.000
   8	0.978514    0.502657	-0.045001    -0.044182   45.000   45.000
   9	0.970636    0.712013	-0.040001    -0.038958   40.000   40.000
  10	0.967873    0.779762	-0.035003    -0.028994   35.000   30.000
  11	0.966991    0.800848	-0.040004    -0.028817   40.000   30.000
  12	0.966786    0.807188	0.000000    0.000000   15.000   15.000
-----------------------------------------------------------------------------------------
Total				0.025453    0.024522       380.000       350.000
-----------------------------------------------------------------------------------------

-----------------------------------------------------------------------------------------
			Line Flow Result		
-----------------------------------------------------------------------------------------
| From Bus | To Bus |    P (MW)    |    Q (MVAr)     |
-----------------------------------------------------------------------------------------
      1	    2		-0.000000	0.000000j	
      2	    1		0.000000	-0.000000j	
      2	    3		0.060007	0.059983j	
      3	    2		-0.060078	-0.060012j	
      3	    4		0.100083	0.090000j	
      4	    3		-0.100396	-0.090130j	
      4	    5		-0.290096	-0.263550j	
      5	    4		0.286074	0.261873j	
      5	    6		-0.256069	-0.231885j	
      6	    5		0.254975	0.231430j	
      6	    7		-0.234968	-0.216448j	
      7	    6		0.234105	0.216089j	
      7	    8		-0.179100	-0.161100j	
      8	    7		0.176932	0.160502j	
      8	    9		-0.131930	-0.115506j	
      9	    8		0.130433	0.115082j	
      9	   10		-0.090432	-0.075087j	
     10	    9		0.090082	0.074988j	
     10	   11		-0.055079	-0.044998j	
     11	   10		0.055011	0.044979j	
     11	   12		-0.015007	-0.014993j	
     12	   11		0.015002	0.014992j	
-----------------------------------------------------------------------------------------

-----------------------------------------------------------------------------------------
			Line Loss 		
-----------------------------------------------------------------------------------------
| From Bus | To Bus |    P (MW)    |    Q (MVAr)     |
-----------------------------------------------------------------------------------------
    2	    1		0.000000	0.000000	
    3	    2		-0.000070	-0.000029	
    4	    3		-0.000313	-0.000130	
    4	    5		-0.004021	-0.001676	
    5	    6		-0.001094	-0.000455	
    6	    7		-0.000863	-0.000359	
    7	    8		-0.002169	-0.000598	
    8	    9		-0.001497	-0.000424	
    9	   10		-0.000350	-0.000099	
   10	   11		-0.000068	-0.000019	
   11	   12		-0.000005	-0.000001	
-----------------------------------------------------------------------------------------
Total			0.010451 MW	0.003793 MVAr
-----------------------------------------------------------------------------------------

#########################################################################################
