
#########################################################################################

Summary :

Minimum voltage in the 12 bus system is at bus no : 0	Voltage magnitude is : 1.000000

Real Power Loss = 0.024134 MW

Reactive Power Loss =  0.007170 MVAr


-----------------------------------------------------------------------------------------
			Newton Raphson Loadflow Results		
-----------------------------------------------------------------------------------------

| Bus |      V      |   Angle  |     Injection Power      |          Load      |
| No  |      pu     |  Degrees |    MW      |      MVar   |     KW     |  KVar |

-----------------------------------------------------------------------------------------

   1	1.000000    0.000000	0.000000    -0.000000   0.000   0.000
   2	1.000000    0.000000	-0.060007    -0.059983   60.000   60.000
   3	1.000832    -0.019592	-0.040005    -0.030015   40.000   30.000
   4	1.003212    -0.067508	-0.055003    -0.055121   55.000   55.000
   5	1.008880    -0.188781	-0.030005    -0.030183   30.000   30.000
   6	1.011202    -0.239453	-0.020008    -0.015146   20.000   15.000
   7	1.013545    -0.289090	-0.055005    -0.055533   55.000   55.000
   8	1.025388    -0.649479	-0.045001    -0.045979   45.000   45.000
   9	1.043253    -1.192078	-0.040002    -0.041557   40.000   40.000
  10	1.053565    -1.508954	-0.035003    -0.031700   35.000   30.000
  11	1.059476    -1.689446	0.419176    0.404781   0.000   0.000
  12	1.059293    -1.683214	0.000000    0.000000   15.000   15.000
-----------------------------------------------------------------------------------------
Total				0.039137    0.039564       395.000       375.000
-----------------------------------------------------------------------------------------

-----------------------------------------------------------------------------------------
			Line Flow Result		
-----------------------------------------------------------------------------------------
| From Bus | To Bus |    P (MW)    |    Q (MVAr)     |
-----------------------------------------------------------------------------------------
      1	    2		0.000000	-0.000000j	
      2	    1		-0.000000	0.000000j	
      2	    3		0.060007	0.059983j	
      3	    2		-0.060078	-0.060012j	
      3	    4		0.100083	0.090000j	
      4	    3		-0.100396	-0.090130j	
      4	    5		0.155399	0.145122j	
      5	    4		-0.156583	-0.145616j	
      5	    6		0.186588	0.175604j	
      6	    5		-0.187170	-0.175846j	
      6	    7		0.207178	0.190827j	
      7	    6		-0.207821	-0.191095j	
      7	    8		0.262826	0.246082j	
      8	    7		-0.267417	-0.247350j	
      8	    9		0.312419	0.292345j	
      9	    8		-0.320536	-0.294643j	
      9	   10		0.360538	0.334637j	
     10	    9		-0.365846	-0.336139j	
     10	   11		0.400849	0.366128j	
     11	   10		-0.404170	-0.367066j	
     11	   12		-0.015007	-0.014992j	
     12	   11		0.015003	0.014990j	
-----------------------------------------------------------------------------------------

-----------------------------------------------------------------------------------------
			Line Loss 		
-----------------------------------------------------------------------------------------
| From Bus | To Bus |    P (MW)    |    Q (MVAr)     |
-----------------------------------------------------------------------------------------
    2	    1		0.000000	0.000000	
    3	    2		-0.000070	-0.000029	
    4	    3		-0.000313	-0.000130	
    5	    4		-0.001184	-0.000493	
    6	    5		-0.000583	-0.000243	
    7	    6		-0.000643	-0.000267	
    8	    7		-0.004592	-0.001267	
    9	    8		-0.008118	-0.002298	
   10	    9		-0.005308	-0.001502	
   11	   10		-0.003320	-0.000939	
   11	   12		-0.000004	-0.000001	
-----------------------------------------------------------------------------------------
Total			0.024134 MW	0.007170 MVAr
-----------------------------------------------------------------------------------------

#########################################################################################
