
#########################################################################################

Summary :

Minimum voltage in the 12 bus system is at bus no : 12	Voltage magnitude is : 0.943355

Real Power Loss = 0.020710 MW

Reactive Power Loss =  0.008040 MVAr


-----------------------------------------------------------------------------------------
			Newton Raphson Loadflow Results		
-----------------------------------------------------------------------------------------

| Bus |      V      |   Angle  |     Injection Power      |          Load      |
| No  |      pu     |  Degrees |    MW      |      MVar   |     KW     |  KVar |

-----------------------------------------------------------------------------------------

   1	1.000000    0.000000	0.455753    0.412924   0.000   0.000
   2	0.994330    0.115519	-0.060007    -0.059739   60.000   60.000
   3	0.989023    0.220807	-0.040005    -0.029675   40.000   30.000
   4	0.980554    0.394159	-0.055003    -0.054215   55.000   55.000
   5	0.969765    0.609344	-0.030005    -0.029324   30.000   30.000
   6	0.966465    0.674123	-0.020007    -0.014491   20.000   15.000
   7	0.963666    0.730412	-0.055004    -0.053515   55.000   55.000
   8	0.955161    0.965588	-0.045001    -0.043381   45.000   45.000
   9	0.947055    1.176019	-0.040001    -0.038224   40.000   40.000
  10	0.944212    1.244004	-0.035003    -0.028350   35.000   30.000
  11	0.943305    1.265153	-0.040004    -0.028082   40.000   30.000
  12	0.943094    1.271543	0.000000    0.000000   15.000   15.000
-----------------------------------------------------------------------------------------
Total				0.035712    0.033928       435.000       405.000
-----------------------------------------------------------------------------------------

-----------------------------------------------------------------------------------------
			Line Flow Result		
-----------------------------------------------------------------------------------------
| From Bus | To Bus |    P (MW)    |    Q (MVAr)     |
-----------------------------------------------------------------------------------------
      1	    2		-0.455753	-0.412924j	
      2	    1		0.452336	0.411502j	
      2	    3		-0.392329	-0.351519j	
      3	    2		0.389583	0.350373j	
      3	    4		-0.349578	-0.320385j	
      4	    3		0.345598	0.318727j	
      4	    5		-0.290595	-0.263734j	
      5	    4		0.286375	0.261975j	
      5	    6		-0.256370	-0.231986j	
      6	    5		0.255222	0.231508j	
      6	    7		-0.235215	-0.216526j	
      7	    6		0.234309	0.216149j	
      7	    8		-0.179305	-0.161160j	
      8	    7		0.177028	0.160531j	
      8	    9		-0.132027	-0.115535j	
      9	    8		0.130454	0.115090j	
      9	   10		-0.090453	-0.075095j	
     10	    9		0.090085	0.074991j	
     10	   11		-0.055082	-0.045000j	
     11	   10		0.055011	0.044980j	
     11	   12		-0.015007	-0.014994j	
     12	   11		0.015002	0.014992j	
-----------------------------------------------------------------------------------------

-----------------------------------------------------------------------------------------
			Line Loss 		
-----------------------------------------------------------------------------------------
| From Bus | To Bus |    P (MW)    |    Q (MVAr)     |
-----------------------------------------------------------------------------------------
    1	    2		-0.003416	-0.001422	
    2	    3		-0.002746	-0.001146	
    3	    4		-0.003980	-0.001658	
    4	    5		-0.004220	-0.001759	
    5	    6		-0.001148	-0.000478	
    6	    7		-0.000906	-0.000377	
    7	    8		-0.002277	-0.000628	
    8	    9		-0.001573	-0.000445	
    9	   10		-0.000368	-0.000104	
   10	   11		-0.000071	-0.000020	
   11	   12		-0.000005	-0.000001	
-----------------------------------------------------------------------------------------
Total			0.020710 MW	0.008040 MVAr
-----------------------------------------------------------------------------------------

#########################################################################################
